#
# There is insufficient memory for the Java Runtime Environment to continue.
# Native memory allocation (malloc) failed to allocate 824496 bytes for Chunk::new
# Possible reasons:
#   The system is out of physical RAM or swap space
#   In 32 bit mode, the process size limit was hit
# Possible solutions:
#   Reduce memory load on the system
#   Increase physical memory or swap space
#   Check if swap backing store is full
#   Use 64 bit Java on a 64 bit OS
#   Decrease Java heap size (-Xmx/-Xms)
#   Decrease number of Java threads
#   Decrease Java thread stack sizes (-Xss)
#   Set larger code cache with -XX:ReservedCodeCacheSize=
# This output file may be truncated or incomplete.
#
#  Out of Memory Error (allocation.cpp:390), pid=9328, tid=0x0000000000002a2c
#
# JRE version: Java(TM) SE Runtime Environment (8.0_131-b11) (build 1.8.0_131-b11)
# Java VM: Java HotSpot(TM) 64-Bit Server VM (25.131-b11 mixed mode windows-amd64 compressed oops)
# Failed to write core dump. Minidumps are not enabled by default on client versions of Windows
#

---------------  T H R E A D  ---------------

Current thread (0x00000000151ef800):  JavaThread "C2 CompilerThread0" daemon [_thread_in_native, id=10796, stack(0x0000000016880000,0x0000000016980000)]

Stack: [0x0000000016880000,0x0000000016980000]
[error occurred during error reporting (printing stack bounds), id 0xc0000005]

Native frames: (J=compiled Java code, j=interpreted, Vv=VM code, C=native code)


Current CompileTask:
C2:  20644  359       4       org.antlr.v4.runtime.atn.LexerATNSimulator::closure (298 bytes)


---------------  P R O C E S S  ---------------

Java Threads: ( => current thread )
  0x0000000016bd4800 JavaThread "ReaderThread" [_thread_in_native, id=10668, stack(0x00000000172f0000,0x00000000173f0000)]
  0x0000000016a86000 JavaThread "Service Thread" daemon [_thread_blocked, id=11676, stack(0x0000000016f80000,0x0000000017080000)]
  0x0000000016a80800 JavaThread "C1 CompilerThread2" daemon [_thread_blocked, id=11596, stack(0x0000000016e80000,0x0000000016f80000)]
  0x000000001524c000 JavaThread "C2 CompilerThread1" daemon [_thread_blocked, id=7680, stack(0x0000000016980000,0x0000000016a80000)]
=>0x00000000151ef800 JavaThread "C2 CompilerThread0" daemon [_thread_in_native, id=10796, stack(0x0000000016880000,0x0000000016980000)]
  0x00000000151ed800 JavaThread "Attach Listener" daemon [_thread_blocked, id=11484, stack(0x0000000016780000,0x0000000016880000)]
  0x00000000151ea000 JavaThread "Signal Dispatcher" daemon [_thread_blocked, id=11496, stack(0x0000000016680000,0x0000000016780000)]
  0x0000000002bcb000 JavaThread "Finalizer" daemon [_thread_blocked, id=11612, stack(0x0000000016460000,0x0000000016560000)]
  0x0000000002bc0000 JavaThread "Reference Handler" daemon [_thread_blocked, id=10028, stack(0x0000000016360000,0x0000000016460000)]
  0x00000000028cd800 JavaThread "main" [_thread_in_native, id=2732, stack(0x00000000028d0000,0x00000000029d0000)]

Other Threads:
  0x00000000151b7800 VMThread [stack: 0x0000000016260000,0x0000000016360000] [id=9788]
  0x0000000016a9b000 WatcherThread [stack: 0x00000000171f0000,0x00000000172f0000] [id=11916]

VM state:not at safepoint (normal execution)

VM Mutex/Monitor currently owned by a thread: None

Heap:
 PSYoungGen      total 18944K, used 10414K [0x00000000eb100000, 0x00000000ec600000, 0x0000000100000000)
  eden space 16384K, 63% used [0x00000000eb100000,0x00000000ebb2b998,0x00000000ec100000)
  from space 2560K, 0% used [0x00000000ec380000,0x00000000ec380000,0x00000000ec600000)
  to   space 2560K, 0% used [0x00000000ec100000,0x00000000ec100000,0x00000000ec380000)
 ParOldGen       total 44032K, used 0K [0x00000000c1200000, 0x00000000c3d00000, 0x00000000eb100000)
  object space 44032K, 0% used [0x00000000c1200000,0x00000000c1200000,0x00000000c3d00000)
 Metaspace       used 5134K, capacity 6036K, committed 6400K, reserved 1056768K
  class space    used 620K, capacity 656K, committed 768K, reserved 1048576K

Card table byte_map: [0x0000000011f90000,0x0000000012190000] byte_map_base: 0x0000000011987000

Marking Bits: (ParMarkBitMap*) 0x0000000061c7c720
 Begin Bits: [0x00000000126e0000, 0x0000000013698000)
 End Bits:   [0x0000000013698000, 0x0000000014650000)

Polling page: 0x0000000000f50000

CodeCache: size=245760Kb used=2224Kb max_used=2236Kb free=243535Kb
 bounds [0x0000000002bd0000, 0x0000000002e40000, 0x0000000011bd0000]
 total_blobs=758 nmethods=485 adapters=186
 compilation: enabled

Compilation events (10 events):
Event: 20.275 Thread 0x0000000016a80800  482       3       org.antlr.v4.runtime.ParserRuleContext::getChildCount (21 bytes)
Event: 20.275 Thread 0x0000000016a80800 nmethod 482 0x0000000002dfad50 code [0x0000000002dfaec0, 0x0000000002dfb148]
Event: 20.275 Thread 0x0000000016a80800  483       3       org.antlr.v4.runtime.ParserRuleContext::getChild (42 bytes)
Event: 20.276 Thread 0x0000000016a80800 nmethod 483 0x0000000002dfa5d0 code [0x0000000002dfa760, 0x0000000002dfac18]
Event: 20.276 Thread 0x0000000016a80800  484       3       org.antlr.v4.runtime.tree.ParseTreeWalker::walk (91 bytes)
Event: 20.277 Thread 0x0000000016a80800 nmethod 484 0x0000000002dfcb90 code [0x0000000002dfce00, 0x0000000002dfe1e8]
Event: 20.277 Thread 0x0000000016a80800  485       3       org.antlr.v4.runtime.RuleContext::getRuleContext (2 bytes)
Event: 20.277 Thread 0x0000000016a80800 nmethod 485 0x0000000002dfa290 code [0x0000000002dfa3e0, 0x0000000002dfa530]
Event: 20.278 Thread 0x000000001524c000  486       4       java.util.Arrays::copyOfRange (63 bytes)
Event: 20.281 Thread 0x000000001524c000 nmethod 486 0x0000000002e001d0 code [0x0000000002e00320, 0x0000000002e00538]

GC Heap History (0 events):
No events

Deoptimization events (1 events):
Event: 20.074 Thread 0x00000000028cd800 Uncommon trap: reason=unstable_if action=reinterpret pc=0x0000000002de231c method=org.antlr.v4.runtime.ANTLRInputStream.LA(I)I @ 38

Internal exceptions (6 events):
Event: 0.244 Thread 0x00000000028cd800 Exception <a 'java/lang/NoSuchMethodError': Method sun.misc.Unsafe.defineClass(Ljava/lang/String;[BII)Ljava/lang/Class; name or signature does not match> (0x00000000eb107ca8) thrown at [C:\re\workspace\8-2-build-windows-amd64-cygwin\jdk8u131\8869\hotspot\
Event: 0.244 Thread 0x00000000028cd800 Exception <a 'java/lang/NoSuchMethodError': Method sun.misc.Unsafe.prefetchRead(Ljava/lang/Object;J)V name or signature does not match> (0x00000000eb107f90) thrown at [C:\re\workspace\8-2-build-windows-amd64-cygwin\jdk8u131\8869\hotspot\src\share\vm\prims
Event: 0.730 Thread 0x00000000028cd800 Exception <a 'java/io/FileNotFoundException'> (0x00000000eb164078) thrown at [C:\re\workspace\8-2-build-windows-amd64-cygwin\jdk8u131\8869\hotspot\src\share\vm\prims\jni.cpp, line 709]
Event: 4.028 Thread 0x00000000028cd800 Exception <a 'java/net/ConnectException': Connection refused: connect> (0x00000000eb272810) thrown at [C:\re\workspace\8-2-build-windows-amd64-cygwin\jdk8u131\8869\hotspot\src\share\vm\prims\jni.cpp, line 735]
Event: 7.077 Thread 0x00000000028cd800 Exception <a 'java/net/ConnectException': Connection refused: connect> (0x00000000eb273310) thrown at [C:\re\workspace\8-2-build-windows-amd64-cygwin\jdk8u131\8869\hotspot\src\share\vm\prims\jni.cpp, line 735]
Event: 10.230 Thread 0x00000000028cd800 Exception <a 'java/net/ConnectException': Connection refused: connect> (0x00000000eb273c08) thrown at [C:\re\workspace\8-2-build-windows-amd64-cygwin\jdk8u131\8869\hotspot\src\share\vm\prims\jni.cpp, line 735]

Events (10 events):
Event: 20.154 loading class edu/kit/aquaplanning/model/lifted/Predicate
Event: 20.154 loading class edu/kit/aquaplanning/model/lifted/Predicate done
Event: 20.277 loading class edu/kit/aquaplanning/model/lifted/Operator
Event: 20.277 loading class edu/kit/aquaplanning/model/lifted/Operator done
Event: 20.285 loading class edu/kit/aquaplanning/model/lifted/Argument
Event: 20.285 loading class edu/kit/aquaplanning/model/lifted/Argument done
Event: 20.288 loading class edu/kit/aquaplanning/model/lifted/condition/AbstractCondition$ConditionType
Event: 20.288 loading class edu/kit/aquaplanning/model/lifted/condition/AbstractCondition$ConditionType done
Event: 20.376 loading class edu/kit/aquaplanning/parsing/ProblemParser$1
Event: 20.376 loading class edu/kit/aquaplanning/parsing/ProblemParser$1 done


Dynamic libraries:
0x00007ff7f22d0000 - 0x00007ff7f2307000 	C:\Program Files\Java\jre1.8.0_131\bin\javaw.exe
0x00007ffa96d80000 - 0x00007ffa96f61000 	C:\WINDOWS\SYSTEM32\ntdll.dll
0x00007ffa96c30000 - 0x00007ffa96ce1000 	C:\WINDOWS\System32\KERNEL32.DLL
0x00007ffa93e30000 - 0x00007ffa940a3000 	C:\WINDOWS\System32\KERNELBASE.dll
0x00007ffa94600000 - 0x00007ffa946a1000 	C:\WINDOWS\System32\ADVAPI32.dll
0x00007ffa94ad0000 - 0x00007ffa94b6e000 	C:\WINDOWS\System32\msvcrt.dll
0x00007ffa945a0000 - 0x00007ffa945fb000 	C:\WINDOWS\System32\sechost.dll
0x00007ffa96b00000 - 0x00007ffa96c24000 	C:\WINDOWS\System32\RPCRT4.dll
0x00007ffa946b0000 - 0x00007ffa94840000 	C:\WINDOWS\System32\USER32.dll
0x00007ffa93700000 - 0x00007ffa93720000 	C:\WINDOWS\System32\win32u.dll
0x00007ffa94210000 - 0x00007ffa94238000 	C:\WINDOWS\System32\GDI32.dll
0x00007ffa93250000 - 0x00007ffa933e2000 	C:\WINDOWS\System32\gdi32full.dll
0x00007ffa933f0000 - 0x00007ffa9348f000 	C:\WINDOWS\System32\msvcp_win.dll
0x00007ffa94110000 - 0x00007ffa94208000 	C:\WINDOWS\System32\ucrtbase.dll
0x00007ffa842a0000 - 0x00007ffa84509000 	C:\WINDOWS\WinSxS\amd64_microsoft.windows.common-controls_6595b64144ccf1df_6.0.17134.706_none_fb43a2cb30647007\COMCTL32.dll
0x00007ffa967d0000 - 0x00007ffa96af2000 	C:\WINDOWS\System32\combase.dll
0x00007ffa93490000 - 0x00007ffa9350a000 	C:\WINDOWS\System32\bcryptPrimitives.dll
0x00007ffa96780000 - 0x00007ffa967ad000 	C:\WINDOWS\System32\IMM32.DLL
0x0000000062380000 - 0x0000000062452000 	C:\Program Files\Java\jre1.8.0_131\bin\msvcr100.dll
0x0000000061460000 - 0x0000000061cfc000 	C:\Program Files\Java\jre1.8.0_131\bin\server\jvm.dll
0x00007ffa964a0000 - 0x00007ffa964a8000 	C:\WINDOWS\System32\PSAPI.DLL
0x00007ffa7d3f0000 - 0x00007ffa7d3f9000 	C:\WINDOWS\SYSTEM32\WSOCK32.dll
0x00007ffa96580000 - 0x00007ffa965ec000 	C:\WINDOWS\System32\WS2_32.dll
0x00007ffa8fec0000 - 0x00007ffa8fee3000 	C:\WINDOWS\SYSTEM32\WINMM.dll
0x00007ffa7d420000 - 0x00007ffa7d42a000 	C:\WINDOWS\SYSTEM32\VERSION.dll
0x00007ffa8fe90000 - 0x00007ffa8feba000 	C:\WINDOWS\SYSTEM32\WINMMBASE.dll
0x00007ffa93150000 - 0x00007ffa93199000 	C:\WINDOWS\System32\cfgmgr32.dll
0x0000000061450000 - 0x000000006145f000 	C:\Program Files\Java\jre1.8.0_131\bin\verify.dll
0x0000000061420000 - 0x0000000061449000 	C:\Program Files\Java\jre1.8.0_131\bin\java.dll
0x0000000061400000 - 0x0000000061416000 	C:\Program Files\Java\jre1.8.0_131\bin\zip.dll
0x00007ffa94b70000 - 0x00007ffa95fb0000 	C:\WINDOWS\System32\SHELL32.dll
0x00007ffa94840000 - 0x00007ffa948e9000 	C:\WINDOWS\System32\shcore.dll
0x00007ffa93720000 - 0x00007ffa93e2d000 	C:\WINDOWS\System32\windows.storage.dll
0x00007ffa96cf0000 - 0x00007ffa96d41000 	C:\WINDOWS\System32\shlwapi.dll
0x00007ffa93130000 - 0x00007ffa93141000 	C:\WINDOWS\System32\kernel.appcore.dll
0x00007ffa930b0000 - 0x00007ffa930cf000 	C:\WINDOWS\System32\profapi.dll
0x00007ffa930d0000 - 0x00007ffa9311c000 	C:\WINDOWS\System32\powrprof.dll
0x00007ffa93120000 - 0x00007ffa9312a000 	C:\WINDOWS\System32\FLTLIB.DLL
0x00000000613e0000 - 0x00000000613fa000 	C:\Program Files\Java\jre1.8.0_131\bin\net.dll
0x00007ffa92910000 - 0x00007ffa92976000 	C:\WINDOWS\system32\mswsock.dll

VM Arguments:
jvm_args: -ea -Dfile.encoding=Cp1252 
java_command: org.eclipse.jdt.internal.junit.runner.RemoteTestRunner -version 3 -port 49897 -testLoaderClass org.eclipse.jdt.internal.junit.runner.junit3.JUnit3TestLoader -loaderpluginname org.eclipse.jdt.junit.runtime -classNames edu.kit.aquaplanning.aquaplanning.TestParallelPlanning
java_class_path (initial): C:\Users\jpvdh\Documents\Bachelorarbeit\aquaplanning\target\test-classes;C:\Users\jpvdh\Documents\Bachelorarbeit\aquaplanning\target\classes;C:\Users\jpvdh\Documents\Bachelorarbeit\aquaplanning\lib;C:\Users\jpvdh\.m2\repository\junit\junit\3.8.1\junit-3.8.1.jar;C:\Users\jpvdh\.m2\repository\org\antlr\antlr4\4.7\antlr4-4.7.jar;C:\Users\jpvdh\.m2\repository\org\antlr\antlr4-runtime\4.7\antlr4-runtime-4.7.jar;C:\Users\jpvdh\.m2\repository\org\antlr\antlr-runtime\3.5.2\antlr-runtime-3.5.2.jar;C:\Users\jpvdh\.m2\repository\org\antlr\ST4\4.0.8\ST4-4.0.8.jar;C:\Users\jpvdh\.m2\repository\org\abego\treelayout\org.abego.treelayout.core\1.0.3\org.abego.treelayout.core-1.0.3.jar;C:\Users\jpvdh\.m2\repository\org\glassfish\javax.json\1.0.4\javax.json-1.0.4.jar;C:\Users\jpvdh\.m2\repository\com\ibm\icu\icu4j\58.2\icu4j-58.2.jar;C:\Users\jpvdh\.m2\repository\org\sat4j\org.sat4j.core\2.3.1\org.sat4j.core-2.3.1.jar;C:\Users\jpvdh\.m2\repository\info\picocli\picocli\3.8.0\picocli-3.8.0.jar;C:\Users\jpvdh\eclipse\java-oxygen\eclipse\configuration\org.eclipse.osgi\229\0\.cp
Launcher Type: SUN_STANDARD

Environment Variables:
PATH=C:/Program Files/Java/jre1.8.0_131/bin/server;C:/Program Files/Java/jre1.8.0_131/bin;C:/Program Files/Java/jre1.8.0_131/lib/amd64;C:\Program Files\Haskell\bin;C:\Program Files\Haskell Platform\8.4.3\lib\extralibs\bin;C:\Program Files\Haskell Platform\8.4.3\bin;C:\Program Files\Python36\Scripts\;C:\Program Files\Python36\;C:\ProgramData\Oracle\Java\javapath;C:\WINDOWS\system32;C:\WINDOWS;C:\WINDOWS\System32\Wbem;C:\WINDOWS\System32\WindowsPowerShell\v1.0\;C:\Program Files\Java\jdk1.8.0_121\bin;C:\Program Files\Java\jre1.8.0_121\bin;C:\Program Files\MiKTeX 2.9\miktex\bin\x64\;C:\Program Files\Chrome Driver\;C:\WINDOWS\System32\OpenSSH\;C:\Program Files\Microsoft VS Code\bin;C:\Program Files\Haskell Platform\8.4.3\mingw\bin;C:\Users\jpvdh\AppData\Roaming\cabal\bin;C:\Users\jpvdh\AppData\Roaming\local\bin;C:\Users\jpvdh\AppData\Local\Microsoft\WindowsApps;C:\Users\jpvdh\AppData\Local\atom\bin;C:\Users\jpvdh\AppData\Local\Microsoft\WindowsApps;C:\Program Files\Microsoft VS Code\bin;C:\Users\jpvdh\eclipse\java-oxygen\eclipse;
USERNAME=jpvdh
OS=Windows_NT
PROCESSOR_IDENTIFIER=Intel64 Family 6 Model 78 Stepping 3, GenuineIntel



---------------  S Y S T E M  ---------------

OS: Windows 10.0 , 64 bit Build 17134 (10.0.17134.706)

CPU:total 4 (initial active 4) (2 cores per cpu, 2 threads per core) family 6 model 78 stepping 3, cmov, cx8, fxsr, mmx, sse, sse2, sse3, ssse3, sse4.1, sse4.2, popcnt, avx, avx2, aes, clmul, erms, 3dnowpref, lzcnt, ht, tsc, tscinvbit, bmi1, bmi2, adx

Memory: 4k page, physical 4117772k(619472k free), swap 5549324k(4384k free)

vm_info: Java HotSpot(TM) 64-Bit Server VM (25.131-b11) for windows-amd64 JRE (1.8.0_131-b11), built on Mar 15 2017 01:23:53 by "java_re" with MS VC++ 10.0 (VS2010)

time: Mon May 06 15:04:24 2019
elapsed time: 20 seconds (0d 0h 0m 20s)

