#
# There is insufficient memory for the Java Runtime Environment to continue.
# Native memory allocation (malloc) failed to allocate 1152576 bytes for Chunk::new
# Possible reasons:
#   The system is out of physical RAM or swap space
#   In 32 bit mode, the process size limit was hit
# Possible solutions:
#   Reduce memory load on the system
#   Increase physical memory or swap space
#   Check if swap backing store is full
#   Use 64 bit Java on a 64 bit OS
#   Decrease Java heap size (-Xmx/-Xms)
#   Decrease number of Java threads
#   Decrease Java thread stack sizes (-Xss)
#   Set larger code cache with -XX:ReservedCodeCacheSize=
# This output file may be truncated or incomplete.
#
#  Out of Memory Error (allocation.cpp:390), pid=8040, tid=0x0000000000001e3c
#
# JRE version: Java(TM) SE Runtime Environment (8.0_131-b11) (build 1.8.0_131-b11)
# Java VM: Java HotSpot(TM) 64-Bit Server VM (25.131-b11 mixed mode windows-amd64 compressed oops)
# Failed to write core dump. Minidumps are not enabled by default on client versions of Windows
#

---------------  T H R E A D  ---------------

Current thread (0x0000000015461800):  JavaThread "C2 CompilerThread1" daemon [_thread_in_native, id=7740, stack(0x0000000016bd0000,0x0000000016cd0000)]

Stack: [0x0000000016bd0000,0x0000000016cd0000]
[error occurred during error reporting (printing stack bounds), id 0xc0000005]

Native frames: (J=compiled Java code, j=interpreted, Vv=VM code, C=native code)


Current CompileTask:
C2:   4660 1422 %     4       edu.kit.aquaplanning.grounding.datastructures.OperatorIndex::getRelaxedApplicableLiftedActions @ 442 (1551 bytes)


---------------  P R O C E S S  ---------------

Java Threads: ( => current thread )
  0x0000000017665000 JavaThread "Thread-22" [_thread_in_Java, id=4328, stack(0x000000001b730000,0x000000001b830000)]
  0x0000000017664000 JavaThread "Thread-21" [_thread_in_Java, id=3092, stack(0x000000001b630000,0x000000001b730000)]
  0x000000001766a000 JavaThread "Thread-20" [_thread_in_Java, id=14576, stack(0x000000001b530000,0x000000001b630000)]
  0x0000000016f42000 JavaThread "ReaderThread" [_thread_in_native, id=7212, stack(0x0000000017540000,0x0000000017640000)]
  0x0000000016e09000 JavaThread "Service Thread" daemon [_thread_blocked, id=5760, stack(0x00000000171d0000,0x00000000172d0000)]
  0x0000000015479800 JavaThread "C1 CompilerThread2" daemon [_thread_blocked, id=6252, stack(0x0000000016cd0000,0x0000000016dd0000)]
=>0x0000000015461800 JavaThread "C2 CompilerThread1" daemon [_thread_in_native, id=7740, stack(0x0000000016bd0000,0x0000000016cd0000)]
  0x000000001545e000 JavaThread "C2 CompilerThread0" daemon [_thread_in_native, id=8956, stack(0x0000000016ad0000,0x0000000016bd0000)]
  0x0000000015468800 JavaThread "Attach Listener" daemon [_thread_blocked, id=12884, stack(0x00000000169d0000,0x0000000016ad0000)]
  0x0000000015467000 JavaThread "Signal Dispatcher" daemon [_thread_blocked, id=12852, stack(0x00000000168d0000,0x00000000169d0000)]
  0x000000001544a800 JavaThread "Finalizer" daemon [_thread_blocked, id=11288, stack(0x00000000166b0000,0x00000000167b0000)]
  0x0000000002e33000 JavaThread "Reference Handler" daemon [_thread_blocked, id=9400, stack(0x00000000165b0000,0x00000000166b0000)]
  0x000000000136d800 JavaThread "main" [_thread_blocked, id=6672, stack(0x0000000002c40000,0x0000000002d40000)]

Other Threads:
  0x0000000015427800 VMThread [stack: 0x00000000164b0000,0x00000000165b0000] [id=4168]
  0x0000000016e11800 WatcherThread [stack: 0x0000000017440000,0x0000000017540000] [id=13164]

VM state:not at safepoint (normal execution)

VM Mutex/Monitor currently owned by a thread: None

Heap:
 PSYoungGen      total 213504K, used 118515K [0x00000000eb100000, 0x00000000f8700000, 0x0000000100000000)
  eden space 209408K, 56% used [0x00000000eb100000,0x00000000f23b4e90,0x00000000f7d80000)
  from space 4096K, 25% used [0x00000000f8200000,0x00000000f8308000,0x00000000f8600000)
  to   space 4608K, 0% used [0x00000000f7d80000,0x00000000f7d80000,0x00000000f8200000)
 ParOldGen       total 44032K, used 4574K [0x00000000c1200000, 0x00000000c3d00000, 0x00000000eb100000)
  object space 44032K, 10% used [0x00000000c1200000,0x00000000c1677ac0,0x00000000c3d00000)
 Metaspace       used 7117K, capacity 7362K, committed 7680K, reserved 1056768K
  class space    used 810K, capacity 911K, committed 1024K, reserved 1048576K

Card table byte_map: [0x0000000012200000,0x0000000012400000] byte_map_base: 0x0000000011bf7000

Marking Bits: (ParMarkBitMap*) 0x0000000060ebc720
 Begin Bits: [0x0000000012950000, 0x0000000013908000)
 End Bits:   [0x0000000013908000, 0x00000000148c0000)

Polling page: 0x0000000001310000

CodeCache: size=245760Kb used=5705Kb max_used=5709Kb free=240054Kb
 bounds [0x0000000002e40000, 0x00000000033e0000, 0x0000000011e40000]
 total_blobs=1691 nmethods=1393 adapters=211
 compilation: enabled

Compilation events (10 events):
Event: 3.999 Thread 0x000000001545e000 nmethod 1441 0x00000000033d6cd0 code [0x00000000033d6fc0, 0x00000000033d88f0]
Event: 3.999 Thread 0x000000001545e000 1446 %     4       edu.kit.aquaplanning.planning.cube.heuristic.GenericTrautmann::value @ 110 (687 bytes)
Event: 4.141 Thread 0x0000000015479800 1449 %     3       java.util.BitSet::nextSetBit @ 63 (102 bytes)
Event: 4.143 Thread 0x0000000015479800 nmethod 1449% 0x00000000033a5310 code [0x00000000033a5540, 0x00000000033a6098]
Event: 4.206 Thread 0x0000000015479800 1451       3       java.util.BitSet::nextSetBit (102 bytes)
Event: 4.207 Thread 0x0000000015479800 nmethod 1451 0x00000000033a02d0 code [0x00000000033a04e0, 0x00000000033a0fb8]
Event: 4.412 Thread 0x0000000015479800 1452 %     3       java.util.LinkedList::remove @ 44 (77 bytes)
Event: 4.412 Thread 0x0000000015479800 nmethod 1452% 0x000000000339f9d0 code [0x000000000339fb80, 0x00000000033a00e8]
Event: 4.457 Thread 0x0000000015479800 1453       3       java.util.LinkedList::remove (77 bytes)
Event: 4.457 Thread 0x0000000015479800 nmethod 1453 0x00000000033cb9d0 code [0x00000000033cbb80, 0x00000000033cc088]

GC Heap History (10 events):
Event: 3.171 GC heap before
{Heap before GC invocations=8 (full 0):
 PSYoungGen      total 68608K, used 68603K [0x00000000eb100000, 0x00000000f3900000, 0x0000000100000000)
  eden space 65536K, 100% used [0x00000000eb100000,0x00000000ef100000,0x00000000ef100000)
  from space 3072K, 99% used [0x00000000ef100000,0x00000000ef3fef30,0x00000000ef400000)
  to   space 4096K, 0% used [0x00000000f3500000,0x00000000f3500000,0x00000000f3900000)
 ParOldGen       total 44032K, used 2114K [0x00000000c1200000, 0x00000000c3d00000, 0x00000000eb100000)
  object space 44032K, 4% used [0x00000000c1200000,0x00000000c1410b50,0x00000000c3d00000)
 Metaspace       used 7117K, capacity 7362K, committed 7680K, reserved 1056768K
  class space    used 810K, capacity 911K, committed 1024K, reserved 1048576K
Event: 3.181 GC heap after
Heap after GC invocations=8 (full 0):
 PSYoungGen      total 135168K, used 3163K [0x00000000eb100000, 0x00000000f3900000, 0x0000000100000000)
  eden space 131072K, 0% used [0x00000000eb100000,0x00000000eb100000,0x00000000f3100000)
  from space 4096K, 77% used [0x00000000f3500000,0x00000000f3816f30,0x00000000f3900000)
  to   space 4096K, 0% used [0x00000000f3100000,0x00000000f3100000,0x00000000f3500000)
 ParOldGen       total 44032K, used 2186K [0x00000000c1200000, 0x00000000c3d00000, 0x00000000eb100000)
  object space 44032K, 4% used [0x00000000c1200000,0x00000000c1422b50,0x00000000c3d00000)
 Metaspace       used 7117K, capacity 7362K, committed 7680K, reserved 1056768K
  class space    used 810K, capacity 911K, committed 1024K, reserved 1048576K
}
Event: 3.657 GC heap before
{Heap before GC invocations=9 (full 0):
 PSYoungGen      total 135168K, used 134235K [0x00000000eb100000, 0x00000000f3900000, 0x0000000100000000)
  eden space 131072K, 100% used [0x00000000eb100000,0x00000000f3100000,0x00000000f3100000)
  from space 4096K, 77% used [0x00000000f3500000,0x00000000f3816f30,0x00000000f3900000)
  to   space 4096K, 0% used [0x00000000f3100000,0x00000000f3100000,0x00000000f3500000)
 ParOldGen       total 44032K, used 2186K [0x00000000c1200000, 0x00000000c3d00000, 0x00000000eb100000)
  object space 44032K, 4% used [0x00000000c1200000,0x00000000c1422b50,0x00000000c3d00000)
 Metaspace       used 7117K, capacity 7362K, committed 7680K, reserved 1056768K
  class space    used 810K, capacity 911K, committed 1024K, reserved 1048576K
Event: 3.667 GC heap after
Heap after GC invocations=9 (full 0):
 PSYoungGen      total 135168K, used 2811K [0x00000000eb100000, 0x00000000f8600000, 0x0000000100000000)
  eden space 131072K, 0% used [0x00000000eb100000,0x00000000eb100000,0x00000000f3100000)
  from space 4096K, 68% used [0x00000000f3100000,0x00000000f33bef30,0x00000000f3500000)
  to   space 4096K, 0% used [0x00000000f8200000,0x00000000f8200000,0x00000000f8600000)
 ParOldGen       total 44032K, used 2354K [0x00000000c1200000, 0x00000000c3d00000, 0x00000000eb100000)
  object space 44032K, 5% used [0x00000000c1200000,0x00000000c144cb50,0x00000000c3d00000)
 Metaspace       used 7117K, capacity 7362K, committed 7680K, reserved 1056768K
  class space    used 810K, capacity 911K, committed 1024K, reserved 1048576K
}
Event: 4.048 GC heap before
{Heap before GC invocations=10 (full 0):
 PSYoungGen      total 135168K, used 133883K [0x00000000eb100000, 0x00000000f8600000, 0x0000000100000000)
  eden space 131072K, 100% used [0x00000000eb100000,0x00000000f3100000,0x00000000f3100000)
  from space 4096K, 68% used [0x00000000f3100000,0x00000000f33bef30,0x00000000f3500000)
  to   space 4096K, 0% used [0x00000000f8200000,0x00000000f8200000,0x00000000f8600000)
 ParOldGen       total 44032K, used 2354K [0x00000000c1200000, 0x00000000c3d00000, 0x00000000eb100000)
  object space 44032K, 5% used [0x00000000c1200000,0x00000000c144cb50,0x00000000c3d00000)
 Metaspace       used 7117K, capacity 7362K, committed 7680K, reserved 1056768K
  class space    used 810K, capacity 911K, committed 1024K, reserved 1048576K
Event: 4.054 GC heap after
Heap after GC invocations=10 (full 0):
 PSYoungGen      total 135168K, used 640K [0x00000000eb100000, 0x00000000f8600000, 0x0000000100000000)
  eden space 131072K, 0% used [0x00000000eb100000,0x00000000eb100000,0x00000000f3100000)
  from space 4096K, 15% used [0x00000000f8200000,0x00000000f82a0000,0x00000000f8600000)
  to   space 4096K, 0% used [0x00000000f3100000,0x00000000f3100000,0x00000000f3500000)
 ParOldGen       total 44032K, used 4334K [0x00000000c1200000, 0x00000000c3d00000, 0x00000000eb100000)
  object space 44032K, 9% used [0x00000000c1200000,0x00000000c163bac0,0x00000000c3d00000)
 Metaspace       used 7117K, capacity 7362K, committed 7680K, reserved 1056768K
  class space    used 810K, capacity 911K, committed 1024K, reserved 1048576K
}
Event: 4.267 GC heap before
{Heap before GC invocations=11 (full 0):
 PSYoungGen      total 135168K, used 131712K [0x00000000eb100000, 0x00000000f8600000, 0x0000000100000000)
  eden space 131072K, 100% used [0x00000000eb100000,0x00000000f3100000,0x00000000f3100000)
  from space 4096K, 15% used [0x00000000f8200000,0x00000000f82a0000,0x00000000f8600000)
  to   space 4096K, 0% used [0x00000000f3100000,0x00000000f3100000,0x00000000f3500000)
 ParOldGen       total 44032K, used 4334K [0x00000000c1200000, 0x00000000c3d00000, 0x00000000eb100000)
  object space 44032K, 9% used [0x00000000c1200000,0x00000000c163bac0,0x00000000c3d00000)
 Metaspace       used 7117K, capacity 7362K, committed 7680K, reserved 1056768K
  class space    used 810K, capacity 911K, committed 1024K, reserved 1048576K
Event: 4.273 GC heap after
Heap after GC invocations=11 (full 0):
 PSYoungGen      total 135168K, used 1952K [0x00000000eb100000, 0x00000000f8600000, 0x0000000100000000)
  eden space 131072K, 0% used [0x00000000eb100000,0x00000000eb100000,0x00000000f3100000)
  from space 4096K, 47% used [0x00000000f3100000,0x00000000f32e8000,0x00000000f3500000)
  to   space 4096K, 0% used [0x00000000f8200000,0x00000000f8200000,0x00000000f8600000)
 ParOldGen       total 44032K, used 4350K [0x00000000c1200000, 0x00000000c3d00000, 0x00000000eb100000)
  object space 44032K, 9% used [0x00000000c1200000,0x00000000c163fac0,0x00000000c3d00000)
 Metaspace       used 7117K, capacity 7362K, committed 7680K, reserved 1056768K
  class space    used 810K, capacity 911K, committed 1024K, reserved 1048576K
}
Event: 4.463 GC heap before
{Heap before GC invocations=12 (full 0):
 PSYoungGen      total 135168K, used 133024K [0x00000000eb100000, 0x00000000f8600000, 0x0000000100000000)
  eden space 131072K, 100% used [0x00000000eb100000,0x00000000f3100000,0x00000000f3100000)
  from space 4096K, 47% used [0x00000000f3100000,0x00000000f32e8000,0x00000000f3500000)
  to   space 4096K, 0% used [0x00000000f8200000,0x00000000f8200000,0x00000000f8600000)
 ParOldGen       total 44032K, used 4350K [0x00000000c1200000, 0x00000000c3d00000, 0x00000000eb100000)
  object space 44032K, 9% used [0x00000000c1200000,0x00000000c163fac0,0x00000000c3d00000)
 Metaspace       used 7117K, capacity 7362K, committed 7680K, reserved 1056768K
  class space    used 810K, capacity 911K, committed 1024K, reserved 1048576K
Event: 4.467 GC heap after
Heap after GC invocations=12 (full 0):
 PSYoungGen      total 213504K, used 1056K [0x00000000eb100000, 0x00000000f8700000, 0x0000000100000000)
  eden space 209408K, 0% used [0x00000000eb100000,0x00000000eb100000,0x00000000f7d80000)
  from space 4096K, 25% used [0x00000000f8200000,0x00000000f8308000,0x00000000f8600000)
  to   space 4608K, 0% used [0x00000000f7d80000,0x00000000f7d80000,0x00000000f8200000)
 ParOldGen       total 44032K, used 4574K [0x00000000c1200000, 0x00000000c3d00000, 0x00000000eb100000)
  object space 44032K, 10% used [0x00000000c1200000,0x00000000c1677ac0,0x00000000c3d00000)
 Metaspace       used 7117K, capacity 7362K, committed 7680K, reserved 1056768K
  class space    used 810K, capacity 911K, committed 1024K, reserved 1048576K
}

Deoptimization events (10 events):
Event: 1.964 Thread 0x000000000136d800 Uncommon trap: reason=array_check action=maybe_recompile pc=0x000000000310cdac method=org.antlr.v4.runtime.misc.Array2DHashSet.getOrAddImpl(Ljava/lang/Object;)Ljava/lang/Object; @ 36
Event: 1.964 Thread 0x000000000136d800 Uncommon trap: reason=array_check action=maybe_recompile pc=0x000000000310cdac method=org.antlr.v4.runtime.misc.Array2DHashSet.getOrAddImpl(Ljava/lang/Object;)Ljava/lang/Object; @ 36
Event: 1.964 Thread 0x000000000136d800 Uncommon trap: reason=array_check action=maybe_recompile pc=0x0000000003180330 method=org.antlr.v4.runtime.misc.Array2DHashSet.getOrAddImpl(Ljava/lang/Object;)Ljava/lang/Object; @ 74
Event: 1.964 Thread 0x000000000136d800 Uncommon trap: reason=array_check action=maybe_recompile pc=0x0000000003180330 method=org.antlr.v4.runtime.misc.Array2DHashSet.getOrAddImpl(Ljava/lang/Object;)Ljava/lang/Object; @ 74
Event: 1.969 Thread 0x000000000136d800 Uncommon trap: reason=array_check action=maybe_recompile pc=0x00000000031ee2b0 method=org.antlr.v4.runtime.misc.Array2DHashSet.getOrAddImpl(Ljava/lang/Object;)Ljava/lang/Object; @ 36
Event: 1.999 Thread 0x000000000136d800 Uncommon trap: reason=class_check action=maybe_recompile pc=0x000000000319938c method=java.util.HashMap.putVal(ILjava/lang/Object;Ljava/lang/Object;ZZ)Ljava/lang/Object; @ 203
Event: 2.006 Thread 0x000000000136d800 Uncommon trap: reason=class_check action=maybe_recompile pc=0x000000000319938c method=java.util.HashMap.putVal(ILjava/lang/Object;Ljava/lang/Object;ZZ)Ljava/lang/Object; @ 203
Event: 2.029 Thread 0x000000000136d800 Uncommon trap: reason=class_check action=maybe_recompile pc=0x000000000319938c method=java.util.HashMap.putVal(ILjava/lang/Object;Ljava/lang/Object;ZZ)Ljava/lang/Object; @ 203
Event: 2.035 Thread 0x000000000136d800 Uncommon trap: reason=class_check action=maybe_recompile pc=0x000000000319938c method=java.util.HashMap.putVal(ILjava/lang/Object;Ljava/lang/Object;ZZ)Ljava/lang/Object; @ 203
Event: 2.458 Thread 0x000000000136d800 Uncommon trap: reason=bimorphic action=maybe_recompile pc=0x00000000032e7744 method=java.util.HashMap.putVal(ILjava/lang/Object;Ljava/lang/Object;ZZ)Ljava/lang/Object; @ 91

Internal exceptions (7 events):
Event: 0.053 Thread 0x000000000136d800 Exception <a 'java/lang/NoSuchMethodError': Method sun.misc.Unsafe.defineClass(Ljava/lang/String;[BII)Ljava/lang/Class; name or signature does not match> (0x00000000eb107ca8) thrown at [C:\re\workspace\8-2-build-windows-amd64-cygwin\jdk8u131\8869\hotspot\
Event: 0.053 Thread 0x000000000136d800 Exception <a 'java/lang/NoSuchMethodError': Method sun.misc.Unsafe.prefetchRead(Ljava/lang/Object;J)V name or signature does not match> (0x00000000eb107f90) thrown at [C:\re\workspace\8-2-build-windows-amd64-cygwin\jdk8u131\8869\hotspot\src\share\vm\prims
Event: 0.141 Thread 0x000000000136d800 Exception <a 'java/io/FileNotFoundException'> (0x00000000eb162e48) thrown at [C:\re\workspace\8-2-build-windows-amd64-cygwin\jdk8u131\8869\hotspot\src\share\vm\prims\jni.cpp, line 709]
Event: 0.563 Thread 0x000000000136d800 Exception <a 'java/lang/reflect/InvocationTargetException'> (0x00000000eb3685f8) thrown at [C:\re\workspace\8-2-build-windows-amd64-cygwin\jdk8u131\8869\hotspot\src\share\vm\runtime\reflection.cpp, line 1092]
Event: 0.577 Thread 0x000000000136d800 Exception <a 'java/lang/reflect/InvocationTargetException'> (0x00000000eb3800b0) thrown at [C:\re\workspace\8-2-build-windows-amd64-cygwin\jdk8u131\8869\hotspot\src\share\vm\runtime\reflection.cpp, line 1092]
Event: 1.276 Thread 0x000000000136d800 Exception <a 'java/lang/NoSuchFieldError': method resolution failed> (0x00000000ebc0d938) thrown at [C:\re\workspace\8-2-build-windows-amd64-cygwin\jdk8u131\8869\hotspot\src\share\vm\prims\methodHandles.cpp, line 1146]
Event: 1.278 Thread 0x000000000136d800 Exception <a 'java/lang/NoSuchFieldError': method resolution failed> (0x00000000ebc1aff8) thrown at [C:\re\workspace\8-2-build-windows-amd64-cygwin\jdk8u131\8869\hotspot\src\share\vm\prims\methodHandles.cpp, line 1146]

Events (10 events):
Event: 4.424 Thread 0x000000001766a000 DEOPT PACKING pc=0x00000000031cbaf3 sp=0x000000001b62f090
Event: 4.424 Thread 0x000000001766a000 DEOPT UNPACKING pc=0x0000000002e8787f sp=0x000000001b62eef0 mode 0
Event: 4.462 Executing VM operation: ParallelGCFailedAllocation
Event: 4.467 Executing VM operation: ParallelGCFailedAllocation done
Event: 4.499 Thread 0x0000000017665000 DEOPT PACKING pc=0x00000000031cbaf3 sp=0x000000001b82eb20
Event: 4.499 Thread 0x0000000017665000 DEOPT UNPACKING pc=0x0000000002e8787f sp=0x000000001b82e980 mode 0
Event: 4.553 Thread 0x000000001766a000 DEOPT PACKING pc=0x00000000031cbaf3 sp=0x000000001b62f090
Event: 4.553 Thread 0x000000001766a000 DEOPT UNPACKING pc=0x0000000002e8787f sp=0x000000001b62eef0 mode 0
Event: 4.593 Thread 0x0000000017664000 DEOPT PACKING pc=0x00000000031cbaf3 sp=0x000000001b72f200
Event: 4.593 Thread 0x0000000017664000 DEOPT UNPACKING pc=0x0000000002e8787f sp=0x000000001b72f060 mode 0


Dynamic libraries:
0x00007ff76eb10000 - 0x00007ff76eb47000 	C:\Program Files\Java\jre1.8.0_131\bin\javaw.exe
0x00007ff8f3460000 - 0x00007ff8f3641000 	C:\WINDOWS\SYSTEM32\ntdll.dll
0x00007ff8f2760000 - 0x00007ff8f2811000 	C:\WINDOWS\System32\KERNEL32.DLL
0x00007ff8efe30000 - 0x00007ff8f00a3000 	C:\WINDOWS\System32\KERNELBASE.dll
0x00007ff8f2940000 - 0x00007ff8f29e1000 	C:\WINDOWS\System32\ADVAPI32.dll
0x00007ff8f3230000 - 0x00007ff8f32ce000 	C:\WINDOWS\System32\msvcrt.dll
0x00007ff8f28e0000 - 0x00007ff8f293b000 	C:\WINDOWS\System32\sechost.dll
0x00007ff8f2a80000 - 0x00007ff8f2ba4000 	C:\WINDOWS\System32\RPCRT4.dll
0x00007ff8f25d0000 - 0x00007ff8f2760000 	C:\WINDOWS\System32\USER32.dll
0x00007ff8ef930000 - 0x00007ff8ef950000 	C:\WINDOWS\System32\win32u.dll
0x00007ff8f29f0000 - 0x00007ff8f2a18000 	C:\WINDOWS\System32\GDI32.dll
0x00007ff8efbe0000 - 0x00007ff8efd71000 	C:\WINDOWS\System32\gdi32full.dll
0x00007ff8efb40000 - 0x00007ff8efbdf000 	C:\WINDOWS\System32\msvcp_win.dll
0x00007ff8ef830000 - 0x00007ff8ef928000 	C:\WINDOWS\System32\ucrtbase.dll
0x00007ff8e00c0000 - 0x00007ff8e0329000 	C:\WINDOWS\WinSxS\amd64_microsoft.windows.common-controls_6595b64144ccf1df_6.0.17134.829_none_fb46a5473061b9d5\COMCTL32.dll
0x00007ff8f0950000 - 0x00007ff8f0c72000 	C:\WINDOWS\System32\combase.dll
0x00007ff8f0870000 - 0x00007ff8f08ea000 	C:\WINDOWS\System32\bcryptPrimitives.dll
0x00007ff8f2c20000 - 0x00007ff8f2c4d000 	C:\WINDOWS\System32\IMM32.DLL
0x00000000617f0000 - 0x00000000618c2000 	C:\Program Files\Java\jre1.8.0_131\bin\msvcr100.dll
0x00000000606a0000 - 0x0000000060f3c000 	C:\Program Files\Java\jre1.8.0_131\bin\server\jvm.dll
0x00007ff8f23f0000 - 0x00007ff8f23f8000 	C:\WINDOWS\System32\PSAPI.DLL
0x00007ff8d7400000 - 0x00007ff8d7409000 	C:\WINDOWS\SYSTEM32\WSOCK32.dll
0x00007ff8ecfa0000 - 0x00007ff8ecfc3000 	C:\WINDOWS\SYSTEM32\WINMM.dll
0x00007ff8da870000 - 0x00007ff8da87a000 	C:\WINDOWS\SYSTEM32\VERSION.dll
0x00007ff8ecf70000 - 0x00007ff8ecf9a000 	C:\WINDOWS\SYSTEM32\WINMMBASE.dll
0x00007ff8f0110000 - 0x00007ff8f0159000 	C:\WINDOWS\System32\cfgmgr32.dll
0x00000000012a0000 - 0x000000000130c000 	C:\WINDOWS\System32\ws2_32.DLL
0x0000000061a30000 - 0x0000000061a3f000 	C:\Program Files\Java\jre1.8.0_131\bin\verify.dll
0x0000000061990000 - 0x00000000619b9000 	C:\Program Files\Java\jre1.8.0_131\bin\java.dll
0x0000000061970000 - 0x0000000061986000 	C:\Program Files\Java\jre1.8.0_131\bin\zip.dll
0x00007ff8f0e30000 - 0x00007ff8f2270000 	C:\WINDOWS\System32\SHELL32.dll
0x00007ff8f2c50000 - 0x00007ff8f2cf9000 	C:\WINDOWS\System32\shcore.dll
0x00007ff8f0160000 - 0x00007ff8f086d000 	C:\WINDOWS\System32\windows.storage.dll
0x00007ff8f2a20000 - 0x00007ff8f2a71000 	C:\WINDOWS\System32\shlwapi.dll
0x00007ff8ef7c0000 - 0x00007ff8ef7d1000 	C:\WINDOWS\System32\kernel.appcore.dll
0x00007ff8ef7a0000 - 0x00007ff8ef7bf000 	C:\WINDOWS\System32\profapi.dll
0x00007ff8ef7e0000 - 0x00007ff8ef82c000 	C:\WINDOWS\System32\powrprof.dll
0x00007ff8ef790000 - 0x00007ff8ef79a000 	C:\WINDOWS\System32\FLTLIB.DLL
0x0000000061950000 - 0x000000006196a000 	C:\Program Files\Java\jre1.8.0_131\bin\net.dll
0x00007ff8eeff0000 - 0x00007ff8ef056000 	C:\WINDOWS\system32\mswsock.dll

VM Arguments:
jvm_args: -ea -Dfile.encoding=UTF-8 
java_command: org.eclipse.jdt.internal.junit.runner.RemoteTestRunner -version 3 -port 50939 -testLoaderClass org.eclipse.jdt.internal.junit.runner.junit3.JUnit3TestLoader -loaderpluginname org.eclipse.jdt.junit.runtime -classNames edu.kit.aquaplanning.aquaplanning.TestCubeAndConquer
java_class_path (initial): C:\Users\jpvdh\Documents\Bachelorarbeit\aquaplanning\target\test-classes;C:\Users\jpvdh\Documents\Bachelorarbeit\aquaplanning\target\classes;C:\Users\jpvdh\Documents\Bachelorarbeit\aquaplanning\lib;C:\Users\jpvdh\.m2\repository\junit\junit\3.8.1\junit-3.8.1.jar;C:\Users\jpvdh\.m2\repository\org\antlr\antlr4\4.7\antlr4-4.7.jar;C:\Users\jpvdh\.m2\repository\org\antlr\antlr4-runtime\4.7\antlr4-runtime-4.7.jar;C:\Users\jpvdh\.m2\repository\org\antlr\antlr-runtime\3.5.2\antlr-runtime-3.5.2.jar;C:\Users\jpvdh\.m2\repository\org\antlr\ST4\4.0.8\ST4-4.0.8.jar;C:\Users\jpvdh\.m2\repository\org\abego\treelayout\org.abego.treelayout.core\1.0.3\org.abego.treelayout.core-1.0.3.jar;C:\Users\jpvdh\.m2\repository\org\glassfish\javax.json\1.0.4\javax.json-1.0.4.jar;C:\Users\jpvdh\.m2\repository\com\ibm\icu\icu4j\58.2\icu4j-58.2.jar;C:\Users\jpvdh\.m2\repository\org\sat4j\org.sat4j.core\2.3.1\org.sat4j.core-2.3.1.jar;C:\Users\jpvdh\.m2\repository\info\picocli\picocli\3.8.0\picocli-3.8.0.jar;C:\Users\jpvdh\eclipse\java-oxygen\eclipse\configuration\org.eclipse.osgi\229\0\.cp
Launcher Type: SUN_STANDARD

Environment Variables:
PATH=C:/Program Files/Java/jre1.8.0_131/bin/server;C:/Program Files/Java/jre1.8.0_131/bin;C:/Program Files/Java/jre1.8.0_131/lib/amd64;C:\Program Files\Haskell\bin;C:\Program Files\Haskell Platform\8.4.3\lib\extralibs\bin;C:\Program Files\Haskell Platform\8.4.3\bin;C:\Program Files\Python36\Scripts\;C:\Program Files\Python36\;C:\ProgramData\Oracle\Java\javapath;C:\WINDOWS\system32;C:\WINDOWS;C:\WINDOWS\System32\Wbem;C:\WINDOWS\System32\WindowsPowerShell\v1.0\;C:\Program Files\Java\jdk1.8.0_121\bin;C:\Program Files\Java\jre1.8.0_121\bin;C:\Program Files\MiKTeX 2.9\miktex\bin\x64\;C:\Program Files\Chrome Driver\;C:\WINDOWS\System32\OpenSSH\;C:\Program Files\Microsoft VS Code\bin;C:\Program Files\Haskell Platform\8.4.3\mingw\bin;C:\Users\jpvdh\AppData\Roaming\cabal\bin;C:\Users\jpvdh\AppData\Roaming\local\bin;C:\Users\jpvdh\AppData\Local\Microsoft\WindowsApps;C:\Users\jpvdh\AppData\Local\atom\bin;C:\Users\jpvdh\AppData\Local\Microsoft\WindowsApps;C:\Program Files\Microsoft VS Code\bin;C:\Users\jpvdh\eclipse\java-oxygen\eclipse;
USERNAME=jpvdh
OS=Windows_NT
PROCESSOR_IDENTIFIER=Intel64 Family 6 Model 78 Stepping 3, GenuineIntel



---------------  S Y S T E M  ---------------

OS: Windows 10.0 , 64 bit Build 17134 (10.0.17134.753)

CPU:total 4 (initial active 4) (2 cores per cpu, 2 threads per core) family 6 model 78 stepping 3, cmov, cx8, fxsr, mmx, sse, sse2, sse3, ssse3, sse4.1, sse4.2, popcnt, avx, avx2, aes, clmul, erms, 3dnowpref, lzcnt, ht, tsc, tscinvbit, bmi1, bmi2, adx

Memory: 4k page, physical 4117772k(575916k free), swap 5549324k(0k free)

vm_info: Java HotSpot(TM) 64-Bit Server VM (25.131-b11) for windows-amd64 JRE (1.8.0_131-b11), built on Mar 15 2017 01:23:53 by "java_re" with MS VC++ 10.0 (VS2010)

time: Wed Jul 10 22:21:43 2019
elapsed time: 4 seconds (0d 0h 0m 4s)

