#
# A fatal error has been detected by the Java Runtime Environment:
#
#  SIGSEGV (0xb) at pc=0x00007f735d0525a6, pid=50, tid=0x00007f7374f40700
#
# JRE version: OpenJDK Runtime Environment (8.0_191-b12) (build 1.8.0_191-8u191-b12-2ubuntu0.16.04.1-b12)
# Java VM: OpenJDK 64-Bit Server VM (25.191-b12 mixed mode linux-amd64 compressed oops)
# Problematic frame:
# v  ~StubRoutines::jshort_disjoint_arraycopy
#
# Failed to write core dump. Core dumps have been disabled. To enable core dumping, try "ulimit -c unlimited" before starting Java again
#
# If you would like to submit a bug report, please visit:
#   http://bugreport.java.com/bugreport/crash.jsp
#

---------------  T H R E A D  ---------------

Current thread (0x00007f736c00a800):  JavaThread "main" [_thread_in_Java, id=79, stack(0x00007f7374e40000,0x00007f7374f41000)]

siginfo: si_signo: 11 (SIGSEGV), si_code: 2 (SEGV_ACCERR), si_addr: 0x00000000f945b000

Registers:
RAX=0x00000000f945afcc, RBX=0x00000000f945af58, RCX=0x000000000000003a, RDX=0xfffffffffffffffa
RSP=0x00007f7374f3e1e0, RBP=0x00007f7374f3e1e0, RSI=0x00000000f945b060, RDI=0x00000000f945afc0
R8 =0x000000000000003a, R9 =0x000000000000003a, R10=0x00007f735d052600, R11=0x0000000000000000
R12=0x0000000000000000, R13=0x00000000f945aff8, R14=0x00000000fdf5c218, R15=0x00007f736c00a800
RIP=0x00007f735d0525a6, EFLAGS=0x0000000000010286, CSGSFS=0x00000053002b0033, ERR=0x0000000000000000
  TRAPNO=0x0000000000000000

Top of Stack: (sp=0x00007f7374f3e1e0)
0x00007f7374f3e1e0:   00000000f945afe8 00007f735d1d6045
0x00007f7374f3e1f0:   00000000f945afd0 000000105d10ce05
0x00007f7374f3e200:   0000003af57d37d0 00007f735e282920
0x00007f7374f3e210:   00000000f57d3868 00000000f57d38c8
0x00007f7374f3e220:   00007f7374f3e610 00007f735e78860c
0x00007f7374f3e230:   00000000f57d37d0 00000000f57d45e8
0x00007f7374f3e240:   00000000f945abc8 42038e1bf57d3868
0x00007f7374f3e250:   00000000f57d3868 00000000f57d3868
0x00007f7374f3e260:   00007f7374f3e610 00007f735e727d1c
0x00007f7374f3e270:   0000000000000007 00007f7300000010
0x00007f7374f3e280:   00000000f57d3904 41ab0414f9082620
0x00007f7374f3e290:   0000000000000000 00000000fdf5c218
0x00007f7374f3e2a0:   00000000c230d508 00000158de0f049f
0x00007f7374f3e2b0:   00000000f945aa08 00000000fde80158
0x00007f7374f3e2c0:   00000000f945af00 00000000c2310038
0x00007f7374f3e2d0:   00000000f945afd0 00000000f9459f30
0x00007f7374f3e2e0:   0000000000000001 00000000c13525f0
0x00007f7374f3e2f0:   0000000000000001 00000000f9459f18
0x00007f7374f3e300:   00000058a36d9701 00000000f9459f88
0x00007f7374f3e310:   00007f7374f3e610 00007f735e73c97c
0x00007f7374f3e320:   00000000f9459f88 00000000c13525f0
0x00007f7374f3e330:   00007f7374f3e610 00007f735e786694
0x00007f7374f3e340:   00007f73000081a4 00007f735e738e84
0x00007f7374f3e350:   00000000fde809b8 00007f7374f3e3f0
0x00007f7374f3e360:   00007f7374f3e3b0 00007f735d1e1f71
0x00007f7374f3e370:   00000000f9456fe0 00007f735e76dcec
0x00007f7374f3e380:   000007e0c13c7768 000000000000000c
0x00007f7374f3e390:   00000000f9457350 00000000f9459f30
0x00007f7374f3e3a0:   00000000f945aa08 00000000f9459f30
0x00007f7374f3e3b0:   00000000f9459b50 00007f7370b27000
0x00007f7374f3e3c0:   00000000f9459b50 00007f735d2d0c67
0x00007f7374f3e3d0:   00007f7374f3e610 00007f735e774684 

Instructions: (pc=0x00007f735d0525a6)
0x00007f735d052586:   00 00 74 08 66 8b 47 08 66 89 46 08 48 33 c0 c9
0x00007f735d052596:   c3 66 0f 1f 84 00 00 00 00 00 c5 fe 6f 44 d7 c8
0x00007f735d0525a6:   c5 fe 7f 44 d6 c8 c5 fe 6f 4c d7 e8 c5 fe 7f 4c
0x00007f735d0525b6:   d6 e8 48 83 c2 08 7e e2 48 83 ea 04 7f 10 c5 fe 

Register to memory mapping:

RAX=0x00000000f945afcc is an unknown value
RBX=0x00000000f945af58 is an oop

[error occurred during error reporting (printing register info), id 0xb]

Stack: [0x00007f7374e40000,0x00007f7374f41000],  sp=0x00007f7374f3e1e0,  free space=1016k
Native frames: (J=compiled Java code, j=interpreted, Vv=VM code, C=native code)
v  ~StubRoutines::jshort_disjoint_arraycopy
J 316 C2 java.lang.String.<init>([CII)V (82 bytes) @ 0x00007f735d1d6045 [0x00007f735d1d5f00+0x145]
J 7333 C1 org.codehaus.plexus.archiver.zip.AbstractZipArchiver.zipFile(Ljava/io/InputStream;Lorg/codehaus/plexus/archiver/zip/ZipOutputStream;Ljava/lang/String;JLjava/io/File;I)V (276 bytes) @ 0x00007f735e78860c [0x00007f735e788000+0x60c]
J 7332 C1 org.codehaus.plexus.archiver.jar.JarArchiver.zipFile(Ljava/io/InputStream;Lorg/codehaus/plexus/archiver/zip/ZipOutputStream;Ljava/lang/String;JLjava/io/File;I)V (131 bytes) @ 0x00007f735e786694 [0x00007f735e785e40+0x854]
J 7305 C1 org.codehaus.plexus.archiver.zip.AbstractZipArchiver.zipFile(Lorg/codehaus/plexus/archiver/ArchiveEntry;Lorg/codehaus/plexus/archiver/zip/ZipOutputStream;Ljava/lang/String;)V (138 bytes) @ 0x00007f735e7558cc [0x00007f735e754d40+0xb8c]
j  org.codehaus.plexus.archiver.zip.AbstractZipArchiver.addResources(Lorg/codehaus/plexus/archiver/ResourceIterator;Lorg/codehaus/plexus/archiver/zip/ZipOutputStream;)V+125
j  org.codehaus.plexus.archiver.zip.AbstractZipArchiver.createArchiveMain()V+577
j  org.codehaus.plexus.archiver.zip.AbstractZipArchiver.execute()V+37
j  org.codehaus.plexus.archiver.AbstractArchiver.createArchive()V+31
j  org.apache.maven.plugin.assembly.archive.archiver.AssemblyProxyArchiver.createArchive()V+63
j  org.apache.maven.plugin.assembly.archive.DefaultAssemblyArchiver.createArchive(Lorg/apache/maven/plugin/assembly/model/Assembly;Ljava/lang/String;Ljava/lang/String;Lorg/apache/maven/plugin/assembly/AssemblerConfigurationSource;Z)Ljava/io/File;+243
j  org.apache.maven.plugin.assembly.mojos.AbstractAssemblyMojo.execute()V+266
j  org.apache.maven.plugin.DefaultBuildPluginManager.executeMojo(Lorg/apache/maven/execution/MavenSession;Lorg/apache/maven/plugin/MojoExecution;)V+155
j  org.apache.maven.lifecycle.internal.MojoExecutor.execute(Lorg/apache/maven/execution/MavenSession;Lorg/apache/maven/plugin/MojoExecution;Lorg/apache/maven/lifecycle/internal/ProjectIndex;Lorg/apache/maven/lifecycle/internal/DependencyContext;)V+220
j  org.apache.maven.lifecycle.internal.MojoExecutor.execute(Lorg/apache/maven/execution/MavenSession;Lorg/apache/maven/plugin/MojoExecution;Lorg/apache/maven/lifecycle/internal/ProjectIndex;Lorg/apache/maven/lifecycle/internal/DependencyContext;Lorg/apache/maven/lifecycle/internal/PhaseRecorder;)V+6
j  org.apache.maven.lifecycle.internal.MojoExecutor.execute(Lorg/apache/maven/execution/MavenSession;Ljava/util/List;Lorg/apache/maven/lifecycle/internal/ProjectIndex;)V+60
j  org.apache.maven.lifecycle.internal.LifecycleModuleBuilder.buildProject(Lorg/apache/maven/execution/MavenSession;Lorg/apache/maven/execution/MavenSession;Lorg/apache/maven/lifecycle/internal/ReactorContext;Lorg/apache/maven/project/MavenProject;Lorg/apache/maven/lifecycle/internal/TaskSegment;)V+180
j  org.apache.maven.lifecycle.internal.LifecycleModuleBuilder.buildProject(Lorg/apache/maven/execution/MavenSession;Lorg/apache/maven/lifecycle/internal/ReactorContext;Lorg/apache/maven/project/MavenProject;Lorg/apache/maven/lifecycle/internal/TaskSegment;)V+7
j  org.apache.maven.lifecycle.internal.builder.singlethreaded.SingleThreadedBuilder.build(Lorg/apache/maven/execution/MavenSession;Lorg/apache/maven/lifecycle/internal/ReactorContext;Lorg/apache/maven/lifecycle/internal/ProjectBuildList;Ljava/util/List;Lorg/apache/maven/lifecycle/internal/ReactorBuildStatus;)V+77
j  org.apache.maven.lifecycle.internal.LifecycleStarter.execute(Lorg/apache/maven/execution/MavenSession;)V+353
j  org.apache.maven.DefaultMaven.doExecute(Lorg/apache/maven/execution/MavenExecutionRequest;Lorg/apache/maven/execution/MavenSession;Lorg/apache/maven/execution/MavenExecutionResult;Lorg/eclipse/aether/DefaultRepositorySystemSession;)Lorg/apache/maven/execution/MavenExecutionResult;+414
j  org.apache.maven.DefaultMaven.doExecute(Lorg/apache/maven/execution/MavenExecutionRequest;)Lorg/apache/maven/execution/MavenExecutionResult;+99
j  org.apache.maven.DefaultMaven.execute(Lorg/apache/maven/execution/MavenExecutionRequest;)Lorg/apache/maven/execution/MavenExecutionResult;+2
j  org.apache.maven.cli.MavenCli.execute(Lorg/apache/maven/cli/CliRequest;)I+27
j  org.apache.maven.cli.MavenCli.doMain(Lorg/apache/maven/cli/CliRequest;)I+66
j  org.apache.maven.cli.MavenCli.main([Ljava/lang/String;Lorg/codehaus/plexus/classworlds/ClassWorld;)I+18
v  ~StubRoutines::call_stub
V  [libjvm.so+0x666f7b]
V  [libjvm.so+0x943946]
V  [libjvm.so+0x94565f]
V  [libjvm.so+0x6b2959]  JVM_InvokeMethod+0x119
j  sun.reflect.NativeMethodAccessorImpl.invoke0(Ljava/lang/reflect/Method;Ljava/lang/Object;[Ljava/lang/Object;)Ljava/lang/Object;+0
j  sun.reflect.NativeMethodAccessorImpl.invoke(Ljava/lang/Object;[Ljava/lang/Object;)Ljava/lang/Object;+100
j  sun.reflect.DelegatingMethodAccessorImpl.invoke(Ljava/lang/Object;[Ljava/lang/Object;)Ljava/lang/Object;+6
j  java.lang.reflect.Method.invoke(Ljava/lang/Object;[Ljava/lang/Object;)Ljava/lang/Object;+56
j  org.codehaus.plexus.classworlds.launcher.Launcher.launchEnhanced([Ljava/lang/String;)V+45
j  org.codehaus.plexus.classworlds.launcher.Launcher.launch([Ljava/lang/String;)V+2
j  org.codehaus.plexus.classworlds.launcher.Launcher.mainWithExitCode([Ljava/lang/String;)I+101
j  org.codehaus.plexus.classworlds.launcher.Launcher.main([Ljava/lang/String;)V+1
v  ~StubRoutines::call_stub
V  [libjvm.so+0x666f7b]
V  [libjvm.so+0x688c6e]
V  [libjvm.so+0x68b59f]
C  [libjli.so+0x3552]
C  [libjli.so+0x74ed]
C  [libpthread.so.0+0x76ba]  start_thread+0xca


---------------  P R O C E S S  ---------------

Java Threads: ( => current thread )
  0x00007f736d12c800 JavaThread "resolver-5" daemon [_thread_blocked, id=98, stack(0x00007f7323440000,0x00007f7323541000)]
  0x00007f736d12b000 JavaThread "resolver-4" daemon [_thread_blocked, id=97, stack(0x00007f7323550000,0x00007f7323651000)]
  0x00007f736d12a000 JavaThread "resolver-3" daemon [_thread_blocked, id=96, stack(0x00007f7323660000,0x00007f7323761000)]
  0x00007f736d134000 JavaThread "resolver-2" daemon [_thread_blocked, id=95, stack(0x00007f7323770000,0x00007f7323871000)]
  0x00007f736d133800 JavaThread "resolver-1" daemon [_thread_blocked, id=94, stack(0x00007f7323a80000,0x00007f7323b81000)]
  0x00007f736c102000 JavaThread "Service Thread" daemon [_thread_blocked, id=91, stack(0x00007f734d570000,0x00007f734d671000)]
  0x00007f736c0bd000 JavaThread "C1 CompilerThread2" daemon [_thread_blocked, id=90, stack(0x00007f734d680000,0x00007f734d781000)]
  0x00007f736c0bb000 JavaThread "C2 CompilerThread1" daemon [_thread_blocked, id=89, stack(0x00007f734d790000,0x00007f734d891000)]
  0x00007f736c0b8800 JavaThread "C2 CompilerThread0" daemon [_thread_blocked, id=88, stack(0x00007f734d8a0000,0x00007f734d9a1000)]
  0x00007f736c0b7000 JavaThread "Signal Dispatcher" daemon [_thread_blocked, id=87, stack(0x00007f734d9b0000,0x00007f734dab1000)]
  0x00007f736c084800 JavaThread "Finalizer" daemon [_thread_blocked, id=86, stack(0x00007f734dc50000,0x00007f734dd51000)]
  0x00007f736c082000 JavaThread "Reference Handler" daemon [_thread_blocked, id=85, stack(0x00007f734dd60000,0x00007f734de61000)]
=>0x00007f736c00a800 JavaThread "main" [_thread_in_Java, id=79, stack(0x00007f7374e40000,0x00007f7374f41000)]

Other Threads:
  0x00007f736c078800 VMThread [stack: 0x00007f734de70000,0x00007f734df71000] [id=84]
  0x00007f736c10d000 WatcherThread [stack: 0x00007f734d460000,0x00007f734d561000] [id=92]

VM state:not at safepoint (normal execution)

VM Mutex/Monitor currently owned by a thread: None

Heap:
 PSYoungGen      total 309248K, used 243339K [0x00000000eb100000, 0x00000000fee00000, 0x0000000100000000)
  eden space 293888K, 80% used [0x00000000eb100000,0x00000000f9884b70,0x00000000fd000000)
  from space 15360K, 40% used [0x00000000fde80000,0x00000000fe49e0c0,0x00000000fed80000)
  to   space 14848K, 0% used [0x00000000fd000000,0x00000000fd000000,0x00000000fde80000)
 ParOldGen       total 52736K, used 20558K [0x00000000c1200000, 0x00000000c4580000, 0x00000000eb100000)
  object space 52736K, 38% used [0x00000000c1200000,0x00000000c26138c8,0x00000000c4580000)
 Metaspace       used 29341K, capacity 30238K, committed 30512K, reserved 1077248K
  class space    used 3225K, capacity 3505K, committed 3632K, reserved 1048576K

Card table byte_map: [0x00007f7371130000,0x00007f7371328000] byte_map_base: 0x00007f7370b27000

Marking Bits: (ParMarkBitMap*) 0x00007f7373fb1520
 Begin Bits: [0x00007f734e090000, 0x00007f734f048000)
 End Bits:   [0x00007f734f048000, 0x00007f7350000000)

Polling page: 0x00007f7374e30000

CodeCache: size=245760Kb used=23941Kb max_used=24129Kb free=221818Kb
 bounds [0x00007f735d000000, 0x00007f735e7b0000, 0x00007f736c000000]
 total_blobs=6566 nmethods=6155 adapters=325
 compilation: enabled

Compilation events (10 events):
Event: 118.982 Thread 0x00007f736c0bb000 7378   !   4       sun.net.www.protocol.jar.JarFileFactory::getConnection (40 bytes)
Event: 119.100 Thread 0x00007f736c0b8800 7379   !   4       org.codehaus.plexus.archiver.AbstractArchiver$1::hasNext (406 bytes)
Event: 119.199 Thread 0x00007f736c0bb000 nmethod 7378 0x00007f735e2dbe10 code [0x00007f735e2dc160, 0x00007f735e2de3c0]
Event: 119.207 Thread 0x00007f736c0b8800 nmethod 7379 0x00007f735e0e72d0 code [0x00007f735e0e7580, 0x00007f735e0e8810]
Event: 119.208 Thread 0x00007f736c0b8800 7380       4       java.util.zip.ZipEntry::<init> (146 bytes)
Event: 119.214 Thread 0x00007f736c0b8800 nmethod 7380 0x00007f735dfd6b50 code [0x00007f735dfd6ca0, 0x00007f735dfd6db8]
Event: 120.253 Thread 0x00007f736c0bd000 7381       3       java.io.BufferedOutputStream::flushBuffer (29 bytes)
Event: 120.253 Thread 0x00007f736c0bd000 nmethod 7381 0x00007f735d169550 code [0x00007f735d1696c0, 0x00007f735d169928]
Event: 122.956 Thread 0x00007f736c0b8800 7382  s    4       java.io.ExpiringCache::get (39 bytes)
Event: 122.964 Thread 0x00007f736c0b8800 nmethod 7382 0x00007f735d15bad0 code [0x00007f735d15bc40, 0x00007f735d15c018]

GC Heap History (10 events):
Event: 77.616 GC heap before
{Heap before GC invocations=10 (full 1):
 PSYoungGen      total 137216K, used 128512K [0x00000000eb100000, 0x00000000f4100000, 0x0000000100000000)
  eden space 128512K, 100% used [0x00000000eb100000,0x00000000f2e80000,0x00000000f2e80000)
  from space 8704K, 0% used [0x00000000f3780000,0x00000000f3780000,0x00000000f4000000)
  to   space 9216K, 0% used [0x00000000f2e80000,0x00000000f2e80000,0x00000000f3780000)
 ParOldGen       total 30720K, used 9534K [0x00000000c1200000, 0x00000000c3000000, 0x00000000eb100000)
  object space 30720K, 31% used [0x00000000c1200000,0x00000000c1b4fa90,0x00000000c3000000)
 Metaspace       used 24748K, capacity 25224K, committed 25520K, reserved 1071104K
  class space    used 2744K, capacity 2870K, committed 2992K, reserved 1048576K
Event: 77.692 GC heap after
Heap after GC invocations=10 (full 1):
 PSYoungGen      total 137728K, used 9186K [0x00000000eb100000, 0x00000000f8b80000, 0x0000000100000000)
  eden space 128512K, 0% used [0x00000000eb100000,0x00000000eb100000,0x00000000f2e80000)
  from space 9216K, 99% used [0x00000000f2e80000,0x00000000f3778ae0,0x00000000f3780000)
  to   space 13824K, 0% used [0x00000000f7e00000,0x00000000f7e00000,0x00000000f8b80000)
 ParOldGen       total 30720K, used 18281K [0x00000000c1200000, 0x00000000c3000000, 0x00000000eb100000)
  object space 30720K, 59% used [0x00000000c1200000,0x00000000c23da740,0x00000000c3000000)
 Metaspace       used 24748K, capacity 25224K, committed 25520K, reserved 1071104K
  class space    used 2744K, capacity 2870K, committed 2992K, reserved 1048576K
}
Event: 100.047 GC heap before
{Heap before GC invocations=11 (full 1):
 PSYoungGen      total 137728K, used 137698K [0x00000000eb100000, 0x00000000f8b80000, 0x0000000100000000)
  eden space 128512K, 100% used [0x00000000eb100000,0x00000000f2e80000,0x00000000f2e80000)
  from space 9216K, 99% used [0x00000000f2e80000,0x00000000f3778ae0,0x00000000f3780000)
  to   space 13824K, 0% used [0x00000000f7e00000,0x00000000f7e00000,0x00000000f8b80000)
 ParOldGen       total 30720K, used 18281K [0x00000000c1200000, 0x00000000c3000000, 0x00000000eb100000)
  object space 30720K, 59% used [0x00000000c1200000,0x00000000c23da740,0x00000000c3000000)
 Metaspace       used 27174K, capacity 27904K, committed 28080K, reserved 1075200K
  class space    used 2990K, capacity 3191K, committed 3248K, reserved 1048576K
Event: 100.119 GC heap after
Heap after GC invocations=11 (full 1):
 PSYoungGen      total 207872K, used 13807K [0x00000000eb100000, 0x00000000f8d80000, 0x0000000100000000)
  eden space 194048K, 0% used [0x00000000eb100000,0x00000000eb100000,0x00000000f6e80000)
  from space 13824K, 99% used [0x00000000f7e00000,0x00000000f8b7bf70,0x00000000f8b80000)
  to   space 15872K, 0% used [0x00000000f6e80000,0x00000000f6e80000,0x00000000f7e00000)
 ParOldGen       total 30720K, used 18378K [0x00000000c1200000, 0x00000000c3000000, 0x00000000eb100000)
  object space 30720K, 59% used [0x00000000c1200000,0x00000000c23f2b28,0x00000000c3000000)
 Metaspace       used 27174K, capacity 27904K, committed 28080K, reserved 1075200K
  class space    used 2990K, capacity 3191K, committed 3248K, reserved 1048576K
}
Event: 112.537 GC heap before
{Heap before GC invocations=12 (full 1):
 PSYoungGen      total 207872K, used 207855K [0x00000000eb100000, 0x00000000f8d80000, 0x0000000100000000)
  eden space 194048K, 100% used [0x00000000eb100000,0x00000000f6e80000,0x00000000f6e80000)
  from space 13824K, 99% used [0x00000000f7e00000,0x00000000f8b7bf70,0x00000000f8b80000)
  to   space 15872K, 0% used [0x00000000f6e80000,0x00000000f6e80000,0x00000000f7e00000)
 ParOldGen       total 30720K, used 18378K [0x00000000c1200000, 0x00000000c3000000, 0x00000000eb100000)
  object space 30720K, 59% used [0x00000000c1200000,0x00000000c23f2b28,0x00000000c3000000)
 Metaspace       used 29240K, capacity 30046K, committed 30256K, reserved 1075200K
  class space    used 3220K, capacity 3505K, committed 3632K, reserved 1048576K
Event: 112.692 GC heap after
Heap after GC invocations=12 (full 1):
 PSYoungGen      total 209920K, used 4662K [0x00000000eb100000, 0x00000000fed80000, 0x0000000100000000)
  eden space 194048K, 0% used [0x00000000eb100000,0x00000000eb100000,0x00000000f6e80000)
  from space 15872K, 29% used [0x00000000f6e80000,0x00000000f730d998,0x00000000f7e00000)
  to   space 15360K, 0% used [0x00000000fde80000,0x00000000fde80000,0x00000000fed80000)
 ParOldGen       total 30720K, used 30696K [0x00000000c1200000, 0x00000000c3000000, 0x00000000eb100000)
  object space 30720K, 99% used [0x00000000c1200000,0x00000000c2ffa240,0x00000000c3000000)
 Metaspace       used 29240K, capacity 30046K, committed 30256K, reserved 1075200K
  class space    used 3220K, capacity 3505K, committed 3632K, reserved 1048576K
}
Event: 112.692 GC heap before
{Heap before GC invocations=13 (full 2):
 PSYoungGen      total 209920K, used 4662K [0x00000000eb100000, 0x00000000fed80000, 0x0000000100000000)
  eden space 194048K, 0% used [0x00000000eb100000,0x00000000eb100000,0x00000000f6e80000)
  from space 15872K, 29% used [0x00000000f6e80000,0x00000000f730d998,0x00000000f7e00000)
  to   space 15360K, 0% used [0x00000000fde80000,0x00000000fde80000,0x00000000fed80000)
 ParOldGen       total 30720K, used 30696K [0x00000000c1200000, 0x00000000c3000000, 0x00000000eb100000)
  object space 30720K, 99% used [0x00000000c1200000,0x00000000c2ffa240,0x00000000c3000000)
 Metaspace       used 29240K, capacity 30046K, committed 30256K, reserved 1075200K
  class space    used 3220K, capacity 3505K, committed 3632K, reserved 1048576K
Event: 112.924 GC heap after
Heap after GC invocations=13 (full 2):
 PSYoungGen      total 209920K, used 0K [0x00000000eb100000, 0x00000000fed80000, 0x0000000100000000)
  eden space 194048K, 0% used [0x00000000eb100000,0x00000000eb100000,0x00000000f6e80000)
  from space 15872K, 0% used [0x00000000f6e80000,0x00000000f6e80000,0x00000000f7e00000)
  to   space 15360K, 0% used [0x00000000fde80000,0x00000000fde80000,0x00000000fed80000)
 ParOldGen       total 52736K, used 20550K [0x00000000c1200000, 0x00000000c4580000, 0x00000000eb100000)
  object space 52736K, 38% used [0x00000000c1200000,0x00000000c26118c8,0x00000000c4580000)
 Metaspace       used 29240K, capacity 30046K, committed 30256K, reserved 1075200K
  class space    used 3220K, capacity 3505K, committed 3632K, reserved 1048576K
}
Event: 115.184 GC heap before
{Heap before GC invocations=14 (full 2):
 PSYoungGen      total 209920K, used 194048K [0x00000000eb100000, 0x00000000fed80000, 0x0000000100000000)
  eden space 194048K, 100% used [0x00000000eb100000,0x00000000f6e80000,0x00000000f6e80000)
  from space 15872K, 0% used [0x00000000f6e80000,0x00000000f6e80000,0x00000000f7e00000)
  to   space 15360K, 0% used [0x00000000fde80000,0x00000000fde80000,0x00000000fed80000)
 ParOldGen       total 52736K, used 20550K [0x00000000c1200000, 0x00000000c4580000, 0x00000000eb100000)
  object space 52736K, 38% used [0x00000000c1200000,0x00000000c26118c8,0x00000000c4580000)
 Metaspace       used 29337K, capacity 30174K, committed 30512K, reserved 1077248K
  class space    used 3224K, capacity 3505K, committed 3632K, reserved 1048576K
Event: 115.311 GC heap after
Heap after GC invocations=14 (full 2):
 PSYoungGen      total 309248K, used 6264K [0x00000000eb100000, 0x00000000fee00000, 0x0000000100000000)
  eden space 293888K, 0% used [0x00000000eb100000,0x00000000eb100000,0x00000000fd000000)
  from space 15360K, 40% used [0x00000000fde80000,0x00000000fe49e0c0,0x00000000fed80000)
  to   space 14848K, 0% used [0x00000000fd000000,0x00000000fd000000,0x00000000fde80000)
 ParOldGen       total 52736K, used 20558K [0x00000000c1200000, 0x00000000c4580000, 0x00000000eb100000)
  object space 52736K, 38% used [0x00000000c1200000,0x00000000c26138c8,0x00000000c4580000)
 Metaspace       used 29337K, capacity 30174K, committed 30512K, reserved 1077248K
  class space    used 3224K, capacity 3505K, committed 3632K, reserved 1048576K
}

Deoptimization events (10 events):
Event: 111.488 Thread 0x00007f736c00a800 Uncommon trap: reason=class_check action=maybe_recompile pc=0x00007f735d743614 method=org.apache.maven.model.interpolation.AbstractStringBasedModelInterpolator.interpolateInternal(Ljava/lang/String;Ljava/util/List;Ljava/util/List;Lorg/apache/maven/model/b
Event: 111.488 Thread 0x00007f736c00a800 Uncommon trap: reason=class_check action=maybe_recompile pc=0x00007f735d93ef94 method=org.codehaus.plexus.interpolation.StringSearchInterpolator.interpolate(Ljava/lang/String;Lorg/codehaus/plexus/interpolation/RecursionInterceptor;Ljava/util/Set;)Ljava/la
Event: 111.488 Thread 0x00007f736c00a800 Uncommon trap: reason=class_check action=maybe_recompile pc=0x00007f735d743614 method=org.apache.maven.model.interpolation.AbstractStringBasedModelInterpolator.interpolateInternal(Ljava/lang/String;Ljava/util/List;Ljava/util/List;Lorg/apache/maven/model/b
Event: 111.488 Thread 0x00007f736c00a800 Uncommon trap: reason=class_check action=maybe_recompile pc=0x00007f735d93ef94 method=org.codehaus.plexus.interpolation.StringSearchInterpolator.interpolate(Ljava/lang/String;Lorg/codehaus/plexus/interpolation/RecursionInterceptor;Ljava/util/Set;)Ljava/la
Event: 111.488 Thread 0x00007f736c00a800 Uncommon trap: reason=class_check action=maybe_recompile pc=0x00007f735d93ef94 method=org.codehaus.plexus.interpolation.StringSearchInterpolator.interpolate(Ljava/lang/String;Lorg/codehaus/plexus/interpolation/RecursionInterceptor;Ljava/util/Set;)Ljava/la
Event: 113.490 Thread 0x00007f736c00a800 Uncommon trap: reason=unstable_if action=reinterpret pc=0x00007f735e709c08 method=org.codehaus.plexus.util.SelectorUtils.match([C[CZ)Z @ 166
Event: 113.605 Thread 0x00007f736c00a800 Uncommon trap: reason=unstable_if action=reinterpret pc=0x00007f735e712064 method=org.codehaus.plexus.archiver.AbstractArchiver$1.hasNext()Z @ 397
Event: 115.893 Thread 0x00007f736c00a800 Uncommon trap: reason=unstable_if action=reinterpret pc=0x00007f735e561f9c method=sun.util.calendar.CalendarUtils.isGregorianLeapYear(I)Z @ 3
Event: 115.894 Thread 0x00007f736c00a800 Uncommon trap: reason=unstable_if action=reinterpret pc=0x00007f735e7241f0 method=sun.util.calendar.BaseCalendar.getCalendarDateFromFixedDate(Lsun/util/calendar/CalendarDate;J)V @ 74
Event: 115.894 Thread 0x00007f736c00a800 Uncommon trap: reason=unstable_if action=reinterpret pc=0x00007f735e713bfc method=sun.util.calendar.BaseCalendar.getCalendarDateFromFixedDate(Lsun/util/calendar/CalendarDate;J)V @ 74

Classes redefined (0 events):
No events

Internal exceptions (10 events):
Event: 43.622 Thread 0x00007f736c00a800 Implicit null exception at 0x00007f735d69d297 to 0x00007f735d69da25
Event: 61.125 Thread 0x00007f736c00a800 Implicit null exception at 0x00007f735d8f34a8 to 0x00007f735d8f468d
Event: 62.082 Thread 0x00007f736c00a800 Exception <a 'java/lang/ClassNotFoundException': com/sun/tools/javac/api/JavacTool> (0x00000000eb8ec4a8) thrown at [/build/openjdk-8-6jqSe7/openjdk-8-8u191-b12/src/hotspot/src/share/vm/classfile/systemDictionary.cpp, line 210]
Event: 68.181 Thread 0x00007f736c00a800 Exception <a 'java/io/FileNotFoundException'> (0x00000000ecbe6368) thrown at [/build/openjdk-8-6jqSe7/openjdk-8-8u191-b12/src/hotspot/src/share/vm/prims/jni.cpp, line 709]
Event: 71.011 Thread 0x00007f736c00a800 Exception <a 'java/io/FileNotFoundException'> (0x00000000ecc0c8a8) thrown at [/build/openjdk-8-6jqSe7/openjdk-8-8u191-b12/src/hotspot/src/share/vm/prims/jni.cpp, line 709]
Event: 71.012 Thread 0x00007f736c00a800 Exception <a 'java/io/FileNotFoundException'> (0x00000000ecc0d498) thrown at [/build/openjdk-8-6jqSe7/openjdk-8-8u191-b12/src/hotspot/src/share/vm/prims/jni.cpp, line 709]
Event: 88.569 Thread 0x00007f736c00a800 Exception <a 'java/lang/NoSuchMethodError': org.apache.maven.execution.MavenExecutionRequest.getFailureBehavior()Ljava/lang/String;> (0x00000000ef61fd58) thrown at [/build/openjdk-8-6jqSe7/openjdk-8-8u191-b12/src/hotspot/src/share/vm/interpreter/linkResol
Event: 88.586 Thread 0x00007f736cb0c800 Implicit null exception at 0x00007f735d6c7048 to 0x00007f735d6c75b9
Event: 110.985 Thread 0x00007f736c00a800 Implicit null exception at 0x00007f735e54d585 to 0x00007f735e54dc19
Event: 111.101 Thread 0x00007f736c00a800 Implicit null exception at 0x00007f735deeda5b to 0x00007f735deee291

Events (10 events):
Event: 120.254 Thread 0x00007f736c0bd000 flushing nmethod 0x00007f735d206ad0
Event: 120.254 Thread 0x00007f736c0bd000 flushing nmethod 0x00007f735d227250
Event: 120.254 Thread 0x00007f736c0bd000 flushing nmethod 0x00007f735d22f490
Event: 120.254 Thread 0x00007f736c0bd000 flushing nmethod 0x00007f735d25d610
Event: 120.254 Thread 0x00007f736c0bd000 flushing nmethod 0x00007f735d26a790
Event: 120.254 Thread 0x00007f736c0bd000 flushing nmethod 0x00007f735d2708d0
Event: 120.254 Thread 0x00007f736c0bd000 flushing nmethod 0x00007f735d28e210
Event: 122.966 Thread 0x00007f736c0b8800 flushing nmethod 0x00007f735d2c5750
Event: 122.966 Thread 0x00007f736c0b8800 flushing nmethod 0x00007f735d35cdd0
Event: 122.967 Thread 0x00007f736c0b8800 flushing nmethod 0x00007f735d388350


Dynamic libraries:
00400000-00401000 r-xp 00000000 00:00 227485                     /usr/lib/jvm/java-8-openjdk-amd64/jre/bin/java
00600000-00601000 r--p 00000000 00:00 227485                     /usr/lib/jvm/java-8-openjdk-amd64/jre/bin/java
00601000-00602000 rw-p 00001000 00:00 227485                     /usr/lib/jvm/java-8-openjdk-amd64/jre/bin/java
00a8f000-00ab0000 rw-p 00000000 00:00 0                          [heap]
c1200000-c4580000 rw-p 00000000 00:00 0
c4580000-eb100000 ---p 00000000 00:00 0
eb100000-fee00000 rw-p 00000000 00:00 0
fee00000-100000000 ---p 00000000 00:00 0
100000000-10038c000 rw-p 00000000 00:00 0
10038c000-140000000 ---p 00000000 00:00 0
7f730c000000-7f730c021000 rw-p 00000000 00:00 0
7f730c021000-7f7310000000 ---p 00000000 00:00 0
7f7310000000-7f7310021000 rw-p 00000000 00:00 0
7f7310021000-7f7314000000 ---p 00000000 00:00 0
7f7314000000-7f7314021000 rw-p 00000000 00:00 0
7f7314021000-7f7318000000 ---p 00000000 00:00 0
7f7318000000-7f7318021000 rw-p 00000000 00:00 0
7f7318021000-7f731c000000 ---p 00000000 00:00 0
7f731c000000-7f731c023000 rw-p 00000000 00:00 0
7f731c023000-7f7320000000 ---p 00000000 00:00 0
7f7323240000-7f7323280000 rw-p 00000000 00:00 0
7f7323280000-7f7323443000 ---p 00000000 00:00 0
7f7323443000-7f7323541000 rw-p 00000000 00:00 0
7f7323550000-7f7323553000 ---p 00000000 00:00 0
7f7323553000-7f7323651000 rw-p 00000000 00:00 0
7f7323660000-7f7323663000 ---p 00000000 00:00 0
7f7323663000-7f7323761000 rw-p 00000000 00:00 0
7f7323770000-7f7323773000 ---p 00000000 00:00 0
7f7323773000-7f7323871000 rw-p 00000000 00:00 0
7f7323880000-7f7323a80000 rw-p 00000000 00:00 0
7f7323a80000-7f7323a83000 ---p 00000000 00:00 0
7f7323a83000-7f7323b81000 rw-p 00000000 00:00 0
7f7323b90000-7f7323f90000 rw-p 00000000 00:00 0
7f7323f9b000-7f7324000000 r--s 00abc000 00:00 398728             /home/Vraier/.m2/repository/com/ibm/icu/icu4j/58.2/icu4j-58.2.jar
7f7324000000-7f7324021000 rw-p 00000000 00:00 0
7f7324021000-7f7328000000 ---p 00000000 00:00 0
7f7328000000-7f7328021000 rw-p 00000000 00:00 0
7f7328021000-7f732c000000 ---p 00000000 00:00 0
7f732c000000-7f732df45000 rw-p 00000000 00:00 0
7f732df45000-7f7330000000 ---p 00000000 00:00 0
7f7330000000-7f7330b53000 rw-p 00000000 00:00 0
7f7330b53000-7f7334000000 ---p 00000000 00:00 0
7f7334000000-7f7334021000 rw-p 00000000 00:00 0
7f7334021000-7f7338000000 ---p 00000000 00:00 0
7f7338000000-7f7339ef1000 rw-p 00000000 00:00 0
7f7339ef1000-7f733c000000 ---p 00000000 00:00 0
7f733c000000-7f733c021000 rw-p 00000000 00:00 0
7f733c021000-7f7340000000 ---p 00000000 00:00 0
7f7340000000-7f7340021000 rw-p 00000000 00:00 0
7f7340021000-7f7344000000 ---p 00000000 00:00 0
7f7344000000-7f734406b000 rw-p 00000000 00:00 0
7f734406b000-7f7348000000 ---p 00000000 00:00 0
7f7348000000-7f7348021000 rw-p 00000000 00:00 0
7f7348021000-7f734c000000 ---p 00000000 00:00 0
7f734c050000-7f734c450000 rw-p 00000000 00:00 0
7f734c457000-7f734c4d0000 r--s 01101000 00:00 92842              /usr/lib/jvm/java-8-openjdk-amd64/lib/tools.jar
7f734c4d0000-7f734c6d0000 rw-p 00000000 00:00 0
7f734c6d0000-7f734c6e1000 r-xp 00000000 00:00 227096             /usr/lib/jvm/java-8-openjdk-amd64/jre/lib/amd64/libnio.so
7f734c6e1000-7f734c6e3000 ---p 00011000 00:00 227096             /usr/lib/jvm/java-8-openjdk-amd64/jre/lib/amd64/libnio.so
7f734c6e3000-7f734c8e1000 ---p 00000013 00:00 227096             /usr/lib/jvm/java-8-openjdk-amd64/jre/lib/amd64/libnio.so
7f734c8e1000-7f734c8e2000 r--p 00011000 00:00 227096             /usr/lib/jvm/java-8-openjdk-amd64/jre/lib/amd64/libnio.so
7f734c8e2000-7f734c8e3000 rw-p 00012000 00:00 227096             /usr/lib/jvm/java-8-openjdk-amd64/jre/lib/amd64/libnio.so
7f734c8f0000-7f734cbf1000 rw-p 00000000 00:00 0
7f734cc00000-7f734cc17000 r-xp 00000000 00:00 212541             /usr/lib/jvm/java-8-openjdk-amd64/jre/lib/amd64/libnet.so
7f734cc17000-7f734cc18000 ---p 00017000 00:00 212541             /usr/lib/jvm/java-8-openjdk-amd64/jre/lib/amd64/libnet.so
7f734cc18000-7f734ce16000 ---p 00000018 00:00 212541             /usr/lib/jvm/java-8-openjdk-amd64/jre/lib/amd64/libnet.so
7f734ce16000-7f734ce17000 r--p 00016000 00:00 212541             /usr/lib/jvm/java-8-openjdk-amd64/jre/lib/amd64/libnet.so
7f734ce17000-7f734ce18000 rw-p 00017000 00:00 212541             /usr/lib/jvm/java-8-openjdk-amd64/jre/lib/amd64/libnet.so
7f734ce20000-7f734d420000 rw-p 00000000 00:00 0
7f734d42f000-7f734d460000 r--s 00207000 00:00 558769             /usr/share/java/wagon-http-shaded-2.x.jar
7f734d460000-7f734d461000 ---p 00000000 00:00 0
7f734d461000-7f734d561000 rw-p 00000000 00:00 0
7f734d570000-7f734d573000 ---p 00000000 00:00 0
7f734d573000-7f734d671000 rw-p 00000000 00:00 0
7f734d680000-7f734d683000 ---p 00000000 00:00 0
7f734d683000-7f734d781000 rw-p 00000000 00:00 0
7f734d790000-7f734d793000 ---p 00000000 00:00 0
7f734d793000-7f734d891000 rw-p 00000000 00:00 0
7f734d8a0000-7f734d8a3000 ---p 00000000 00:00 0
7f734d8a3000-7f734d9a1000 rw-p 00000000 00:00 0
7f734d9b0000-7f734d9b3000 ---p 00000000 00:00 0
7f734d9b3000-7f734dab1000 rw-p 00000000 00:00 0
7f734dab8000-7f734dc50000 r--p 00000000 00:00 58986              /usr/lib/locale/locale-archive
7f734dc50000-7f734dc53000 ---p 00000000 00:00 0
7f734dc53000-7f734dd51000 rw-p 00000000 00:00 0
7f734dd60000-7f734dd63000 ---p 00000000 00:00 0
7f734dd63000-7f734de61000 rw-p 00000000 00:00 0
7f734de70000-7f734de71000 ---p 00000000 00:00 0
7f734de71000-7f734df71000 rw-p 00000000 00:00 0
7f734df80000-7f734e081000 rw-p 00000000 00:00 0
7f734e090000-7f7350021000 rw-p 00000000 00:00 0
7f7350021000-7f7354000000 ---p 00000000 00:00 0
7f7354000000-7f7354021000 rw-p 00000000 00:00 0
7f7354021000-7f7358000000 ---p 00000000 00:00 0
7f7358000000-7f7358021000 rw-p 00000000 00:00 0
7f7358021000-7f735c000000 ---p 00000000 00:00 0
7f735c019000-7f735c045000 r--s 00208000 00:00 550089             /usr/share/java/guava.jar
7f735c045000-7f735c060000 r--s 001d6000 00:00 179805             /usr/lib/jvm/java-8-openjdk-amd64/jre/lib/ext/nashorn.jar
7f735c060000-7f735c161000 rw-p 00000000 00:00 0
7f735c170000-7f735c271000 rw-p 00000000 00:00 0
7f735c280000-7f735c381000 rw-p 00000000 00:00 0
7f735c390000-7f735c491000 rw-p 00000000 00:00 0
7f735c4a0000-7f735c4c1000 rw-p 00000000 00:00 0
7f735c4d0000-7f735c5d1000 rw-p 00000000 00:00 0
7f735c5e0000-7f735c601000 rw-p 00000000 00:00 0
7f735c610000-7f735c711000 rw-p 00000000 00:00 0
7f735c720000-7f735c741000 rw-p 00000000 00:00 0
7f735c750000-7f735c851000 rw-p 00000000 00:00 0
7f735c860000-7f735c881000 rw-p 00000000 00:00 0
7f735c890000-7f735c991000 rw-p 00000000 00:00 0
7f735c9a0000-7f735caa1000 rw-p 00000000 00:00 0
7f735caa9000-7f735caac000 r--s 00012000 00:00 390099             /home/Vraier/.m2/repository/org/glassfish/javax.json/1.0.4/javax.json-1.0.4.jar
7f735caac000-7f735cab0000 r--s 00037000 00:00 396165             /home/Vraier/.m2/repository/org/antlr/ST4/4.0.8/ST4-4.0.8.jar
7f735cab0000-7f735cbb1000 rw-p 00000000 00:00 0
7f735cbb1000-7f735cbb3000 r--s 00005000 00:00 398362             /home/Vraier/.m2/repository/org/abego/treelayout/org.abego.treelayout.core/1.0.3/org.abego.treelayout.core-1.0.3.jar
7f735cbb3000-7f735cbc0000 r--s 00117000 00:00 393992             /home/Vraier/.m2/repository/org/antlr/antlr4/4.7/antlr4-4.7.jar
7f735cbc0000-7f735ccc1000 rw-p 00000000 00:00 0
7f735ccc2000-7f735ccc8000 r--s 0004c000 00:00 394522             /home/Vraier/.m2/repository/org/antlr/antlr4-runtime/4.7/antlr4-runtime-4.7.jar
7f735ccd0000-7f735cdd1000 rw-p 00000000 00:00 0
7f735cddc000-7f735cde0000 r--s 00037000 00:00 603419             /home/Vraier/.m2/repository/org/codehaus/plexus/plexus-utils/3.0.15/plexus-utils-3.0.15.jar
7f735cde0000-7f735cee1000 rw-p 00000000 00:00 0
7f735cee1000-7f735cee4000 r--s 00026000 00:00 394153             /home/Vraier/.m2/repository/org/antlr/antlr-runtime/3.5.2/antlr-runtime-3.5.2.jar
7f735cee4000-7f735cee7000 r--s 0000c000 00:00 603418             /home/Vraier/.m2/repository/org/codehaus/plexus/plexus-io/2.0.9/plexus-io-2.0.9.jar
7f735cee7000-7f735cee9000 r--s 00006000 00:00 603415             /home/Vraier/.m2/repository/com/google/code/findbugs/jsr305/2.0.1/jsr305-2.0.1.jar
7f735cee9000-7f735ceec000 r--s 00023000 00:00 603411             /home/Vraier/.m2/repository/org/apache/maven/shared/maven-shared-utils/0.3/maven-shared-utils-0.3.jar
7f735ceec000-7f735ceee000 r--s 00009000 00:00 603408             /home/Vraier/.m2/repository/org/apache/maven/shared/maven-filtering/1.2/maven-filtering-1.2.jar
7f735ceee000-7f735cef0000 r--s 00008000 00:00 603404             /home/Vraier/.m2/repository/org/apache/maven/shared/maven-shared-io/1.1/maven-shared-io-1.1.jar
7f735cef0000-7f735cff1000 rw-p 00000000 00:00 0
7f735cff2000-7f735cff6000 r--s 00014000 00:00 603401             /home/Vraier/.m2/repository/org/tukaani/xz/1.2/xz-1.2.jar
7f735cff6000-7f735cffb000 r--s 0003a000 00:00 603400             /home/Vraier/.m2/repository/org/apache/commons/commons-compress/1.5/commons-compress-1.5.jar
7f735cffb000-7f735d000000 r--s 00024000 00:00 603398             /home/Vraier/.m2/repository/org/codehaus/plexus/plexus-archiver/2.4.4/plexus-archiver-2.4.4.jar
7f735d000000-7f735e7b0000 rwxp 00000000 00:00 0
7f735e7b0000-7f736c000000 ---p 00000000 00:00 0
7f736c000000-7f736d221000 rw-p 00000000 00:00 0
7f736d221000-7f7370000000 ---p 00000000 00:00 0
7f7370000000-7f7370002000 r--s 00006000 00:00 603403             /home/Vraier/.m2/repository/org/apache/maven/shared/file-management/1.1/file-management-1.1.jar
7f7370002000-7f7370005000 r--s 0000d000 00:00 603395             /home/Vraier/.m2/repository/org/codehaus/plexus/plexus-interpolation/1.19/plexus-interpolation-1.19.jar
7f7370005000-7f7370020000 r--s 00394000 00:00 200613             /usr/lib/jvm/java-8-openjdk-amd64/jre/lib/ext/cldrdata.jar
7f7370020000-7f7370041000 rw-p 00000000 00:00 0
7f7370041000-7f7370210000 r--s 03c33000 00:00 210470             /usr/lib/jvm/java-8-openjdk-amd64/jre/lib/rt.jar
7f7370210000-7f7370286000 rw-p 00000000 00:00 0
7f7370286000-7f7370288000 r--s 00006000 00:00 603386             /home/Vraier/.m2/repository/org/apache/maven/shared/maven-common-artifact-filters/1.4/maven-common-artifact-filters-1.4.jar
7f7370288000-7f737028a000 r--s 00009000 00:00 603388             /home/Vraier/.m2/repository/commons-cli/commons-cli/1.2/commons-cli-1.2.jar
7f737028a000-7f737028c000 r--s 00002000 00:00 603390             /home/Vraier/.m2/repository/org/apache/maven/doxia/doxia-sink-api/1.1/doxia-sink-api-1.1.jar
7f737028c000-7f7370290000 r--s 00031000 00:00 373268             /home/Vraier/.m2/repository/org/apache/maven/plugins/maven-assembly-plugin/2.4.1/maven-assembly-plugin-2.4.1.jar
7f7370290000-7f73702eb000 rw-p 00000000 00:00 0
7f73702ec000-7f73702f0000 r--s 00034000 00:00 421330             /home/Vraier/.m2/repository/org/codehaus/plexus/plexus-utils/3.0/plexus-utils-3.0.jar
7f73702f0000-7f7370ce7000 rw-p 00000000 00:00 0
7f7370ce7000-7f7370ceb000 r--s 0002f000 00:00 421279             /home/Vraier/.m2/repository/commons-lang/commons-lang/2.1/commons-lang-2.1.jar
7f7370ceb000-7f7370cf0000 r--s 00029000 00:00 420465             /home/Vraier/.m2/repository/org/codehaus/plexus/plexus-archiver/2.1/plexus-archiver-2.1.jar
7f7370cf0000-7f7370cf1000 ---p 00000000 00:00 0
7f7370cf1000-7f7370df1000 rw-p 00000000 00:00 0
7f7370df2000-7f7370df5000 r--s 0000c000 00:00 420732             /home/Vraier/.m2/repository/org/codehaus/plexus/plexus-io/2.0.2/plexus-io-2.0.2.jar
7f7370df5000-7f7370df7000 r--s 0000d000 00:00 420594             /home/Vraier/.m2/repository/org/codehaus/plexus/plexus-interpolation/1.15/plexus-interpolation-1.15.jar
7f7370df7000-7f7370df9000 r--s 00004000 00:00 420620             /home/Vraier/.m2/repository/org/apache/maven/maven-archiver/2.5/maven-archiver-2.5.jar
7f7370df9000-7f7370e00000 r--s 00047000 00:00 404078             /home/Vraier/.m2/repository/com/thoughtworks/qdox/qdox/2.0-M8/qdox-2.0-M8.jar
7f7370e00000-7f7370e01000 ---p 00000000 00:00 0
7f7370e01000-7f7370f01000 rw-p 00000000 00:00 0
7f7370f02000-7f7370f04000 r--s 00007000 00:00 276697             /home/Vraier/.m2/repository/org/apache/maven/plugins/maven-jar-plugin/2.4/maven-jar-plugin-2.4.jar
7f7370f04000-7f7370f06000 r--s 00003000 00:00 403872             /home/Vraier/.m2/repository/org/slf4j/jcl-over-slf4j/1.5.6/jcl-over-slf4j-1.5.6.jar
7f7370f06000-7f7370f08000 r--s 00001000 00:00 403604             /home/Vraier/.m2/repository/org/slf4j/slf4j-jdk14/1.5.6/slf4j-jdk14-1.5.6.jar
7f7370f08000-7f7370f10000 r--s 00049000 00:00 403573             /home/Vraier/.m2/repository/backport-util-concurrent/backport-util-concurrent/3.1/backport-util-concurrent-3.1.jar
7f7370f10000-7f7370f11000 ---p 00000000 00:00 0
7f7370f11000-7f7371011000 rw-p 00000000 00:00 0
7f7371012000-7f7371014000 r--s 0000b000 00:00 403582             /home/Vraier/.m2/repository/org/codehaus/plexus/plexus-interpolation/1.11/plexus-interpolation-1.11.jar
7f7371014000-7f737101c000 r--s 00045000 00:00 403548             /home/Vraier/.m2/repository/junit/junit/4.12/junit-4.12.jar
7f737101c000-7f7371020000 r--s 00034000 00:00 403537             /home/Vraier/.m2/repository/org/codehaus/plexus/plexus-utils/1.5.15/plexus-utils-1.5.15.jar
7f7371020000-7f7371021000 ---p 00000000 00:00 0
7f7371021000-7f7371121000 rw-p 00000000 00:00 0
7f7371121000-7f7371123000 r--s 00009000 00:00 403554             /home/Vraier/.m2/repository/org/hamcrest/hamcrest-core/1.3/hamcrest-core-1.3.jar
7f7371123000-7f7371127000 r--s 0003f000 00:00 403528             /home/Vraier/.m2/repository/org/apache/maven/surefire/surefire-booter/2.22.1/surefire-booter-2.22.1.jar
7f7371127000-7f7371130000 r--s 00078000 00:00 403499             /home/Vraier/.m2/repository/org/apache/maven/surefire/maven-surefire-common/2.22.1/maven-surefire-common-2.22.1.jar
7f7371130000-7f737114a000 rw-p 00000000 00:00 0
7f737114a000-7f737127f000 ---p 00000000 00:00 0
7f737127f000-7f737131e000 rw-p 00000000 00:00 0
7f737131e000-7f7371327000 ---p 00000000 00:00 0
7f7371327000-7f7371328000 rw-p 00000000 00:00 0
7f7371329000-7f737132b000 r--s 00002000 00:00 403516             /home/Vraier/.m2/repository/org/apache/maven/surefire/surefire-logger-api/2.22.1/surefire-logger-api-2.22.1.jar
7f737132b000-7f7371330000 r--s 00029000 00:00 403524             /home/Vraier/.m2/repository/org/apache/maven/surefire/surefire-api/2.22.1/surefire-api-2.22.1.jar
7f7371330000-7f737138f000 rw-p 00000000 00:00 0
7f737138f000-7f73716f0000 ---p 00000000 00:00 0
7f73716f0000-7f73716f8000 r-xp 00000000 00:00 225286             /usr/lib/jvm/java-8-openjdk-amd64/jre/lib/amd64/libzip.so
7f73716f8000-7f73716f9000 ---p 00008000 00:00 225286             /usr/lib/jvm/java-8-openjdk-amd64/jre/lib/amd64/libzip.so
7f73716f9000-7f73718f7000 ---p 00000009 00:00 225286             /usr/lib/jvm/java-8-openjdk-amd64/jre/lib/amd64/libzip.so
7f73718f7000-7f73718f8000 r--p 00007000 00:00 225286             /usr/lib/jvm/java-8-openjdk-amd64/jre/lib/amd64/libzip.so
7f73718f8000-7f73718f9000 rw-p 00008000 00:00 225286             /usr/lib/jvm/java-8-openjdk-amd64/jre/lib/amd64/libzip.so
7f73718fa000-7f73718fc000 r--s 00004000 00:00 403177             /home/Vraier/.m2/repository/org/codehaus/plexus/plexus-compiler-javac/2.8.4/plexus-compiler-javac-2.8.4.jar
7f73718fc000-7f73718fe000 r--s 00000000 00:00 402472             /home/Vraier/.m2/repository/org/codehaus/plexus/plexus-compiler-manager/2.8.4/plexus-compiler-manager-2.8.4.jar
7f73718fe000-7f7371900000 r--s 00005000 00:00 403164             /home/Vraier/.m2/repository/org/codehaus/plexus/plexus-compiler-api/2.8.4/plexus-compiler-api-2.8.4.jar
7f7371900000-7f737190b000 r-xp 00000000 00:00 239284             /lib/x86_64-linux-gnu/libnss_files-2.23.so
7f737190b000-7f737190c000 ---p 0000b000 00:00 239284             /lib/x86_64-linux-gnu/libnss_files-2.23.so
7f737190c000-7f7371b0a000 ---p 0000000c 00:00 239284             /lib/x86_64-linux-gnu/libnss_files-2.23.so
7f7371b0a000-7f7371b0b000 r--p 0000a000 00:00 239284             /lib/x86_64-linux-gnu/libnss_files-2.23.so
7f7371b0b000-7f7371b0c000 rw-p 0000b000 00:00 239284             /lib/x86_64-linux-gnu/libnss_files-2.23.so
7f7371b0c000-7f7371b12000 rw-p 00000000 00:00 0
7f7371b12000-7f7371b13000 r--s 00005000 00:00 603421             /home/Vraier/.m2/repository/org/apache/maven/shared/maven-repository-builder/1.0-alpha-2/maven-repository-builder-1.0-alpha-2.jar
7f7371b13000-7f7371b1a000 r--s 00047000 00:00 403162             /home/Vraier/.m2/repository/com/thoughtworks/qdox/qdox/2.0-M9/qdox-2.0-M9.jar
7f7371b1a000-7f7371b1c000 r--s 0001a000 00:00 403156             /home/Vraier/.m2/repository/org/ow2/asm/asm/6.2/asm-6.2.jar
7f7371b1c000-7f7371b1e000 r--s 00008000 00:00 402514             /home/Vraier/.m2/repository/org/codehaus/plexus/plexus-java/0.9.10/plexus-java-0.9.10.jar
7f7371b1e000-7f7371b20000 r--s 00002000 00:00 402510             /home/Vraier/.m2/repository/org/apache/maven/shared/maven-shared-incremental/1.1/maven-shared-incremental-1.1.jar
7f7371b20000-7f7371b2b000 r-xp 00000000 00:00 239272             /lib/x86_64-linux-gnu/libnss_nis-2.23.so
7f7371b2b000-7f7371b2c000 ---p 0000b000 00:00 239272             /lib/x86_64-linux-gnu/libnss_nis-2.23.so
7f7371b2c000-7f7371d2a000 ---p 0000000c 00:00 239272             /lib/x86_64-linux-gnu/libnss_nis-2.23.so
7f7371d2a000-7f7371d2b000 r--p 0000a000 00:00 239272             /lib/x86_64-linux-gnu/libnss_nis-2.23.so
7f7371d2b000-7f7371d2c000 rw-p 0000b000 00:00 239272             /lib/x86_64-linux-gnu/libnss_nis-2.23.so
7f7371d2c000-7f7371d30000 r--s 0002f000 00:00 402496             /home/Vraier/.m2/repository/commons-io/commons-io/2.5/commons-io-2.5.jar
7f7371d30000-7f7371d46000 r-xp 00000000 00:00 239280             /lib/x86_64-linux-gnu/libnsl-2.23.so
7f7371d46000-7f7371d47000 ---p 00016000 00:00 239280             /lib/x86_64-linux-gnu/libnsl-2.23.so
7f7371d47000-7f7371f45000 ---p 00000017 00:00 239280             /lib/x86_64-linux-gnu/libnsl-2.23.so
7f7371f45000-7f7371f46000 r--p 00015000 00:00 239280             /lib/x86_64-linux-gnu/libnsl-2.23.so
7f7371f46000-7f7371f47000 rw-p 00016000 00:00 239280             /lib/x86_64-linux-gnu/libnsl-2.23.so
7f7371f47000-7f7371f49000 rw-p 00000000 00:00 0
7f7371f49000-7f7371f4c000 r--s 00026000 00:00 402486             /home/Vraier/.m2/repository/org/apache/maven/shared/maven-shared-utils/3.2.1/maven-shared-utils-3.2.1.jar
7f7371f4c000-7f7371f4e000 r--s 00002000 00:00 402484             /home/Vraier/.m2/repository/org/sonatype/plexus/plexus-cipher/1.4/plexus-cipher-1.4.jar
7f7371f4e000-7f7371f50000 r--s 00000000 00:00 402460             /home/Vraier/.m2/repository/org/codehaus/plexus/plexus-component-annotations/1.7.1/plexus-component-annotations-1.7.1.jar
7f7371f50000-7f7371f58000 r-xp 00000000 00:00 239290             /lib/x86_64-linux-gnu/libnss_compat-2.23.so
7f7371f58000-7f7371f59000 ---p 00008000 00:00 239290             /lib/x86_64-linux-gnu/libnss_compat-2.23.so
7f7371f59000-7f7372157000 ---p 00000009 00:00 239290             /lib/x86_64-linux-gnu/libnss_compat-2.23.so
7f7372157000-7f7372158000 r--p 00007000 00:00 239290             /lib/x86_64-linux-gnu/libnss_compat-2.23.so
7f7372158000-7f7372159000 rw-p 00008000 00:00 239290             /lib/x86_64-linux-gnu/libnss_compat-2.23.so
7f7372159000-7f737215a000 r--s 00002000 00:00 603392             /home/Vraier/.m2/repository/org/apache/maven/doxia/doxia-logging-api/1.1/doxia-logging-api-1.1.jar
7f737215a000-7f737215c000 r--s 0000d000 00:00 402453             /home/Vraier/.m2/repository/org/codehaus/plexus/plexus-interpolation/1.14/plexus-interpolation-1.14.jar
7f737215c000-7f7372160000 r--s 00017000 00:00 402446             /home/Vraier/.m2/repository/org/sonatype/aether/aether-util/1.7/aether-util-1.7.jar
7f7372160000-7f737218d000 r-xp 00000000 00:00 226818             /usr/lib/jvm/java-8-openjdk-amd64/jre/lib/amd64/libjava.so
7f737218d000-7f737218f000 ---p 0002d000 00:00 226818             /usr/lib/jvm/java-8-openjdk-amd64/jre/lib/amd64/libjava.so
7f737218f000-7f737238c000 ---p 0000002f 00:00 226818             /usr/lib/jvm/java-8-openjdk-amd64/jre/lib/amd64/libjava.so
7f737238c000-7f737238d000 r--p 0002c000 00:00 226818             /usr/lib/jvm/java-8-openjdk-amd64/jre/lib/amd64/libjava.so
7f737238d000-7f737238f000 rw-p 0002d000 00:00 226818             /usr/lib/jvm/java-8-openjdk-amd64/jre/lib/amd64/libjava.so
7f737238f000-7f7372390000 r--s 00002000 00:00 603385             /home/Vraier/.m2/repository/org/apache/maven/reporting/maven-reporting-api/2.2.1/maven-reporting-api-2.2.1.jar
7f7372390000-7f737239f000 r-xp 00000000 00:00 226982             /usr/lib/jvm/java-8-openjdk-amd64/jre/lib/amd64/libverify.so
7f737239f000-7f73723a1000 ---p 0000f000 00:00 226982             /usr/lib/jvm/java-8-openjdk-amd64/jre/lib/amd64/libverify.so
7f73723a1000-7f737259e000 ---p 00000011 00:00 226982             /usr/lib/jvm/java-8-openjdk-amd64/jre/lib/amd64/libverify.so
7f737259e000-7f73725a0000 r--p 0000e000 00:00 226982             /usr/lib/jvm/java-8-openjdk-amd64/jre/lib/amd64/libverify.so
7f73725a0000-7f73725a1000 rw-p 00010000 00:00 226982             /usr/lib/jvm/java-8-openjdk-amd64/jre/lib/amd64/libverify.so
7f73725a1000-7f73725a5000 r--s 00033000 00:00 402420             /home/Vraier/.m2/repository/org/codehaus/plexus/plexus-utils/2.0.4/plexus-utils-2.0.4.jar
7f73725a5000-7f73725b0000 r--s 00069000 00:00 402385             /home/Vraier/.m2/repository/org/sonatype/sisu/sisu-guice/2.1.7/sisu-guice-2.1.7-noaop.jar
7f73725b0000-7f73725b7000 r-xp 00000000 00:00 239259             /lib/x86_64-linux-gnu/librt-2.23.so
7f73725b7000-7f73725b8000 ---p 00007000 00:00 239259             /lib/x86_64-linux-gnu/librt-2.23.so
7f73725b8000-7f73727b6000 ---p 00000008 00:00 239259             /lib/x86_64-linux-gnu/librt-2.23.so
7f73727b6000-7f73727b7000 r--p 00006000 00:00 239259             /lib/x86_64-linux-gnu/librt-2.23.so
7f73727b7000-7f73727b8000 rw-p 00007000 00:00 239259             /lib/x86_64-linux-gnu/librt-2.23.so
7f73727b8000-7f73727b9000 r--s 00002000 00:00 404032             /home/Vraier/.m2/repository/org/apache/maven/reporting/maven-reporting-api/3.0/maven-reporting-api-3.0.jar
7f73727b9000-7f73727be000 r--s 00021000 00:00 402398             /home/Vraier/.m2/repository/org/sonatype/sisu/sisu-inject-bean/1.4.2/sisu-inject-bean-1.4.2.jar
7f73727be000-7f73727c0000 r--s 0000e000 00:00 262336             /home/Vraier/.m2/repository/org/apache/maven/plugins/maven-compiler-plugin/3.8.0/maven-compiler-plugin-3.8.0.jar
7f73727c0000-7f73727d6000 r-xp 00000000 00:00 143397             /lib/x86_64-linux-gnu/libgcc_s.so.1
7f73727d6000-7f73729d5000 ---p 00000016 00:00 143397             /lib/x86_64-linux-gnu/libgcc_s.so.1
7f73729d5000-7f73729d6000 rw-p 00015000 00:00 143397             /lib/x86_64-linux-gnu/libgcc_s.so.1
7f73729d6000-7f73729d7000 r--s 00003000 00:00 403526             /home/Vraier/.m2/repository/org/apache/maven/plugin-tools/maven-plugin-annotations/3.5.2/maven-plugin-annotations-3.5.2.jar
7f73729d7000-7f73729d9000 r--s 0000d000 00:00 401392             /home/Vraier/.m2/repository/org/codehaus/plexus/plexus-interpolation/1.13/plexus-interpolation-1.13.jar
7f73729d9000-7f73729dd000 r--s 00033000 00:00 401378             /home/Vraier/.m2/repository/org/codehaus/plexus/plexus-utils/2.0.5/plexus-utils-2.0.5.jar
7f73729dd000-7f73729e0000 r--s 0001b000 00:00 390920             /home/Vraier/.m2/repository/junit/junit/3.8.1/junit-3.8.1.jar
7f73729e0000-7f7372ae8000 r-xp 00000000 00:00 239299             /lib/x86_64-linux-gnu/libm-2.23.so
7f7372ae8000-7f7372aea000 ---p 00108000 00:00 239299             /lib/x86_64-linux-gnu/libm-2.23.so
7f7372aea000-7f7372ce7000 ---p 0000010a 00:00 239299             /lib/x86_64-linux-gnu/libm-2.23.so
7f7372ce7000-7f7372ce8000 r--p 00107000 00:00 239299             /lib/x86_64-linux-gnu/libm-2.23.so
7f7372ce8000-7f7372ce9000 rw-p 00108000 00:00 239299             /lib/x86_64-linux-gnu/libm-2.23.so
7f7372ce9000-7f7372cf0000 r--s 0002c000 00:00 558733             /usr/share/java/sisu-plexus.jar
7f7372cf0000-7f7372e62000 r-xp 00000000 00:00 137506             /usr/lib/x86_64-linux-gnu/libstdc++.so.6.0.21
7f7372e62000-7f7372e6f000 ---p 00172000 00:00 137506             /usr/lib/x86_64-linux-gnu/libstdc++.so.6.0.21
7f7372e6f000-7f7373062000 ---p 0000017f 00:00 137506             /usr/lib/x86_64-linux-gnu/libstdc++.so.6.0.21
7f7373062000-7f737306c000 r--p 00172000 00:00 137506             /usr/lib/x86_64-linux-gnu/libstdc++.so.6.0.21
7f737306c000-7f737306e000 rw-p 0017c000 00:00 137506             /usr/lib/x86_64-linux-gnu/libstdc++.so.6.0.21
7f737306e000-7f7373072000 rw-p 00000000 00:00 0
7f7373072000-7f7373073000 r--s 00009000 00:00 265021             /home/Vraier/.m2/repository/org/apache/maven/plugins/maven-surefire-plugin/2.22.1/maven-surefire-plugin-2.22.1.jar
7f7373073000-7f7373080000 r--s 0008d000 00:00 558938             /usr/share/java/maven3-core-3.3.9.jar
7f7373080000-7f7373ce1000 r-xp 00000000 00:00 227053             /usr/lib/jvm/java-8-openjdk-amd64/jre/lib/amd64/server/libjvm.so
7f7373ce1000-7f7373dac000 ---p 00c61000 00:00 227053             /usr/lib/jvm/java-8-openjdk-amd64/jre/lib/amd64/server/libjvm.so
7f7373dac000-7f7373ee1000 ---p 00000d2c 00:00 227053             /usr/lib/jvm/java-8-openjdk-amd64/jre/lib/amd64/server/libjvm.so
7f7373ee1000-7f7373f75000 r--p 00c61000 00:00 227053             /usr/lib/jvm/java-8-openjdk-amd64/jre/lib/amd64/server/libjvm.so
7f7373f75000-7f7373f9e000 rw-p 00cf5000 00:00 227053             /usr/lib/jvm/java-8-openjdk-amd64/jre/lib/amd64/server/libjvm.so
7f7373f9e000-7f7373fce000 rw-p 00000000 00:00 0
7f7373fce000-7f7373fd0000 r--s 00009000 00:00 400917             /home/Vraier/.m2/repository/org/apache/maven/shared/maven-filtering/1.1/maven-filtering-1.1.jar
7f7373fd0000-7f7373fe8000 r-xp 00000000 00:00 239267             /lib/x86_64-linux-gnu/libpthread-2.23.so
7f7373fe8000-7f7373ff2000 ---p 00018000 00:00 239267             /lib/x86_64-linux-gnu/libpthread-2.23.so
7f7373ff2000-7f73741e7000 ---p 00000022 00:00 239267             /lib/x86_64-linux-gnu/libpthread-2.23.so
7f73741e7000-7f73741e8000 r--p 00017000 00:00 239267             /lib/x86_64-linux-gnu/libpthread-2.23.so
7f73741e8000-7f73741e9000 rw-p 00018000 00:00 239267             /lib/x86_64-linux-gnu/libpthread-2.23.so
7f73741e9000-7f73741ed000 rw-p 00000000 00:00 0
7f73741ed000-7f73741ee000 r--s 00006000 00:00 402477             /home/Vraier/.m2/repository/org/sonatype/plexus/plexus-sec-dispatcher/1.3/plexus-sec-dispatcher-1.3.jar
7f73741ee000-7f73741f0000 r--s 00002000 00:00 401346             /home/Vraier/.m2/repository/org/codehaus/plexus/plexus-interactivity-api/1.0-alpha-4/plexus-interactivity-api-1.0-alpha-4.jar
7f73741f0000-7f73741f3000 r-xp 00000000 00:00 239263             /lib/x86_64-linux-gnu/libdl-2.23.so
7f73741f3000-7f73741f4000 ---p 00003000 00:00 239263             /lib/x86_64-linux-gnu/libdl-2.23.so
7f73741f4000-7f73743f2000 ---p 00000004 00:00 239263             /lib/x86_64-linux-gnu/libdl-2.23.so
7f73743f2000-7f73743f3000 r--p 00002000 00:00 239263             /lib/x86_64-linux-gnu/libdl-2.23.so
7f73743f3000-7f73743f4000 rw-p 00003000 00:00 239263             /lib/x86_64-linux-gnu/libdl-2.23.so
7f73743f4000-7f73743f5000 r--s 00001000 00:00 401390             /home/Vraier/.m2/repository/org/sonatype/plexus/plexus-build-api/0.0.4/plexus-build-api-0.0.4.jar
7f73743f5000-7f73743f7000 r--s 00006000 00:00 401317             /home/Vraier/.m2/repository/commons-cli/commons-cli/1.0/commons-cli-1.0.jar
7f73743f7000-7f73743f8000 r--s 00001000 00:00 401001             /home/Vraier/.m2/repository/org/apache/maven/doxia/doxia-sink-api/1.0-alpha-7/doxia-sink-api-1.0-alpha-7.jar
7f73743f8000-7f7374400000 r--s 00054000 00:00 558612             /usr/share/java/sisu-inject.jar
7f7374400000-7f7374419000 r-xp 00000000 00:00 212958             /lib/x86_64-linux-gnu/libz.so.1.2.8
7f7374419000-7f737441a000 ---p 00019000 00:00 212958             /lib/x86_64-linux-gnu/libz.so.1.2.8
7f737441a000-7f7374618000 ---p 0000001a 00:00 212958             /lib/x86_64-linux-gnu/libz.so.1.2.8
7f7374618000-7f7374619000 r--p 00018000 00:00 212958             /lib/x86_64-linux-gnu/libz.so.1.2.8
7f7374619000-7f737461a000 rw-p 00019000 00:00 212958             /lib/x86_64-linux-gnu/libz.so.1.2.8
7f737461a000-7f737461b000 r--s 00002000 00:00 400989             /home/Vraier/.m2/repository/org/apache/maven/reporting/maven-reporting-api/2.0.6/maven-reporting-api-2.0.6.jar
7f737461b000-7f7374620000 r--s 000a0000 00:00 227225             /usr/lib/jvm/java-8-openjdk-amd64/jre/lib/jsse.jar
7f7374620000-7f73747e0000 r-xp 00000000 00:00 239288             /lib/x86_64-linux-gnu/libc-2.23.so
7f73747e0000-7f73747e9000 ---p 001c0000 00:00 239288             /lib/x86_64-linux-gnu/libc-2.23.so
7f73747e9000-7f73749e0000 ---p 000001c9 00:00 239288             /lib/x86_64-linux-gnu/libc-2.23.so
7f73749e0000-7f73749e4000 r--p 001c0000 00:00 239288             /lib/x86_64-linux-gnu/libc-2.23.so
7f73749e4000-7f73749e6000 rw-p 001c4000 00:00 239288             /lib/x86_64-linux-gnu/libc-2.23.so
7f73749e6000-7f73749ea000 rw-p 00000000 00:00 0
7f73749ea000-7f73749ec000 r--s 00006000 00:00 258601             /home/Vraier/.m2/repository/org/apache/maven/plugins/maven-resources-plugin/2.6/maven-resources-plugin-2.6.jar
7f73749ec000-7f73749ee000 r--s 0000a000 00:00 558762             /usr/share/java/wagon-provider-api-2.x.jar
7f73749ee000-7f73749ef000 r--s 00001000 00:00 558775             /usr/share/java/wagon-http-shared-2.x.jar
7f73749ef000-7f73749f0000 r--s 00001000 00:00 558761             /usr/share/java/wagon-file-2.x.jar
7f73749f0000-7f73749fd000 r-xp 00000000 00:00 226819             /usr/lib/jvm/java-8-openjdk-amd64/jre/lib/amd64/jli/libjli.so
7f73749fd000-7f73749ff000 ---p 0000d000 00:00 226819             /usr/lib/jvm/java-8-openjdk-amd64/jre/lib/amd64/jli/libjli.so
7f73749ff000-7f7374bfd000 ---p 0000000f 00:00 226819             /usr/lib/jvm/java-8-openjdk-amd64/jre/lib/amd64/jli/libjli.so
7f7374bfd000-7f7374bfe000 r--p 0000d000 00:00 226819             /usr/lib/jvm/java-8-openjdk-amd64/jre/lib/amd64/jli/libjli.so
7f7374bfe000-7f7374bff000 rw-p 0000e000 00:00 226819             /usr/lib/jvm/java-8-openjdk-amd64/jre/lib/amd64/jli/libjli.so
7f7374bff000-7f7374c00000 r--s 00002000 00:00 549714             /usr/share/java/slf4j-simple.jar
7f7374c00000-7f7374c25000 r-xp 00000000 00:00 239265             /lib/x86_64-linux-gnu/ld-2.23.so
7f7374c25000-7f7374c26000 r-xp 00025000 00:00 239265             /lib/x86_64-linux-gnu/ld-2.23.so
7f7374c26000-7f7374c28000 r--s 00007000 00:00 549723             /usr/share/java/slf4j-api.jar
7f7374c28000-7f7374c2c000 r--s 00038000 00:00 558222             /usr/share/java/plexus-utils2.jar
7f7374c2c000-7f7374c2e000 r--s 0000e000 00:00 540299             /usr/share/java/plexus-interpolation.jar
7f7374c2e000-7f7374c30000 r--s 00000000 00:00 558251             /usr/share/java/plexus-component-annotations-1.5.jar
7f7374c30000-7f7374c7e000 rw-p 00000000 00:00 0
7f7374c7e000-7f7374c80000 r--s 00002000 00:00 557788             /usr/share/java/plexus-cipher.jar
7f7374c80000-7f7374ca8000 rw-p 00000000 00:00 0
7f7374ca8000-7f7374cab000 r--s 00007000 00:00 558945             /usr/share/java/maven3-settings-builder-3.3.9.jar
7f7374cab000-7f7374cb0000 r--s 00025000 00:00 558950             /usr/share/java/maven3-model-builder-3.3.9.jar
7f7374cb0000-7f7374cc4000 rw-p 00000000 00:00 0
7f7374cc4000-7f7374cc5000 r--s 00006000 00:00 557852             /usr/share/java/plexus-sec-dispatcher.jar
7f7374cc5000-7f7374cc7000 r--s 0000a000 00:00 558934             /usr/share/java/maven3-plugin-api-3.3.9.jar
7f7374cc7000-7f7374cc9000 r--s 00027000 00:00 558764             /usr/share/java/maven3-model-3.3.9.jar
7f7374cc9000-7f7374cd0000 r--s 00041000 00:00 558936             /usr/share/java/maven3-compat-3.3.9.jar
7f7374cd0000-7f7374cea000 rw-p 00000000 00:00 0
7f7374cea000-7f7374e20000 ---p 00000000 00:00 0
7f7374e20000-7f7374e21000 rw-p 00000000 00:00 0
7f7374e21000-7f7374e22000 r--s 0000a000 00:00 558932             /usr/share/java/maven3-settings-3.3.9.jar
7f7374e22000-7f7374e25000 r--s 0000a000 00:00 558948             /usr/share/java/maven3-artifact-3.3.9.jar
7f7374e25000-7f7374e26000 r--p 00025000 00:00 239265             /lib/x86_64-linux-gnu/ld-2.23.so
7f7374e26000-7f7374e27000 rw-p 00026000 00:00 239265             /lib/x86_64-linux-gnu/ld-2.23.so
7f7374e27000-7f7374e28000 rw-p 00000000 00:00 0
7f7374e28000-7f7374e2a000 r--s 00013000 00:00 558763             /usr/share/java/maven3-embedder-3.3.9.jar
7f7374e2a000-7f7374e30000 r--s 00048000 00:00 550040             /usr/share/java/jsoup.jar
7f7374e30000-7f7374e31000 r--p 00000000 00:00 0
7f7374e31000-7f7374e32000 r--s 00006000 00:00 558940             /usr/share/java/maven3-repository-metadata-3.3.9.jar
7f7374e32000-7f7374e40000 r--s 00095000 00:00 550534             /usr/share/java/guice.jar
7f7374e40000-7f7374e43000 ---p 00000000 00:00 0
7f7374e43000-7f7374f41000 rw-p 00000000 00:00 0
7f7374f41000-7f7374f43000 r--s 00001000 00:00 558946             /usr/share/java/maven3-builder-support-3.3.9.jar
7f7374f43000-7f7374f45000 r--s 0000d000 00:00 558942             /usr/share/java/maven3-aether-provider-3.3.9.jar
7f7374f45000-7f7374f46000 r--s 00004000 00:00 490055             /usr/share/java/atinject-jsr330-tck-1.0.jar
7f7374f46000-7f7374f4a000 r--s 00020000 00:00 550411             /usr/share/java/eclipse-aether-util.jar
7f7374f4a000-7f7374f4c000 r--s 00005000 00:00 550409             /usr/share/java/eclipse-aether-transport-wagon.jar
7f7374f4c000-7f7374f50000 r--s 00027000 00:00 550403             /usr/share/java/eclipse-aether-impl.jar
7f7374f50000-7f7374f51000 rw-p 00000000 00:00 0
7f7374f51000-7f7374f53000 r--s 00006000 00:00 550408             /usr/share/java/eclipse-aether-spi.jar
7f7374f53000-7f7374f54000 r--s 00008000 00:00 550406             /usr/share/java/eclipse-aether-connector-basic.jar
7f7374f54000-7f7374f59000 r--s 0001d000 00:00 550410             /usr/share/java/eclipse-aether-api.jar
7f7374f59000-7f7374f60000 r--s 0005d000 00:00 494935             /usr/share/java/commons-lang3.jar
7f7374f60000-7f7374f61000 rw-p 00000000 00:00 0
7f7374f61000-7f7374f66000 r--s 00040000 00:00 494237             /usr/share/java/commons-lang-2.6.jar
7f7374f66000-7f7374f6a000 r--s 00027000 00:00 493617             /usr/share/java/commons-io-2.4.jar
7f7374f6a000-7f7374f6c000 r--s 0000a000 00:00 490238             /usr/share/java/commons-cli-1.3.1.jar
7f7374f6c000-7f7374f6d000 r--s 00000000 00:00 490101             /usr/share/java/geronimo-interceptor-3.0-spec-1.0.1.jar
7f7374f6d000-7f7374f70000 r--s 00008000 00:00 490158             /usr/share/java/cdi-api-1.0.jar
7f7374f70000-7f7374f71000 rw-p 00000000 00:00 0
7f7374f71000-7f7374f73000 r--s 00012000 00:00 490147             /usr/share/java/el-api-3.0.jar
7f7374f73000-7f7374f75000 r--s 00001000 00:00 550522             /usr/share/java/aopalliance-1.0.jar
7f7374f75000-7f7374f77000 r--s 0000a000 00:00 558203             /usr/share/java/plexus-classworlds2-2.5.2.jar
7f7374f77000-7f7374f7a000 r--s 00038000 00:00 179806             /usr/lib/jvm/java-8-openjdk-amd64/jre/lib/ext/sunpkcs11.jar
7f7374f7a000-7f7374f80000 r--s 0003b000 00:00 204768             /usr/lib/jvm/java-8-openjdk-amd64/jre/lib/ext/sunjce_provider.jar
7f7374f80000-7f7374f81000 rw-p 00000000 00:00 0
7f7374f81000-7f7374f82000 r--s 00000000 00:00 490056             /usr/share/java/atinject-jsr330-api-1.0.jar
7f7374f82000-7f7374f83000 r--s 00010000 00:00 179808             /usr/lib/jvm/java-8-openjdk-amd64/jre/lib/ext/zipfs.jar
7f7374f83000-7f7374f85000 r--s 00008000 00:00 179807             /usr/lib/jvm/java-8-openjdk-amd64/jre/lib/ext/sunec.jar
7f7374f85000-7f7374f8f000 r--s 00116000 00:00 205140             /usr/lib/jvm/java-8-openjdk-amd64/jre/lib/ext/localedata.jar
7f7374f8f000-7f7374f90000 r--s 0000a000 00:00 200565             /usr/lib/jvm/java-8-openjdk-amd64/jre/lib/ext/jaccess.jar
7f7374f90000-7f7374f91000 rw-p 00000000 00:00 0
7f7374f91000-7f7374f94000 r--s 0000f000 00:00 205131             /usr/lib/jvm/java-8-openjdk-amd64/jre/lib/ext/icedtea-sound.jar
7f7374f94000-7f7374f96000 r--s 00001000 00:00 179810             /usr/lib/jvm/java-8-openjdk-amd64/jre/lib/ext/dnsns.jar
7f7374f96000-7f7374f9e000 rw-s 00000000 00:00 384440             /tmp/hsperfdata_Vraier/50
7fffc9f38000-7fffca738000 rw-p 00000000 00:00 0                  [stack]
7fffcae32000-7fffcae33000 r-xp 00000000 00:00 0                  [vdso]

VM Arguments:
jvm_args: -Dclassworlds.conf=/usr/share/maven/bin/m2.conf -Dmaven.home=/usr/share/maven -Dmaven.multiModuleProjectDirectory=/mnt/c/Users/jpvdh/Documents/Bachelorarbeit/aquaplanning 
java_command: org.codehaus.plexus.classworlds.launcher.Launcher package
java_class_path (initial): /usr/share/maven/boot/plexus-classworlds-2.x.jar
Launcher Type: SUN_STANDARD

Environment Variables:
JAVA_HOME=/usr/lib/jvm/java-8-openjdk-amd64
PATH=/home/Vraier/bin:/home/Vraier/.local/bin:/usr/local/sbin:/usr/local/bin:/usr/sbin:/usr/bin:/sbin:/bin:/usr/games:/usr/local/games:/mnt/c/Program Files/Haskell Platform/8.4.3/lib/extralibs/bin:/mnt/c/Program Files/Haskell Platform/8.4.3/bin:/mnt/c/Program Files/Python36/Scripts:/mnt/c/Program Files/Python36:/mnt/c/ProgramData/Oracle/Java/javapath_target_15263531:/mnt/c/Windows/System32:/mnt/c/Windows:/mnt/c/Windows/System32/wbem:/mnt/c/Windows/System32/WindowsPowerShell/v1.0:/mnt/c/Program Files/Java/jdk1.8.0_121/bin:/mnt/c/Program Files/MiKTeX 2.9/miktex/bin/x64:/mnt/c/Program Files/Chrome Driver:/mnt/c/Windows/System32/OpenSSH:/mnt/c/Program Files/Microsoft VS Code/bin:/mnt/c/Program Files/Haskell Platform/8.4.3/mingw/bin:/mnt/c/Users/jpvdh/AppData/Roaming/local/bin:/mnt/c/Users/jpvdh/AppData/Local/Microsoft/WindowsApps:/mnt/c/Users/jpvdh/AppData/Local/atom/bin:/mnt/c/Users/jpvdh/AppData/Local/Microsoft/WindowsApps:/mnt/c/Program Files/Microsoft VS Code/bin:/snap/bin
SHELL=/bin/bash
HOSTTYPE=x86_64

Signal Handlers:
SIGSEGV: [libjvm.so+0xa74ca0], sa_mask[0]=11111111111111111111111111111110, sa_flags=SA_RESTART|SA_SIGINFO
SIGBUS: [libjvm.so+0xa74ca0], sa_mask[0]=11111111111111111111111111111110, sa_flags=SA_RESTART|SA_SIGINFO
SIGFPE: [libjvm.so+0x8bbcf0], sa_mask[0]=11111111111111111111111111111110, sa_flags=SA_RESTART|SA_SIGINFO
SIGPIPE: [libjvm.so+0x8bbcf0], sa_mask[0]=11111111111111111111111111111110, sa_flags=SA_RESTART|SA_SIGINFO
SIGXFSZ: [libjvm.so+0x8bbcf0], sa_mask[0]=11111111111111111111111111111110, sa_flags=SA_RESTART|SA_SIGINFO
SIGILL: [libjvm.so+0x8bbcf0], sa_mask[0]=11111111111111111111111111111110, sa_flags=SA_RESTART|SA_SIGINFO
SIGUSR1: SIG_DFL, sa_mask[0]=00000000000000000000000000000000, sa_flags=none
SIGUSR2: [libjvm.so+0x8bbba0], sa_mask[0]=00000000000000000000000000000000, sa_flags=SA_RESTART|SA_SIGINFO
SIGHUP: [libjvm.so+0x8bc230], sa_mask[0]=11111111111111111111111111111110, sa_flags=SA_RESTART|SA_SIGINFO
SIGINT: [libjvm.so+0x8bc230], sa_mask[0]=11111111111111111111111111111110, sa_flags=SA_RESTART|SA_SIGINFO
SIGTERM: [libjvm.so+0x8bc230], sa_mask[0]=11111111111111111111111111111110, sa_flags=SA_RESTART|SA_SIGINFO
SIGQUIT: [libjvm.so+0x8bc230], sa_mask[0]=11111111111111111111111111111110, sa_flags=SA_RESTART|SA_SIGINFO


---------------  S Y S T E M  ---------------

OS:DISTRIB_ID=Ubuntu
DISTRIB_RELEASE=16.04
DISTRIB_CODENAME=xenial
DISTRIB_DESCRIPTION="Ubuntu 16.04.6 LTS"

uname:Linux 4.4.0-17134-Microsoft #706-Microsoft Mon Apr 01 18:13:00 PST 2019 x86_64
libc:glibc 2.23 NPTL 2.23 
rlimit: STACK 8192k, CORE 0k, NPROC 7823, NOFILE 65536, AS infinity
load average:0.52 0.58 0.59

/proc/meminfo:
MemTotal:        4117772 kB
MemFree:          461720 kB
Buffers:           34032 kB
Cached:           188576 kB
SwapCached:            0 kB
Active:           167556 kB
Inactive:         157876 kB
Active(anon):     103104 kB
Inactive(anon):    17440 kB
Active(file):      64452 kB
Inactive(file):   140436 kB
Unevictable:           0 kB
Mlocked:               0 kB
SwapTotal:       1431552 kB
SwapFree:        1061408 kB
Dirty:                 0 kB
Writeback:             0 kB
AnonPages:        102824 kB
Mapped:            71404 kB
Shmem:             17720 kB
Slab:              13868 kB
SReclaimable:       6744 kB
SUnreclaim:         7124 kB
KernelStack:        2848 kB
PageTables:         2524 kB
NFS_Unstable:          0 kB
Bounce:                0 kB
WritebackTmp:          0 kB
CommitLimit:      515524 kB
Committed_AS:    3450064 kB
VmallocTotal:     122880 kB
VmallocUsed:       21296 kB
VmallocChunk:      66044 kB
HardwareCorrupted:     0 kB
AnonHugePages:      2048 kB
HugePages_Total:       0
HugePages_Free:        0
HugePages_Rsvd:        0
HugePages_Surp:        0
Hugepagesize:       2048 kB
DirectMap4k:       12280 kB
DirectMap4M:      897024 kB


CPU:total 4 (initial active 4) (2 cores per cpu, 2 threads per core) family 6 model 78 stepping 3, cmov, cx8, fxsr, mmx, sse, sse2, sse3, ssse3, sse4.1, sse4.2, popcnt, avx, avx2, aes, clmul, erms, 3dnowpref, lzcnt, ht, tsc, tscinvbit, bmi1, bmi2, adx

/proc/cpuinfo:
processor	: 0
vendor_id	: GenuineIntel
cpu family	: 6
model		: 78
model name	: Intel(R) Core(TM) m3-6Y30 CPU @ 0.90GHz
stepping	: 3
microcode	: 0xffffffff
cpu MHz		: 1512.000
cache size	: 256 KB
physical id	: 0
siblings	: 4
core id		: 0
cpu cores	: 2
apicid		: 0
initial apicid	: 0
fpu		: yes
fpu_exception	: yes
cpuid level	: 6
wp		: yes
flags		: fpu vme de pse tsc msr pae mce cx8 apic sep mtrr pge mca cmov pat pse36 clflush dts acpi mmx fxsr sse sse2 ss ht tm pbe syscall nx pdpe1gb rdtscp lm pni pclmulqdq dtes64 monitor ds_cpl vmx est tm2 ssse3 fma cx16 xtpr pdcm pcid sse4_1 sse4_2 x2apic movbe popcnt tsc_deadline_timer aes xsave osxsave avx f16c rdrand
bogomips	: 3024.00
clflush size	: 64
cache_alignment	: 64
address sizes	: 36 bits physical, 48 bits virtual
power management:

processor	: 1
vendor_id	: GenuineIntel
cpu family	: 6
model		: 78
model name	: Intel(R) Core(TM) m3-6Y30 CPU @ 0.90GHz
stepping	: 3
microcode	: 0xffffffff
cpu MHz		: 1512.000
cache size	: 256 KB
physical id	: 0
siblings	: 4
core id		: 0
cpu cores	: 2
apicid		: 0
initial apicid	: 0
fpu		: yes
fpu_exception	: yes
cpuid level	: 6
wp		: yes
flags		: fpu vme de pse tsc msr pae mce cx8 apic sep mtrr pge mca cmov pat pse36 clflush dts acpi mmx fxsr sse sse2 ss ht tm pbe syscall nx pdpe1gb rdtscp lm pni pclmulqdq dtes64 monitor ds_cpl vmx est tm2 ssse3 fma cx16 xtpr pdcm pcid sse4_1 sse4_2 x2apic movbe popcnt tsc_deadline_timer aes xsave osxsave avx f16c rdrand
bogomips	: 3024.00
clflush size	: 64
cache_alignment	: 64
address sizes	: 36 bits physical, 48 bits virtual
power management:

processor	: 2
vendor_id	: GenuineIntel
cpu family	: 6
model		: 78
model name	: Intel(R) Core(TM) m3-6Y30 CPU @ 0.90GHz
stepping	: 3
microcode	: 0xffffffff
cpu MHz		: 1512.000
cache size	: 256 KB
physical id	: 0
siblings	: 4
core id		: 1
cpu cores	: 2
apicid		: 0
initial apicid	: 0
fpu		: yes
fpu_exception	: yes
cpuid level	: 6
wp		: yes
flags		: fpu vme de pse tsc msr pae mce cx8 apic sep mtrr pge mca cmov pat pse36 clflush dts acpi mmx fxsr sse sse2 ss ht tm pbe syscall nx pdpe1gb rdtscp lm pni pclmulqdq dtes64 monitor ds_cpl vmx est tm2 ssse3 fma cx16 xtpr pdcm pcid sse4_1 sse4_2 x2apic movbe popcnt tsc_deadline_timer aes xsave osxsave avx f16c rdrand
bogomips	: 3024.00
clflush size	: 64
cache_alignment	: 64
address sizes	: 36 bits physical, 48 bits virtual
power management:

processor	: 3
vendor_id	: GenuineIntel
cpu family	: 6
model		: 78
model name	: Intel(R) Core(TM) m3-6Y30 CPU @ 0.90GHz
stepping	: 3
microcode	: 0xffffffff
cpu MHz		: 1512.000
cache size	: 256 KB
physical id	: 0
siblings	: 4
core id		: 1
cpu cores	: 2
apicid		: 0
initial apicid	: 0
fpu		: yes
fpu_exception	: yes
cpuid level	: 6
wp		: yes
flags		: fpu vme de pse tsc msr pae mce cx8 apic sep mtrr pge mca cmov pat pse36 clflush dts acpi mmx fxsr sse sse2 ss ht tm pbe syscall nx pdpe1gb rdtscp lm pni pclmulqdq dtes64 monitor ds_cpl vmx est tm2 ssse3 fma cx16 xtpr pdcm pcid sse4_1 sse4_2 x2apic movbe popcnt tsc_deadline_timer aes xsave osxsave avx f16c rdrand
bogomips	: 3024.00
clflush size	: 64
cache_alignment	: 64
address sizes	: 36 bits physical, 48 bits virtual
power management:



Memory: 4k page, physical 4117772k(461872k free), swap 1431552k(1061408k free)

vm_info: OpenJDK 64-Bit Server VM (25.191-b12) for linux-amd64 JRE (1.8.0_191-8u191-b12-2ubuntu0.16.04.1-b12), built on Jan 14 2019 21:59:52 by "buildd" with gcc 5.4.0 20160609

time: Wed Jun 12 18:13:59 2019
elapsed time: 124 seconds (0d 0h 2m 4s)

