#
# There is insufficient memory for the Java Runtime Environment to continue.
# Native memory allocation (malloc) failed to allocate 1758576 bytes for Chunk::new
# Possible reasons:
#   The system is out of physical RAM or swap space
#   In 32 bit mode, the process size limit was hit
# Possible solutions:
#   Reduce memory load on the system
#   Increase physical memory or swap space
#   Check if swap backing store is full
#   Use 64 bit Java on a 64 bit OS
#   Decrease Java heap size (-Xmx/-Xms)
#   Decrease number of Java threads
#   Decrease Java thread stack sizes (-Xss)
#   Set larger code cache with -XX:ReservedCodeCacheSize=
# This output file may be truncated or incomplete.
#
#  Out of Memory Error (allocation.cpp:390), pid=8220, tid=0x0000000000000514
#
# JRE version: Java(TM) SE Runtime Environment (8.0_131-b11) (build 1.8.0_131-b11)
# Java VM: Java HotSpot(TM) 64-Bit Server VM (25.131-b11 mixed mode windows-amd64 compressed oops)
# Failed to write core dump. Minidumps are not enabled by default on client versions of Windows
#

---------------  T H R E A D  ---------------

Current thread (0x0000000014f0e000):  JavaThread "C2 CompilerThread0" daemon [_thread_in_native, id=1300, stack(0x0000000016590000,0x0000000016690000)]

Stack: [0x0000000016590000,0x0000000016690000]
[error occurred during error reporting (printing stack bounds), id 0xc0000005]

Native frames: (J=compiled Java code, j=interpreted, Vv=VM code, C=native code)


Current CompileTask:
C2:   3599 1178 %     4       edu.kit.aquaplanning.planning.sat.SimpleSatPlanner::addTransitionalClauses @ 48 (391 bytes)


---------------  P R O C E S S  ---------------

Java Threads: ( => current thread )
  0x00000000169bd000 JavaThread "ReaderThread" [_thread_in_native, id=10640, stack(0x0000000017000000,0x0000000017100000)]
  0x00000000168bc800 JavaThread "Service Thread" daemon [_thread_blocked, id=9156, stack(0x0000000016c90000,0x0000000016d90000)]
  0x0000000014f1c800 JavaThread "C1 CompilerThread2" daemon [_thread_blocked, id=13336, stack(0x0000000016790000,0x0000000016890000)]
  0x0000000014f16800 JavaThread "C2 CompilerThread1" daemon [_thread_in_native, id=5128, stack(0x0000000016690000,0x0000000016790000)]
=>0x0000000014f0e000 JavaThread "C2 CompilerThread0" daemon [_thread_in_native, id=1300, stack(0x0000000016590000,0x0000000016690000)]
  0x0000000014f0c000 JavaThread "Attach Listener" daemon [_thread_blocked, id=4260, stack(0x0000000016490000,0x0000000016590000)]
  0x0000000014f09000 JavaThread "Signal Dispatcher" daemon [_thread_blocked, id=6480, stack(0x0000000016390000,0x0000000016490000)]
  0x00000000028eb000 JavaThread "Finalizer" daemon [_thread_blocked, id=12576, stack(0x0000000016170000,0x0000000016270000)]
  0x00000000028e0000 JavaThread "Reference Handler" daemon [_thread_blocked, id=13912, stack(0x0000000016070000,0x0000000016170000)]
  0x000000000268d800 JavaThread "main" [_thread_in_Java, id=3132, stack(0x0000000002690000,0x0000000002790000)]

Other Threads:
  0x0000000014ed7800 VMThread [stack: 0x0000000015f70000,0x0000000016070000] [id=2700]
  0x00000000168c8800 WatcherThread [stack: 0x0000000016f00000,0x0000000017000000] [id=1476]

VM state:not at safepoint (normal execution)

VM Mutex/Monitor currently owned by a thread: None

Heap:
 PSYoungGen      total 69120K, used 29043K [0x00000000eb100000, 0x00000000efc00000, 0x0000000100000000)
  eden space 64512K, 37% used [0x00000000eb100000,0x00000000ec8e0588,0x00000000ef000000)
  from space 4608K, 99% used [0x00000000ef580000,0x00000000ef9fc7b0,0x00000000efa00000)
  to   space 5632K, 0% used [0x00000000ef000000,0x00000000ef000000,0x00000000ef580000)
 ParOldGen       total 44032K, used 4360K [0x00000000c1200000, 0x00000000c3d00000, 0x00000000eb100000)
  object space 44032K, 9% used [0x00000000c1200000,0x00000000c16422b8,0x00000000c3d00000)
 Metaspace       used 7297K, capacity 7550K, committed 7680K, reserved 1056768K
  class space    used 848K, capacity 935K, committed 1024K, reserved 1048576K

Card table byte_map: [0x0000000011cb0000,0x0000000011eb0000] byte_map_base: 0x00000000116a7000

Marking Bits: (ParMarkBitMap*) 0x0000000073a3c720
 Begin Bits: [0x0000000012400000, 0x00000000133b8000)
 End Bits:   [0x00000000133b8000, 0x0000000014370000)

Polling page: 0x0000000000a50000

CodeCache: size=245760Kb used=5039Kb max_used=5039Kb free=240720Kb
 bounds [0x00000000028f0000, 0x0000000002de0000, 0x00000000118f0000]
 total_blobs=1539 nmethods=1234 adapters=217
 compilation: enabled

Compilation events (10 events):
Event: 3.562 Thread 0x0000000014f1c800 1303       3       org.sat4j.minisat.orders.AbstractPhaserecordingSelectionStrategy::init (47 bytes)
Event: 3.563 Thread 0x0000000014f1c800 nmethod 1303 0x0000000002dd9790 code [0x0000000002dd9900, 0x0000000002dd9cb0]
Event: 3.563 Thread 0x0000000014f1c800 1304 %     3       org.sat4j.core.VecInt::growTo @ 8 (33 bytes)
Event: 3.563 Thread 0x0000000014f1c800 nmethod 1304% 0x0000000002dd9e90 code [0x0000000002dda000, 0x0000000002dda348]
Event: 3.563 Thread 0x0000000014f1c800 1305       3       org.sat4j.core.VecInt::growTo (33 bytes)
Event: 3.564 Thread 0x0000000014f1c800 nmethod 1305 0x0000000002dda4d0 code [0x0000000002dda640, 0x0000000002dda948]
Event: 3.565 Thread 0x0000000014f1c800 1306 %     3       org.sat4j.minisat.orders.VarOrderHeap::init @ 82 (195 bytes)
Event: 3.567 Thread 0x0000000014f1c800 nmethod 1306% 0x0000000002ddaa90 code [0x0000000002ddad40, 0x0000000002ddbe48]
Event: 3.567 Thread 0x0000000014f1c800 1307       3       org.sat4j.minisat.orders.VarOrderHeap::init (195 bytes)
Event: 3.568 Thread 0x0000000014f1c800 nmethod 1307 0x0000000002ddc690 code [0x0000000002ddc940, 0x0000000002ddd9a8]

GC Heap History (10 events):
Event: 2.050 GC heap before
{Heap before GC invocations=2 (full 0):
 PSYoungGen      total 18944K, used 18941K [0x00000000eb100000, 0x00000000ec600000, 0x0000000100000000)
  eden space 16384K, 100% used [0x00000000eb100000,0x00000000ec100000,0x00000000ec100000)
  from space 2560K, 99% used [0x00000000ec100000,0x00000000ec37f7b0,0x00000000ec380000)
  to   space 2560K, 0% used [0x00000000ec380000,0x00000000ec380000,0x00000000ec600000)
 ParOldGen       total 44032K, used 129K [0x00000000c1200000, 0x00000000c3d00000, 0x00000000eb100000)
  object space 44032K, 0% used [0x00000000c1200000,0x00000000c1220500,0x00000000c3d00000)
 Metaspace       used 6791K, capacity 6952K, committed 7040K, reserved 1056768K
  class space    used 802K, capacity 870K, committed 896K, reserved 1048576K
Event: 2.061 GC heap after
Heap after GC invocations=2 (full 0):
 PSYoungGen      total 18944K, used 2544K [0x00000000eb100000, 0x00000000ed600000, 0x0000000100000000)
  eden space 16384K, 0% used [0x00000000eb100000,0x00000000eb100000,0x00000000ec100000)
  from space 2560K, 99% used [0x00000000ec380000,0x00000000ec5fc010,0x00000000ec600000)
  to   space 2560K, 0% used [0x00000000ec100000,0x00000000ec100000,0x00000000ec380000)
 ParOldGen       total 44032K, used 312K [0x00000000c1200000, 0x00000000c3d00000, 0x00000000eb100000)
  object space 44032K, 0% used [0x00000000c1200000,0x00000000c124e2b8,0x00000000c3d00000)
 Metaspace       used 6791K, capacity 6952K, committed 7040K, reserved 1056768K
  class space    used 802K, capacity 870K, committed 896K, reserved 1048576K
}
Event: 2.379 GC heap before
{Heap before GC invocations=3 (full 0):
 PSYoungGen      total 18944K, used 18928K [0x00000000eb100000, 0x00000000ed600000, 0x0000000100000000)
  eden space 16384K, 100% used [0x00000000eb100000,0x00000000ec100000,0x00000000ec100000)
  from space 2560K, 99% used [0x00000000ec380000,0x00000000ec5fc010,0x00000000ec600000)
  to   space 2560K, 0% used [0x00000000ec100000,0x00000000ec100000,0x00000000ec380000)
 ParOldGen       total 44032K, used 312K [0x00000000c1200000, 0x00000000c3d00000, 0x00000000eb100000)
  object space 44032K, 0% used [0x00000000c1200000,0x00000000c124e2b8,0x00000000c3d00000)
 Metaspace       used 7202K, capacity 7418K, committed 7680K, reserved 1056768K
  class space    used 847K, capacity 935K, committed 1024K, reserved 1048576K
Event: 2.391 GC heap after
Heap after GC invocations=3 (full 0):
 PSYoungGen      total 18944K, used 2529K [0x00000000eb100000, 0x00000000ed600000, 0x0000000100000000)
  eden space 16384K, 0% used [0x00000000eb100000,0x00000000eb100000,0x00000000ec100000)
  from space 2560K, 98% used [0x00000000ec100000,0x00000000ec3787c0,0x00000000ec380000)
  to   space 2560K, 0% used [0x00000000ed380000,0x00000000ed380000,0x00000000ed600000)
 ParOldGen       total 44032K, used 832K [0x00000000c1200000, 0x00000000c3d00000, 0x00000000eb100000)
  object space 44032K, 1% used [0x00000000c1200000,0x00000000c12d02b8,0x00000000c3d00000)
 Metaspace       used 7202K, capacity 7418K, committed 7680K, reserved 1056768K
  class space    used 847K, capacity 935K, committed 1024K, reserved 1048576K
}
Event: 2.634 GC heap before
{Heap before GC invocations=4 (full 0):
 PSYoungGen      total 18944K, used 18913K [0x00000000eb100000, 0x00000000ed600000, 0x0000000100000000)
  eden space 16384K, 100% used [0x00000000eb100000,0x00000000ec100000,0x00000000ec100000)
  from space 2560K, 98% used [0x00000000ec100000,0x00000000ec3787c0,0x00000000ec380000)
  to   space 2560K, 0% used [0x00000000ed380000,0x00000000ed380000,0x00000000ed600000)
 ParOldGen       total 44032K, used 832K [0x00000000c1200000, 0x00000000c3d00000, 0x00000000eb100000)
  object space 44032K, 1% used [0x00000000c1200000,0x00000000c12d02b8,0x00000000c3d00000)
 Metaspace       used 7237K, capacity 7418K, committed 7680K, reserved 1056768K
  class space    used 848K, capacity 935K, committed 1024K, reserved 1048576K
Event: 2.650 GC heap after
Heap after GC invocations=4 (full 0):
 PSYoungGen      total 35328K, used 2534K [0x00000000eb100000, 0x00000000ed600000, 0x0000000100000000)
  eden space 32768K, 0% used [0x00000000eb100000,0x00000000eb100000,0x00000000ed100000)
  from space 2560K, 98% used [0x00000000ed380000,0x00000000ed5f98a8,0x00000000ed600000)
  to   space 2560K, 0% used [0x00000000ed100000,0x00000000ed100000,0x00000000ed380000)
 ParOldGen       total 44032K, used 1840K [0x00000000c1200000, 0x00000000c3d00000, 0x00000000eb100000)
  object space 44032K, 4% used [0x00000000c1200000,0x00000000c13cc2b8,0x00000000c3d00000)
 Metaspace       used 7237K, capacity 7418K, committed 7680K, reserved 1056768K
  class space    used 848K, capacity 935K, committed 1024K, reserved 1048576K
}
Event: 3.070 GC heap before
{Heap before GC invocations=5 (full 0):
 PSYoungGen      total 35328K, used 35302K [0x00000000eb100000, 0x00000000ed600000, 0x0000000100000000)
  eden space 32768K, 100% used [0x00000000eb100000,0x00000000ed100000,0x00000000ed100000)
  from space 2560K, 98% used [0x00000000ed380000,0x00000000ed5f98a8,0x00000000ed600000)
  to   space 2560K, 0% used [0x00000000ed100000,0x00000000ed100000,0x00000000ed380000)
 ParOldGen       total 44032K, used 1840K [0x00000000c1200000, 0x00000000c3d00000, 0x00000000eb100000)
  object space 44032K, 4% used [0x00000000c1200000,0x00000000c13cc2b8,0x00000000c3d00000)
 Metaspace       used 7286K, capacity 7486K, committed 7680K, reserved 1056768K
  class space    used 848K, capacity 935K, committed 1024K, reserved 1048576K
Event: 3.089 GC heap after
Heap after GC invocations=5 (full 0):
 PSYoungGen      total 35328K, used 2532K [0x00000000eb100000, 0x00000000efa00000, 0x0000000100000000)
  eden space 32768K, 0% used [0x00000000eb100000,0x00000000eb100000,0x00000000ed100000)
  from space 2560K, 98% used [0x00000000ed100000,0x00000000ed379128,0x00000000ed380000)
  to   space 4608K, 0% used [0x00000000ef580000,0x00000000ef580000,0x00000000efa00000)
 ParOldGen       total 44032K, used 3800K [0x00000000c1200000, 0x00000000c3d00000, 0x00000000eb100000)
  object space 44032K, 8% used [0x00000000c1200000,0x00000000c15b62b8,0x00000000c3d00000)
 Metaspace       used 7286K, capacity 7486K, committed 7680K, reserved 1056768K
  class space    used 848K, capacity 935K, committed 1024K, reserved 1048576K
}
Event: 3.401 GC heap before
{Heap before GC invocations=6 (full 0):
 PSYoungGen      total 35328K, used 35300K [0x00000000eb100000, 0x00000000efa00000, 0x0000000100000000)
  eden space 32768K, 100% used [0x00000000eb100000,0x00000000ed100000,0x00000000ed100000)
  from space 2560K, 98% used [0x00000000ed100000,0x00000000ed379128,0x00000000ed380000)
  to   space 4608K, 0% used [0x00000000ef580000,0x00000000ef580000,0x00000000efa00000)
 ParOldGen       total 44032K, used 3800K [0x00000000c1200000, 0x00000000c3d00000, 0x00000000eb100000)
  object space 44032K, 8% used [0x00000000c1200000,0x00000000c15b62b8,0x00000000c3d00000)
 Metaspace       used 7293K, capacity 7486K, committed 7680K, reserved 1056768K
  class space    used 848K, capacity 935K, committed 1024K, reserved 1048576K
Event: 3.425 GC heap after
Heap after GC invocations=6 (full 0):
 PSYoungGen      total 69120K, used 4593K [0x00000000eb100000, 0x00000000efc00000, 0x0000000100000000)
  eden space 64512K, 0% used [0x00000000eb100000,0x00000000eb100000,0x00000000ef000000)
  from space 4608K, 99% used [0x00000000ef580000,0x00000000ef9fc7b0,0x00000000efa00000)
  to   space 5632K, 0% used [0x00000000ef000000,0x00000000ef000000,0x00000000ef580000)
 ParOldGen       total 44032K, used 4360K [0x00000000c1200000, 0x00000000c3d00000, 0x00000000eb100000)
  object space 44032K, 9% used [0x00000000c1200000,0x00000000c16422b8,0x00000000c3d00000)
 Metaspace       used 7293K, capacity 7486K, committed 7680K, reserved 1056768K
  class space    used 848K, capacity 935K, committed 1024K, reserved 1048576K
}

Deoptimization events (10 events):
Event: 2.124 Thread 0x000000000268d800 Uncommon trap: reason=bimorphic action=maybe_recompile pc=0x0000000002cc25d8 method=java.util.HashMap.putVal(ILjava/lang/Object;Ljava/lang/Object;ZZ)Ljava/lang/Object; @ 91
Event: 2.124 Thread 0x000000000268d800 Uncommon trap: reason=bimorphic action=maybe_recompile pc=0x0000000002cc25d8 method=java.util.HashMap.putVal(ILjava/lang/Object;Ljava/lang/Object;ZZ)Ljava/lang/Object; @ 91
Event: 2.124 Thread 0x000000000268d800 Uncommon trap: reason=bimorphic action=maybe_recompile pc=0x0000000002cc25d8 method=java.util.HashMap.putVal(ILjava/lang/Object;Ljava/lang/Object;ZZ)Ljava/lang/Object; @ 91
Event: 2.125 Thread 0x000000000268d800 Uncommon trap: reason=bimorphic action=maybe_recompile pc=0x0000000002cc25d8 method=java.util.HashMap.putVal(ILjava/lang/Object;Ljava/lang/Object;ZZ)Ljava/lang/Object; @ 91
Event: 2.125 Thread 0x000000000268d800 Uncommon trap: reason=predicate action=maybe_recompile pc=0x0000000002a9cae0 method=sun.net.www.ParseUtil.encodePath(Ljava/lang/String;Z)Ljava/lang/String; @ 36
Event: 2.199 Thread 0x000000000268d800 Uncommon trap: reason=array_check action=maybe_recompile pc=0x0000000002baff5c method=org.antlr.v4.runtime.misc.Array2DHashSet.getOrAddImpl(Ljava/lang/Object;)Ljava/lang/Object; @ 36
Event: 2.199 Thread 0x000000000268d800 Uncommon trap: reason=array_check action=maybe_recompile pc=0x0000000002baff5c method=org.antlr.v4.runtime.misc.Array2DHashSet.getOrAddImpl(Ljava/lang/Object;)Ljava/lang/Object; @ 36
Event: 2.199 Thread 0x000000000268d800 Uncommon trap: reason=array_check action=maybe_recompile pc=0x0000000002baff5c method=org.antlr.v4.runtime.misc.Array2DHashSet.getOrAddImpl(Ljava/lang/Object;)Ljava/lang/Object; @ 36
Event: 2.562 Thread 0x000000000268d800 Uncommon trap: reason=array_check action=maybe_recompile pc=0x0000000002baff5c method=org.antlr.v4.runtime.misc.Array2DHashSet.getOrAddImpl(Ljava/lang/Object;)Ljava/lang/Object; @ 36
Event: 3.299 Thread 0x000000000268d800 Uncommon trap: reason=array_check action=maybe_recompile pc=0x0000000002cdc4c8 method=org.antlr.v4.runtime.misc.Array2DHashSet.getOrAddImpl(Ljava/lang/Object;)Ljava/lang/Object; @ 74

Internal exceptions (9 events):
Event: 0.141 Thread 0x000000000268d800 Exception <a 'java/lang/NoSuchMethodError': Method sun.misc.Unsafe.defineClass(Ljava/lang/String;[BII)Ljava/lang/Class; name or signature does not match> (0x00000000eb107ca8) thrown at [C:\re\workspace\8-2-build-windows-amd64-cygwin\jdk8u131\8869\hotspot\
Event: 0.141 Thread 0x000000000268d800 Exception <a 'java/lang/NoSuchMethodError': Method sun.misc.Unsafe.prefetchRead(Ljava/lang/Object;J)V name or signature does not match> (0x00000000eb107f90) thrown at [C:\re\workspace\8-2-build-windows-amd64-cygwin\jdk8u131\8869\hotspot\src\share\vm\prims
Event: 0.277 Thread 0x000000000268d800 Exception <a 'java/io/FileNotFoundException'> (0x00000000eb1640a8) thrown at [C:\re\workspace\8-2-build-windows-amd64-cygwin\jdk8u131\8869\hotspot\src\share\vm\prims\jni.cpp, line 709]
Event: 1.194 Thread 0x000000000268d800 Exception <a 'java/lang/NoSuchFieldError': method resolution failed> (0x00000000ebbebd70) thrown at [C:\re\workspace\8-2-build-windows-amd64-cygwin\jdk8u131\8869\hotspot\src\share\vm\prims\methodHandles.cpp, line 1146]
Event: 1.197 Thread 0x000000000268d800 Exception <a 'java/lang/NoSuchFieldError': method resolution failed> (0x00000000ebbf9460) thrown at [C:\re\workspace\8-2-build-windows-amd64-cygwin\jdk8u131\8869\hotspot\src\share\vm\prims\methodHandles.cpp, line 1146]
Event: 2.131 Thread 0x000000000268d800 Exception <a 'java/security/PrivilegedActionException'> (0x00000000eb1239c8) thrown at [C:\re\workspace\8-2-build-windows-amd64-cygwin\jdk8u131\8869\hotspot\src\share\vm\prims\jvm.cpp, line 1390]
Event: 2.132 Thread 0x000000000268d800 Exception <a 'java/security/PrivilegedActionException'> (0x00000000eb123dc0) thrown at [C:\re\workspace\8-2-build-windows-amd64-cygwin\jdk8u131\8869\hotspot\src\share\vm\prims\jvm.cpp, line 1390]
Event: 2.133 Thread 0x000000000268d800 Exception <a 'java/security/PrivilegedActionException'> (0x00000000eb127e00) thrown at [C:\re\workspace\8-2-build-windows-amd64-cygwin\jdk8u131\8869\hotspot\src\share\vm\prims\jvm.cpp, line 1390]
Event: 2.133 Thread 0x000000000268d800 Exception <a 'java/security/PrivilegedActionException'> (0x00000000eb1281f8) thrown at [C:\re\workspace\8-2-build-windows-amd64-cygwin\jdk8u131\8869\hotspot\src\share\vm\prims\jvm.cpp, line 1390]

Events (10 events):
Event: 3.518 Thread 0x000000000268d800 DEOPT PACKING pc=0x0000000002c97e1b sp=0x000000000278e7f0
Event: 3.518 Thread 0x000000000268d800 DEOPT UNPACKING pc=0x000000000293787f sp=0x000000000278e588 mode 0
Event: 3.540 Thread 0x000000000268d800 DEOPT PACKING pc=0x0000000002daf5fa sp=0x000000000278e600
Event: 3.540 Thread 0x000000000268d800 DEOPT UNPACKING pc=0x000000000293787f sp=0x000000000278e388 mode 0
Event: 3.542 Thread 0x000000000268d800 DEOPT PACKING pc=0x0000000002c97e1b sp=0x000000000278e7f0
Event: 3.542 Thread 0x000000000268d800 DEOPT UNPACKING pc=0x000000000293787f sp=0x000000000278e588 mode 0
Event: 3.571 Thread 0x000000000268d800 DEOPT PACKING pc=0x0000000002c97e1b sp=0x000000000278e7f0
Event: 3.571 Thread 0x000000000268d800 DEOPT UNPACKING pc=0x000000000293787f sp=0x000000000278e588 mode 0
Event: 3.594 Thread 0x000000000268d800 DEOPT PACKING pc=0x0000000002c97e1b sp=0x000000000278e7f0
Event: 3.594 Thread 0x000000000268d800 DEOPT UNPACKING pc=0x000000000293787f sp=0x000000000278e588 mode 0


Dynamic libraries:
0x00007ff718650000 - 0x00007ff718687000 	C:\Program Files\Java\jre1.8.0_131\bin\javaw.exe
0x00007ff8ed600000 - 0x00007ff8ed7e1000 	C:\WINDOWS\SYSTEM32\ntdll.dll
0x00007ff8ec020000 - 0x00007ff8ec0d1000 	C:\WINDOWS\System32\KERNEL32.DLL
0x00007ff8e99d0000 - 0x00007ff8e9c43000 	C:\WINDOWS\System32\KERNELBASE.dll
0x00007ff8ec770000 - 0x00007ff8ec811000 	C:\WINDOWS\System32\ADVAPI32.dll
0x00007ff8ec640000 - 0x00007ff8ec6de000 	C:\WINDOWS\System32\msvcrt.dll
0x00007ff8ec0e0000 - 0x00007ff8ec13b000 	C:\WINDOWS\System32\sechost.dll
0x00007ff8ec2f0000 - 0x00007ff8ec414000 	C:\WINDOWS\System32\RPCRT4.dll
0x00007ff8ec140000 - 0x00007ff8ec2d0000 	C:\WINDOWS\System32\USER32.dll
0x00007ff8eaa70000 - 0x00007ff8eaa90000 	C:\WINDOWS\System32\win32u.dll
0x00007ff8ed1a0000 - 0x00007ff8ed1c8000 	C:\WINDOWS\System32\GDI32.dll
0x00007ff8e9e40000 - 0x00007ff8e9fd2000 	C:\WINDOWS\System32\gdi32full.dll
0x00007ff8ea870000 - 0x00007ff8ea90f000 	C:\WINDOWS\System32\msvcp_win.dll
0x00007ff8ea910000 - 0x00007ff8eaa08000 	C:\WINDOWS\System32\ucrtbase.dll
0x00007ff8db1e0000 - 0x00007ff8db449000 	C:\WINDOWS\WinSxS\amd64_microsoft.windows.common-controls_6595b64144ccf1df_6.0.17134.706_none_fb43a2cb30647007\COMCTL32.dll
0x00007ff8ed2a0000 - 0x00007ff8ed5c2000 	C:\WINDOWS\System32\combase.dll
0x00007ff8e9fe0000 - 0x00007ff8ea05a000 	C:\WINDOWS\System32\bcryptPrimitives.dll
0x00007ff8ec6e0000 - 0x00007ff8ec70d000 	C:\WINDOWS\System32\IMM32.DLL
0x0000000073ce0000 - 0x0000000073db2000 	C:\Program Files\Java\jre1.8.0_131\bin\msvcr100.dll
0x0000000073220000 - 0x0000000073abc000 	C:\Program Files\Java\jre1.8.0_131\bin\server\jvm.dll
0x00007ff8ec2d0000 - 0x00007ff8ec2d8000 	C:\WINDOWS\System32\PSAPI.DLL
0x00007ff8cfb90000 - 0x00007ff8cfb99000 	C:\WINDOWS\SYSTEM32\WSOCK32.dll
0x00007ff8ec550000 - 0x00007ff8ec5bc000 	C:\WINDOWS\System32\WS2_32.dll
0x00007ff8e7a20000 - 0x00007ff8e7a43000 	C:\WINDOWS\SYSTEM32\WINMM.dll
0x00007ff8d33a0000 - 0x00007ff8d33aa000 	C:\WINDOWS\SYSTEM32\VERSION.dll
0x00007ff8e79f0000 - 0x00007ff8e7a1a000 	C:\WINDOWS\SYSTEM32\WINMMBASE.dll
0x00007ff8ea820000 - 0x00007ff8ea869000 	C:\WINDOWS\System32\cfgmgr32.dll
0x0000000073210000 - 0x000000007321f000 	C:\Program Files\Java\jre1.8.0_131\bin\verify.dll
0x00000000731e0000 - 0x0000000073209000 	C:\Program Files\Java\jre1.8.0_131\bin\java.dll
0x00000000731c0000 - 0x00000000731d6000 	C:\Program Files\Java\jre1.8.0_131\bin\zip.dll
0x00007ff8eaaf0000 - 0x00007ff8ebf30000 	C:\WINDOWS\System32\SHELL32.dll
0x00007ff8ec4a0000 - 0x00007ff8ec549000 	C:\WINDOWS\System32\shcore.dll
0x00007ff8ea060000 - 0x00007ff8ea76d000 	C:\WINDOWS\System32\windows.storage.dll
0x00007ff8ec710000 - 0x00007ff8ec761000 	C:\WINDOWS\System32\shlwapi.dll
0x00007ff8e99b0000 - 0x00007ff8e99c1000 	C:\WINDOWS\System32\kernel.appcore.dll
0x00007ff8e9990000 - 0x00007ff8e99af000 	C:\WINDOWS\System32\profapi.dll
0x00007ff8e9920000 - 0x00007ff8e996c000 	C:\WINDOWS\System32\powrprof.dll
0x00007ff8e9910000 - 0x00007ff8e991a000 	C:\WINDOWS\System32\FLTLIB.DLL
0x0000000073e30000 - 0x0000000073e4a000 	C:\Program Files\Java\jre1.8.0_131\bin\net.dll
0x00007ff8e9190000 - 0x00007ff8e91f6000 	C:\WINDOWS\system32\mswsock.dll

VM Arguments:
jvm_args: -ea -Dfile.encoding=Cp1252 
java_command: org.eclipse.jdt.internal.junit.runner.RemoteTestRunner -version 3 -port 50761 -testLoaderClass org.eclipse.jdt.internal.junit.runner.junit3.JUnit3TestLoader -loaderpluginname org.eclipse.jdt.junit.runtime -test edu.kit.aquaplanning.aquaplanning.TestParallelPlanning:testSatPlanner
java_class_path (initial): C:\Users\jpvdh\Documents\Bachelorarbeit\aquaplanning\target\test-classes;C:\Users\jpvdh\Documents\Bachelorarbeit\aquaplanning\target\classes;C:\Users\jpvdh\Documents\Bachelorarbeit\aquaplanning\lib;C:\Users\jpvdh\.m2\repository\junit\junit\3.8.1\junit-3.8.1.jar;C:\Users\jpvdh\.m2\repository\org\antlr\antlr4\4.7\antlr4-4.7.jar;C:\Users\jpvdh\.m2\repository\org\antlr\antlr4-runtime\4.7\antlr4-runtime-4.7.jar;C:\Users\jpvdh\.m2\repository\org\antlr\antlr-runtime\3.5.2\antlr-runtime-3.5.2.jar;C:\Users\jpvdh\.m2\repository\org\antlr\ST4\4.0.8\ST4-4.0.8.jar;C:\Users\jpvdh\.m2\repository\org\abego\treelayout\org.abego.treelayout.core\1.0.3\org.abego.treelayout.core-1.0.3.jar;C:\Users\jpvdh\.m2\repository\org\glassfish\javax.json\1.0.4\javax.json-1.0.4.jar;C:\Users\jpvdh\.m2\repository\com\ibm\icu\icu4j\58.2\icu4j-58.2.jar;C:\Users\jpvdh\.m2\repository\org\sat4j\org.sat4j.core\2.3.1\org.sat4j.core-2.3.1.jar;C:\Users\jpvdh\.m2\repository\info\picocli\picocli\3.8.0\picocli-3.8.0.jar;C:\Users\jpvdh\eclipse\java-oxygen\eclipse\configuration\org.eclipse.osgi\229\0\.cp
Launcher Type: SUN_STANDARD

Environment Variables:
PATH=C:/Program Files/Java/jre1.8.0_131/bin/server;C:/Program Files/Java/jre1.8.0_131/bin;C:/Program Files/Java/jre1.8.0_131/lib/amd64;C:\Program Files\Haskell\bin;C:\Program Files\Haskell Platform\8.4.3\lib\extralibs\bin;C:\Program Files\Haskell Platform\8.4.3\bin;C:\Program Files\Python36\Scripts\;C:\Program Files\Python36\;C:\ProgramData\Oracle\Java\javapath;C:\WINDOWS\system32;C:\WINDOWS;C:\WINDOWS\System32\Wbem;C:\WINDOWS\System32\WindowsPowerShell\v1.0\;C:\Program Files\Java\jdk1.8.0_121\bin;C:\Program Files\Java\jre1.8.0_121\bin;C:\Program Files\MiKTeX 2.9\miktex\bin\x64\;C:\Program Files\Chrome Driver\;C:\WINDOWS\System32\OpenSSH\;C:\Program Files\Microsoft VS Code\bin;C:\Program Files\Haskell Platform\8.4.3\mingw\bin;C:\Users\jpvdh\AppData\Roaming\cabal\bin;C:\Users\jpvdh\AppData\Roaming\local\bin;C:\Users\jpvdh\AppData\Local\Microsoft\WindowsApps;C:\Users\jpvdh\AppData\Local\atom\bin;C:\Users\jpvdh\AppData\Local\Microsoft\WindowsApps;C:\Program Files\Microsoft VS Code\bin;C:\Users\jpvdh\eclipse\java-oxygen\eclipse;
USERNAME=jpvdh
OS=Windows_NT
PROCESSOR_IDENTIFIER=Intel64 Family 6 Model 78 Stepping 3, GenuineIntel



---------------  S Y S T E M  ---------------

OS: Windows 10.0 , 64 bit Build 17134 (10.0.17134.706)

CPU:total 4 (initial active 4) (2 cores per cpu, 2 threads per core) family 6 model 78 stepping 3, cmov, cx8, fxsr, mmx, sse, sse2, sse3, ssse3, sse4.1, sse4.2, popcnt, avx, avx2, aes, clmul, erms, 3dnowpref, lzcnt, ht, tsc, tscinvbit, bmi1, bmi2, adx

Memory: 4k page, physical 4117772k(698352k free), swap 5549324k(5636k free)

vm_info: Java HotSpot(TM) 64-Bit Server VM (25.131-b11) for windows-amd64 JRE (1.8.0_131-b11), built on Mar 15 2017 01:23:53 by "java_re" with MS VC++ 10.0 (VS2010)

time: Mon May 06 13:46:42 2019
elapsed time: 3 seconds (0d 0h 0m 3s)

