#
# A fatal error has been detected by the Java Runtime Environment:
#
#  SIGSEGV (0xb) at pc=0x00007f6a9105285a, pid=112, tid=0x00007f6aaa220700
#
# JRE version: OpenJDK Runtime Environment (8.0_191-b12) (build 1.8.0_191-8u191-b12-2ubuntu0.16.04.1-b12)
# Java VM: OpenJDK 64-Bit Server VM (25.191-b12 mixed mode linux-amd64 compressed oops)
# Problematic frame:
# v  ~StubRoutines::jlong_disjoint_arraycopy
#
# Failed to write core dump. Core dumps have been disabled. To enable core dumping, try "ulimit -c unlimited" before starting Java again
#
# If you would like to submit a bug report, please visit:
#   http://bugreport.java.com/bugreport/crash.jsp
#

---------------  T H R E A D  ---------------

Current thread (0x00007f6aa000a800):  JavaThread "main" [_thread_in_Java, id=141, stack(0x00007f6aaa120000,0x00007f6aaa221000)]

siginfo: si_signo: 11 (SIGSEGV), si_code: 2 (SEGV_ACCERR), si_addr: 0x00000000f5775000

Registers:
RAX=0x0000000000000000, RBX=0x00000000f5774fd8, RCX=0x00000000f5775000, RDX=0x0000000000000000
RSP=0x00007f6aaa21e330, RBP=0x00007f6aaa21e330, RSI=0x00000000f5774fe8, RDI=0x00000000f5774ec8
R8 =0x00000000f5774ea0, R9 =0x0000000000000030, R10=0x00007f6a91052800, R11=0x000000000000000f
R12=0x0000000000000000, R13=0x0000000000000018, R14=0x00000000f5774fa8, R15=0x00007f6aa000a800
RIP=0x00007f6a9105285a, EFLAGS=0x0000000000010246, CSGSFS=0x00000053002b0033, ERR=0x0000000000000000
  TRAPNO=0x0000000000000000

Top of Stack: (sp=0x00007f6aaa21e330)
0x00007f6aaa21e330:   0000000000000000 00007f6a91b483ed
0x00007f6aaa21e340:   0000000500000000 00000000f5774fc0
0x00007f6aaa21e350:   0000000400000001 00000000f5774ed0
0x00007f6aaa21e360:   0000000200000002 0000000100000005
0x00007f6aaa21e370:   f5774ea000000004 000000000000000f
0x00007f6aaa21e380:   0000000000000030 00000000fffffffe
0x00007f6aaa21e390:   00000000f5774d38 000000000000002f
0x00007f6aaa21e3a0:   00000000f5774db8 0000000000000005
0x00007f6aaa21e3b0:   00000000f5774ed0 00007f6a91b40970
0x00007f6aaa21e3c0:   000000010000000a 000000000000000f
0x00007f6aaa21e3d0:   00000000f5774d58 f5774db800000001
0x00007f6aaa21e3e0:   00000000f5774e88 0000000100001610
0x00007f6aaa21e3f0:   0000000000000012 00000005f4f8a5e0
0x00007f6aaa21e400:   0000000400000005 0000000000000004
0x00007f6aaa21e410:   00000000f5774d38 00000000f5774db8
0x00007f6aaa21e420:   0000000000000035 00000000f5774ea0
0x00007f6aaa21e430:   f5774ca000000003 c120068000000002
0x00007f6aaa21e440:   0000000000000068 00000000f576ee38
0x00007f6aaa21e450:   00000000f4f68510 00007f6a91b4a538
0x00007f6aaa21e460:   000000000000001d 000000000000001d
0x00007f6aaa21e470:   0000000100001610 00000000f4f8a5c8
0x00007f6aaa21e480:   0000000000000000 00007f6a89804db0
0x00007f6aaa21e490:   0000000000000000 00007f6aaa21e4c8
0x00007f6aaa21e4a0:   00007f6aaa21e510 00007f6a91007815
0x00007f6aaa21e4b0:   00007f6a91007d80 00007f6a91007815
0x00007f6aaa21e4c0:   00000000f4f8a638 00000000f4f68510
0x00007f6aaa21e4d0:   00007f6aaa21e4d0 00007f6a89455485
0x00007f6aaa21e4e0:   00007f6aaa21e558 00007f6a894557d8
0x00007f6aaa21e4f0:   0000000000000000 00007f6a89455598
0x00007f6aaa21e500:   00007f6aaa21e4c0 00007f6aaa21e560
0x00007f6aaa21e510:   00007f6aaa21e690 00007f6a91b5087c
0x00007f6aaa21e520:   0000000000000000 0000000000000000 

Instructions: (pc=0x00007f6a9105285a)
0x00007f6a9105283a:   d1 c8 c5 fe 6f 4c d7 e8 c5 fe 7f 4c d1 e8 48 83
0x00007f6a9105284a:   c2 08 7e e2 48 83 ea 04 7f 10 c5 fe 6f 44 d7 e8
0x00007f6a9105285a:   c5 fe 7f 44 d1 e8 48 83 c2 04 c5 fd ef c0 c5 f5
0x00007f6a9105286a:   ef c9 48 83 ea 04 7c a4 48 33 c0 c9 c3 66 0f 1f 

Register to memory mapping:

RAX=0x0000000000000000 is an unknown value
RBX=0x00000000f5774fd8 is an oop
[C 
 - klass: {type array char}
 - length: 15
RCX=0x00000000f5775000 is an oop

[error occurred during error reporting (printing register info), id 0xb]

Stack: [0x00007f6aaa120000,0x00007f6aaa221000],  sp=0x00007f6aaa21e330,  free space=1016k
Native frames: (J=compiled Java code, j=interpreted, Vv=VM code, C=native code)
v  ~StubRoutines::jlong_disjoint_arraycopy
J 3984 C2 org.codehaus.plexus.util.SelectorUtils.matchAntPathPattern([Ljava/lang/String;[Ljava/lang/String;Z)Z (435 bytes) @ 0x00007f6a91b483ed [0x00007f6a91b47c60+0x78d]
J 3983 C2 org.codehaus.plexus.util.SelectorUtils.matchPath(Ljava/lang/String;Ljava/lang/String;Ljava/lang/String;Z)Z (68 bytes) @ 0x00007f6a91b40970 [0x00007f6a91b3f520+0x1450]
J 4045 C2 org.codehaus.plexus.components.io.fileselectors.IncludeExcludeFileSelector.isSelected(Lorg/codehaus/plexus/components/io/fileselectors/FileInfo;)Z (32 bytes) @ 0x00007f6a91b4a538 [0x00007f6a91b4a140+0x3f8]
j  org.codehaus.plexus.components.io.resources.proxy.PlexusIoProxyResourceCollection.getResources()Ljava/util/Iterator;+133
J 4046 C1 org.codehaus.plexus.archiver.AbstractArchiver$1.hasNext()Z (406 bytes) @ 0x00007f6a91b5087c [0x00007f6a91b500c0+0x7bc]
j  org.codehaus.plexus.archiver.zip.AbstractZipArchiver.createArchiveMain()V+26
j  org.codehaus.plexus.archiver.zip.AbstractZipArchiver.execute()V+37
j  org.codehaus.plexus.archiver.AbstractArchiver.createArchive()V+31
j  org.apache.maven.plugin.assembly.archive.archiver.AssemblyProxyArchiver.createArchive()V+63
j  org.apache.maven.plugin.assembly.archive.DefaultAssemblyArchiver.createArchive(Lorg/apache/maven/plugin/assembly/model/Assembly;Ljava/lang/String;Ljava/lang/String;Lorg/apache/maven/plugin/assembly/AssemblerConfigurationSource;Z)Ljava/io/File;+243
j  org.apache.maven.plugin.assembly.mojos.AbstractAssemblyMojo.execute()V+266
j  org.apache.maven.plugin.DefaultBuildPluginManager.executeMojo(Lorg/apache/maven/execution/MavenSession;Lorg/apache/maven/plugin/MojoExecution;)V+155
j  org.apache.maven.lifecycle.internal.MojoExecutor.execute(Lorg/apache/maven/execution/MavenSession;Lorg/apache/maven/plugin/MojoExecution;Lorg/apache/maven/lifecycle/internal/ProjectIndex;Lorg/apache/maven/lifecycle/internal/DependencyContext;)V+220
j  org.apache.maven.lifecycle.internal.MojoExecutor.execute(Lorg/apache/maven/execution/MavenSession;Lorg/apache/maven/plugin/MojoExecution;Lorg/apache/maven/lifecycle/internal/ProjectIndex;Lorg/apache/maven/lifecycle/internal/DependencyContext;Lorg/apache/maven/lifecycle/internal/PhaseRecorder;)V+6
j  org.apache.maven.lifecycle.internal.MojoExecutor.execute(Lorg/apache/maven/execution/MavenSession;Ljava/util/List;Lorg/apache/maven/lifecycle/internal/ProjectIndex;)V+60
j  org.apache.maven.lifecycle.internal.LifecycleModuleBuilder.buildProject(Lorg/apache/maven/execution/MavenSession;Lorg/apache/maven/execution/MavenSession;Lorg/apache/maven/lifecycle/internal/ReactorContext;Lorg/apache/maven/project/MavenProject;Lorg/apache/maven/lifecycle/internal/TaskSegment;)V+180
j  org.apache.maven.lifecycle.internal.LifecycleModuleBuilder.buildProject(Lorg/apache/maven/execution/MavenSession;Lorg/apache/maven/lifecycle/internal/ReactorContext;Lorg/apache/maven/project/MavenProject;Lorg/apache/maven/lifecycle/internal/TaskSegment;)V+7
j  org.apache.maven.lifecycle.internal.builder.singlethreaded.SingleThreadedBuilder.build(Lorg/apache/maven/execution/MavenSession;Lorg/apache/maven/lifecycle/internal/ReactorContext;Lorg/apache/maven/lifecycle/internal/ProjectBuildList;Ljava/util/List;Lorg/apache/maven/lifecycle/internal/ReactorBuildStatus;)V+77
j  org.apache.maven.lifecycle.internal.LifecycleStarter.execute(Lorg/apache/maven/execution/MavenSession;)V+353
j  org.apache.maven.DefaultMaven.doExecute(Lorg/apache/maven/execution/MavenExecutionRequest;Lorg/apache/maven/execution/MavenSession;Lorg/apache/maven/execution/MavenExecutionResult;Lorg/eclipse/aether/DefaultRepositorySystemSession;)Lorg/apache/maven/execution/MavenExecutionResult;+414
j  org.apache.maven.DefaultMaven.doExecute(Lorg/apache/maven/execution/MavenExecutionRequest;)Lorg/apache/maven/execution/MavenExecutionResult;+99
j  org.apache.maven.DefaultMaven.execute(Lorg/apache/maven/execution/MavenExecutionRequest;)Lorg/apache/maven/execution/MavenExecutionResult;+2
j  org.apache.maven.cli.MavenCli.execute(Lorg/apache/maven/cli/CliRequest;)I+27
j  org.apache.maven.cli.MavenCli.doMain(Lorg/apache/maven/cli/CliRequest;)I+66
j  org.apache.maven.cli.MavenCli.main([Ljava/lang/String;Lorg/codehaus/plexus/classworlds/ClassWorld;)I+18
v  ~StubRoutines::call_stub
V  [libjvm.so+0x666f7b]
V  [libjvm.so+0x943946]
V  [libjvm.so+0x94565f]
V  [libjvm.so+0x6b2959]  JVM_InvokeMethod+0x119
j  sun.reflect.NativeMethodAccessorImpl.invoke0(Ljava/lang/reflect/Method;Ljava/lang/Object;[Ljava/lang/Object;)Ljava/lang/Object;+0
j  sun.reflect.NativeMethodAccessorImpl.invoke(Ljava/lang/Object;[Ljava/lang/Object;)Ljava/lang/Object;+100
j  sun.reflect.DelegatingMethodAccessorImpl.invoke(Ljava/lang/Object;[Ljava/lang/Object;)Ljava/lang/Object;+6
j  java.lang.reflect.Method.invoke(Ljava/lang/Object;[Ljava/lang/Object;)Ljava/lang/Object;+56
j  org.codehaus.plexus.classworlds.launcher.Launcher.launchEnhanced([Ljava/lang/String;)V+45
j  org.codehaus.plexus.classworlds.launcher.Launcher.launch([Ljava/lang/String;)V+2
j  org.codehaus.plexus.classworlds.launcher.Launcher.mainWithExitCode([Ljava/lang/String;)I+101
j  org.codehaus.plexus.classworlds.launcher.Launcher.main([Ljava/lang/String;)V+1
v  ~StubRoutines::call_stub
V  [libjvm.so+0x666f7b]
V  [libjvm.so+0x688c6e]
V  [libjvm.so+0x68b59f]
C  [libjli.so+0x3552]
C  [libjli.so+0x74ed]
C  [libpthread.so.0+0x76ba]  start_thread+0xca


---------------  P R O C E S S  ---------------

Java Threads: ( => current thread )
  0x00007f6aa0efd000 JavaThread "resolver-5" daemon [_thread_blocked, id=160, stack(0x00007f6a88ed0000,0x00007f6a88fd1000)]
  0x00007f6aa030e000 JavaThread "resolver-4" daemon [_thread_blocked, id=159, stack(0x00007f6a88fe0000,0x00007f6a890e1000)]
  0x00007f6aa030d800 JavaThread "resolver-3" daemon [_thread_blocked, id=158, stack(0x00007f6a890f0000,0x00007f6a891f1000)]
  0x00007f6aa0bdb800 JavaThread "resolver-2" daemon [_thread_blocked, id=157, stack(0x00007f6a89200000,0x00007f6a89301000)]
  0x00007f6aa0bb4800 JavaThread "resolver-1" daemon [_thread_blocked, id=156, stack(0x00007f6a89510000,0x00007f6a89611000)]
  0x00007f6aa00c8000 JavaThread "Service Thread" daemon [_thread_blocked, id=153, stack(0x00007f6a8a900000,0x00007f6a8aa01000)]
  0x00007f6aa00bd000 JavaThread "C1 CompilerThread2" daemon [_thread_blocked, id=152, stack(0x00007f6a8aa10000,0x00007f6a8ab11000)]
  0x00007f6aa00bb000 JavaThread "C2 CompilerThread1" daemon [_thread_blocked, id=151, stack(0x00007f6a8ab20000,0x00007f6a8ac21000)]
  0x00007f6aa00b8800 JavaThread "C2 CompilerThread0" daemon [_thread_in_native, id=150, stack(0x00007f6a8ac30000,0x00007f6a8ad31000)]
  0x00007f6aa00b7000 JavaThread "Signal Dispatcher" daemon [_thread_blocked, id=149, stack(0x00007f6a8ad40000,0x00007f6a8ae41000)]
  0x00007f6aa0084800 JavaThread "Finalizer" daemon [_thread_blocked, id=148, stack(0x00007f6a8afe0000,0x00007f6a8b0e1000)]
  0x00007f6aa0082000 JavaThread "Reference Handler" daemon [_thread_blocked, id=147, stack(0x00007f6a8b0f0000,0x00007f6a8b1f1000)]
=>0x00007f6aa000a800 JavaThread "main" [_thread_in_Java, id=141, stack(0x00007f6aaa120000,0x00007f6aaa221000)]

Other Threads:
  0x00007f6aa0078800 VMThread [stack: 0x00007f6a8b200000,0x00007f6a8b301000] [id=146]
  0x00007f6aa00cb000 WatcherThread [stack: 0x00007f6a8a7f0000,0x00007f6a8a8f1000] [id=154]

VM state:not at safepoint (normal execution)

VM Mutex/Monitor currently owned by a thread: None

Heap:
 PSYoungGen      total 183296K, used 175510K [0x00000000eb100000, 0x00000000f8580000, 0x0000000100000000)
  eden space 180224K, 95% used [0x00000000eb100000,0x00000000f599b568,0x00000000f6100000)
  from space 3072K, 93% used [0x00000000f8280000,0x00000000f854a558,0x00000000f8580000)
  to   space 9728K, 0% used [0x00000000f7280000,0x00000000f7280000,0x00000000f7c00000)
 ParOldGen       total 36864K, used 11867K [0x00000000c1200000, 0x00000000c3600000, 0x00000000eb100000)
  object space 36864K, 32% used [0x00000000c1200000,0x00000000c1d96d30,0x00000000c3600000)
 Metaspace       used 21891K, capacity 22764K, committed 23040K, reserved 1069056K
  class space    used 2504K, capacity 2760K, committed 2816K, reserved 1048576K

Card table byte_map: [0x00007f6aa6530000,0x00007f6aa6728000] byte_map_base: 0x00007f6aa5f27000

Marking Bits: (ParMarkBitMap*) 0x00007f6aa93b1520
 Begin Bits: [0x00007f6aa4030000, 0x00007f6aa4fe8000)
 End Bits:   [0x00007f6aa4fe8000, 0x00007f6aa5fa0000)

Polling page: 0x00007f6aaa2a0000

CodeCache: size=245760Kb used=11648Kb max_used=11660Kb free=234111Kb
 bounds [0x00007f6a91000000, 0x00007f6a91b80000, 0x00007f6aa0000000]
 total_blobs=3992 nmethods=3617 adapters=289
 compilation: enabled

Compilation events (10 events):
Event: 11.767 Thread 0x00007f6aa00bd000 4079       3       java.util.zip.ZipEntry::getTime (40 bytes)
Event: 11.768 Thread 0x00007f6aa00bd000 nmethod 4079 0x00007f6a91b6d850 code [0x00007f6a91b6d9e0, 0x00007f6a91b6dd38]
Event: 11.768 Thread 0x00007f6aa00bb000 4080       4       sun.util.calendar.BaseCalendar$Date::<init> (32 bytes)
Event: 11.769 Thread 0x00007f6aa00bb000 nmethod 4080 0x00007f6a91655090 code [0x00007f6a916551e0, 0x00007f6a91655278]
Event: 11.769 Thread 0x00007f6aa00bb000 4081       4       java.util.zip.ZipEntry::setExtra0 (360 bytes)
Event: 11.786 Thread 0x00007f6aa00bb000 nmethod 4081 0x00007f6a91b6b390 code [0x00007f6a91b6b5c0, 0x00007f6a91b6bd08]
Event: 11.786 Thread 0x00007f6aa00bb000 4082       4       sun.util.calendar.BaseCalendar::getFixedDate (324 bytes)
Event: 11.793 Thread 0x00007f6aa00bb000 nmethod 4082 0x00007f6a91b6abd0 code [0x00007f6a91b6ad40, 0x00007f6a91b6b018]
Event: 11.793 Thread 0x00007f6aa00bb000 4083       4       sun.util.calendar.BaseCalendar::getCalendarDateFromFixedDate (305 bytes)
Event: 11.803 Thread 0x00007f6aa00bb000 nmethod 4083 0x00007f6a91b71c90 code [0x00007f6a91b71e00, 0x00007f6a91b72198]

GC Heap History (10 events):
Event: 6.303 GC heap before
{Heap before GC invocations=7 (full 0):
 PSYoungGen      total 70656K, used 70618K [0x00000000eb100000, 0x00000000eff00000, 0x0000000100000000)
  eden space 64512K, 100% used [0x00000000eb100000,0x00000000ef000000,0x00000000ef000000)
  from space 6144K, 99% used [0x00000000ef700000,0x00000000efcf6aa0,0x00000000efd00000)
  to   space 7168K, 0% used [0x00000000ef000000,0x00000000ef000000,0x00000000ef700000)
 ParOldGen       total 44032K, used 6785K [0x00000000c1200000, 0x00000000c3d00000, 0x00000000eb100000)
  object space 44032K, 15% used [0x00000000c1200000,0x00000000c18a04c8,0x00000000c3d00000)
 Metaspace       used 17649K, capacity 18108K, committed 18304K, reserved 1064960K
  class space    used 2048K, capacity 2158K, committed 2176K, reserved 1048576K
Event: 6.341 GC heap after
Heap after GC invocations=7 (full 0):
 PSYoungGen      total 71680K, used 7160K [0x00000000eb100000, 0x00000000f4000000, 0x0000000100000000)
  eden space 64512K, 0% used [0x00000000eb100000,0x00000000eb100000,0x00000000ef000000)
  from space 7168K, 99% used [0x00000000ef000000,0x00000000ef6fe150,0x00000000ef700000)
  to   space 8704K, 0% used [0x00000000f3780000,0x00000000f3780000,0x00000000f4000000)
 ParOldGen       total 44032K, used 8033K [0x00000000c1200000, 0x00000000c3d00000, 0x00000000eb100000)
  object space 44032K, 18% used [0x00000000c1200000,0x00000000c19d8678,0x00000000c3d00000)
 Metaspace       used 17649K, capacity 18108K, committed 18304K, reserved 1064960K
  class space    used 2048K, capacity 2158K, committed 2176K, reserved 1048576K
}
Event: 9.430 GC heap before
{Heap before GC invocations=8 (full 0):
 PSYoungGen      total 71680K, used 71672K [0x00000000eb100000, 0x00000000f4000000, 0x0000000100000000)
  eden space 64512K, 100% used [0x00000000eb100000,0x00000000ef000000,0x00000000ef000000)
  from space 7168K, 99% used [0x00000000ef000000,0x00000000ef6fe150,0x00000000ef700000)
  to   space 8704K, 0% used [0x00000000f3780000,0x00000000f3780000,0x00000000f4000000)
 ParOldGen       total 44032K, used 8033K [0x00000000c1200000, 0x00000000c3d00000, 0x00000000eb100000)
  object space 44032K, 18% used [0x00000000c1200000,0x00000000c19d8678,0x00000000c3d00000)
 Metaspace       used 19751K, capacity 20398K, committed 20608K, reserved 1067008K
  class space    used 2271K, capacity 2414K, committed 2432K, reserved 1048576K
Event: 9.464 GC heap after
Heap after GC invocations=8 (full 0):
 PSYoungGen      total 136704K, used 8608K [0x00000000eb100000, 0x00000000f4200000, 0x0000000100000000)
  eden space 128000K, 0% used [0x00000000eb100000,0x00000000eb100000,0x00000000f2e00000)
  from space 8704K, 98% used [0x00000000f3780000,0x00000000f3fe8288,0x00000000f4000000)
  to   space 9728K, 0% used [0x00000000f2e00000,0x00000000f2e00000,0x00000000f3780000)
 ParOldGen       total 44032K, used 8851K [0x00000000c1200000, 0x00000000c3d00000, 0x00000000eb100000)
  object space 44032K, 20% used [0x00000000c1200000,0x00000000c1aa4eb8,0x00000000c3d00000)
 Metaspace       used 19751K, capacity 20398K, committed 20608K, reserved 1067008K
  class space    used 2271K, capacity 2414K, committed 2432K, reserved 1048576K
}
Event: 9.987 GC heap before
{Heap before GC invocations=9 (full 0):
 PSYoungGen      total 136704K, used 36786K [0x00000000eb100000, 0x00000000f4200000, 0x0000000100000000)
  eden space 128000K, 22% used [0x00000000eb100000,0x00000000ecc84690,0x00000000f2e00000)
  from space 8704K, 98% used [0x00000000f3780000,0x00000000f3fe8288,0x00000000f4000000)
  to   space 9728K, 0% used [0x00000000f2e00000,0x00000000f2e00000,0x00000000f3780000)
 ParOldGen       total 44032K, used 8851K [0x00000000c1200000, 0x00000000c3d00000, 0x00000000eb100000)
  object space 44032K, 20% used [0x00000000c1200000,0x00000000c1aa4eb8,0x00000000c3d00000)
 Metaspace       used 20471K, capacity 21194K, committed 21248K, reserved 1069056K
  class space    used 2384K, capacity 2558K, committed 2560K, reserved 1048576K
Event: 10.029 GC heap after
Heap after GC invocations=9 (full 0):
 PSYoungGen      total 137728K, used 6199K [0x00000000eb100000, 0x00000000f8c00000, 0x0000000100000000)
  eden space 128000K, 0% used [0x00000000eb100000,0x00000000eb100000,0x00000000f2e00000)
  from space 9728K, 63% used [0x00000000f2e00000,0x00000000f340dfd0,0x00000000f3780000)
  to   space 9728K, 0% used [0x00000000f8280000,0x00000000f8280000,0x00000000f8c00000)
 ParOldGen       total 44032K, used 11771K [0x00000000c1200000, 0x00000000c3d00000, 0x00000000eb100000)
  object space 44032K, 26% used [0x00000000c1200000,0x00000000c1d7eed8,0x00000000c3d00000)
 Metaspace       used 20471K, capacity 21194K, committed 21248K, reserved 1069056K
  class space    used 2384K, capacity 2558K, committed 2560K, reserved 1048576K
}
Event: 10.030 GC heap before
{Heap before GC invocations=10 (full 1):
 PSYoungGen      total 137728K, used 6199K [0x00000000eb100000, 0x00000000f8c00000, 0x0000000100000000)
  eden space 128000K, 0% used [0x00000000eb100000,0x00000000eb100000,0x00000000f2e00000)
  from space 9728K, 63% used [0x00000000f2e00000,0x00000000f340dfd0,0x00000000f3780000)
  to   space 9728K, 0% used [0x00000000f8280000,0x00000000f8280000,0x00000000f8c00000)
 ParOldGen       total 44032K, used 11771K [0x00000000c1200000, 0x00000000c3d00000, 0x00000000eb100000)
  object space 44032K, 26% used [0x00000000c1200000,0x00000000c1d7eed8,0x00000000c3d00000)
 Metaspace       used 20471K, capacity 21194K, committed 21248K, reserved 1069056K
  class space    used 2384K, capacity 2558K, committed 2560K, reserved 1048576K
Event: 10.163 GC heap after
Heap after GC invocations=10 (full 1):
 PSYoungGen      total 137728K, used 0K [0x00000000eb100000, 0x00000000f8c00000, 0x0000000100000000)
  eden space 128000K, 0% used [0x00000000eb100000,0x00000000eb100000,0x00000000f2e00000)
  from space 9728K, 0% used [0x00000000f2e00000,0x00000000f2e00000,0x00000000f3780000)
  to   space 9728K, 0% used [0x00000000f8280000,0x00000000f8280000,0x00000000f8c00000)
 ParOldGen       total 36864K, used 11867K [0x00000000c1200000, 0x00000000c3600000, 0x00000000eb100000)
  object space 36864K, 32% used [0x00000000c1200000,0x00000000c1d96d30,0x00000000c3600000)
 Metaspace       used 20471K, capacity 21194K, committed 21248K, reserved 1069056K
  class space    used 2384K, capacity 2558K, committed 2560K, reserved 1048576K
}
Event: 11.364 GC heap before
{Heap before GC invocations=11 (full 1):
 PSYoungGen      total 137728K, used 128000K [0x00000000eb100000, 0x00000000f8c00000, 0x0000000100000000)
  eden space 128000K, 100% used [0x00000000eb100000,0x00000000f2e00000,0x00000000f2e00000)
  from space 9728K, 0% used [0x00000000f2e00000,0x00000000f2e00000,0x00000000f3780000)
  to   space 9728K, 0% used [0x00000000f8280000,0x00000000f8280000,0x00000000f8c00000)
 ParOldGen       total 36864K, used 11867K [0x00000000c1200000, 0x00000000c3600000, 0x00000000eb100000)
  object space 36864K, 32% used [0x00000000c1200000,0x00000000c1d96d30,0x00000000c3600000)
 Metaspace       used 21878K, capacity 22700K, committed 22784K, reserved 1069056K
  class space    used 2503K, capacity 2760K, committed 2816K, reserved 1048576K
Event: 11.379 GC heap after
Heap after GC invocations=11 (full 1):
 PSYoungGen      total 183296K, used 2857K [0x00000000eb100000, 0x00000000f8580000, 0x0000000100000000)
  eden space 180224K, 0% used [0x00000000eb100000,0x00000000eb100000,0x00000000f6100000)
  from space 3072K, 93% used [0x00000000f8280000,0x00000000f854a558,0x00000000f8580000)
  to   space 9728K, 0% used [0x00000000f7280000,0x00000000f7280000,0x00000000f7c00000)
 ParOldGen       total 36864K, used 11867K [0x00000000c1200000, 0x00000000c3600000, 0x00000000eb100000)
  object space 36864K, 32% used [0x00000000c1200000,0x00000000c1d96d30,0x00000000c3600000)
 Metaspace       used 21878K, capacity 22700K, committed 22784K, reserved 1069056K
  class space    used 2503K, capacity 2760K, committed 2816K, reserved 1048576K
}

Deoptimization events (10 events):
Event: 10.459 Thread 0x00007f6aa000a800 Uncommon trap: reason=unstable_if action=reinterpret pc=0x00007f6a9164df40 method=org.apache.maven.model.ConfigurationContainer.getLocation(Ljava/lang/Object;)Lorg/apache/maven/model/InputLocation; @ 4
Event: 10.549 Thread 0x00007f6aa000a800 Uncommon trap: reason=null_check action=make_not_entrant pc=0x00007f6a91a42320 method=org.apache.maven.model.io.xpp3.MavenXpp3ReaderEx.checkFieldWithDuplicate(Lorg/codehaus/plexus/util/xml/pull/XmlPullParser;Ljava/lang/String;Ljava/lang/String;Ljava/util/
Event: 10.611 Thread 0x00007f6aa0bb4800 Uncommon trap: reason=class_check action=maybe_recompile pc=0x00007f6a912286bc method=java.util.concurrent.locks.AbstractQueuedSynchronizer.release(I)Z @ 2
Event: 10.611 Thread 0x00007f6aa0bb4800 Uncommon trap: reason=class_check action=maybe_recompile pc=0x00007f6a912286bc method=java.util.concurrent.locks.AbstractQueuedSynchronizer.release(I)Z @ 2
Event: 10.612 Thread 0x00007f6aa0bdb800 Uncommon trap: reason=class_check action=maybe_recompile pc=0x00007f6a912286bc method=java.util.concurrent.locks.AbstractQueuedSynchronizer.release(I)Z @ 2
Event: 10.613 Thread 0x00007f6aa030d800 Uncommon trap: reason=class_check action=maybe_recompile pc=0x00007f6a912286bc method=java.util.concurrent.locks.AbstractQueuedSynchronizer.release(I)Z @ 2
Event: 10.824 Thread 0x00007f6aa000a800 Uncommon trap: reason=class_check action=maybe_recompile pc=0x00007f6a9181362c method=org.apache.maven.model.interpolation.AbstractStringBasedModelInterpolator.interpolateInternal(Ljava/lang/String;Ljava/util/List;Ljava/util/List;Lorg/apache/maven/model/b
Event: 10.824 Thread 0x00007f6aa000a800 Uncommon trap: reason=class_check action=maybe_recompile pc=0x00007f6a9181362c method=org.apache.maven.model.interpolation.AbstractStringBasedModelInterpolator.interpolateInternal(Ljava/lang/String;Ljava/util/List;Ljava/util/List;Lorg/apache/maven/model/b
Event: 10.824 Thread 0x00007f6aa000a800 Uncommon trap: reason=class_check action=maybe_recompile pc=0x00007f6a9181362c method=org.apache.maven.model.interpolation.AbstractStringBasedModelInterpolator.interpolateInternal(Ljava/lang/String;Ljava/util/List;Ljava/util/List;Lorg/apache/maven/model/b
Event: 10.824 Thread 0x00007f6aa000a800 Uncommon trap: reason=class_check action=maybe_recompile pc=0x00007f6a9181362c method=org.apache.maven.model.interpolation.AbstractStringBasedModelInterpolator.interpolateInternal(Ljava/lang/String;Ljava/util/List;Ljava/util/List;Lorg/apache/maven/model/b

Classes redefined (0 events):
No events

Internal exceptions (10 events):
Event: 3.746 Thread 0x00007f6aa000a800 Exception <a 'java/lang/NullPointerException'> (0x00000000eb53f850) thrown at [/build/openjdk-8-6jqSe7/openjdk-8-8u191-b12/src/hotspot/src/share/vm/interpreter/linkResolver.cpp, line 1185]
Event: 3.746 Thread 0x00007f6aa000a800 Exception <a 'java/lang/NullPointerException'> (0x00000000eb53fa68) thrown at [/build/openjdk-8-6jqSe7/openjdk-8-8u191-b12/src/hotspot/src/share/vm/interpreter/linkResolver.cpp, line 1185]
Event: 3.747 Thread 0x00007f6aa000a800 Exception <a 'java/lang/NullPointerException'> (0x00000000eb5467f0) thrown at [/build/openjdk-8-6jqSe7/openjdk-8-8u191-b12/src/hotspot/src/share/vm/interpreter/linkResolver.cpp, line 1185]
Event: 3.747 Thread 0x00007f6aa000a800 Exception <a 'java/lang/NullPointerException'> (0x00000000eb546a08) thrown at [/build/openjdk-8-6jqSe7/openjdk-8-8u191-b12/src/hotspot/src/share/vm/interpreter/linkResolver.cpp, line 1185]
Event: 3.747 Thread 0x00007f6aa000a800 Exception <a 'java/lang/NullPointerException'> (0x00000000eb546c20) thrown at [/build/openjdk-8-6jqSe7/openjdk-8-8u191-b12/src/hotspot/src/share/vm/interpreter/linkResolver.cpp, line 1185]
Event: 4.148 Thread 0x00007f6aa000a800 Implicit null exception at 0x00007f6a9137d835 to 0x00007f6a9137da3d
Event: 5.103 Thread 0x00007f6aa000a800 Implicit null exception at 0x00007f6a917a5015 to 0x00007f6a917a58f9
Event: 7.500 Thread 0x00007f6aa000a800 Exception <a 'java/lang/NoSuchMethodError': org.apache.maven.execution.MavenExecutionRequest.getFailureBehavior()Ljava/lang/String;> (0x00000000ecbeef20) thrown at [/build/openjdk-8-6jqSe7/openjdk-8-8u191-b12/src/hotspot/src/share/vm/interpreter/linkResol
Event: 10.436 Thread 0x00007f6aa000a800 Implicit null exception at 0x00007f6a911ffbef to 0x00007f6a91200141
Event: 10.549 Thread 0x00007f6aa000a800 Implicit null exception at 0x00007f6a91a4199d to 0x00007f6a91a42311

Events (10 events):
Event: 11.381 Executing VM operation: RevokeBias
Event: 11.381 Executing VM operation: RevokeBias done
Event: 11.381 Executing VM operation: RevokeBias
Event: 11.381 Executing VM operation: RevokeBias done
Event: 11.382 Executing VM operation: RevokeBias
Event: 11.382 Executing VM operation: RevokeBias done
Event: 11.763 loading class org/codehaus/plexus/archiver/jar/Manifest$Section
Event: 11.763 loading class org/codehaus/plexus/archiver/jar/Manifest$Section done
Event: 11.763 loading class org/codehaus/plexus/archiver/jar/Manifest$Section
Event: 11.763 loading class org/codehaus/plexus/archiver/jar/Manifest$Section done


Dynamic libraries:
00400000-00401000 r-xp 00000000 00:00 227485                     /usr/lib/jvm/java-8-openjdk-amd64/jre/bin/java
00600000-00601000 r--p 00000000 00:00 227485                     /usr/lib/jvm/java-8-openjdk-amd64/jre/bin/java
00601000-00602000 rw-p 00001000 00:00 227485                     /usr/lib/jvm/java-8-openjdk-amd64/jre/bin/java
01635000-01656000 rw-p 00000000 00:00 0                          [heap]
c1200000-c3600000 rw-p 00000000 00:00 0
c3600000-eb100000 ---p 00000000 00:00 0
eb100000-f8580000 rw-p 00000000 00:00 0
f8580000-100000000 ---p 00000000 00:00 0
100000000-1002c0000 rw-p 00000000 00:00 0
1002c0000-140000000 ---p 00000000 00:00 0
7f6a44000000-7f6a44021000 rw-p 00000000 00:00 0
7f6a44021000-7f6a48000000 ---p 00000000 00:00 0
7f6a48000000-7f6a48021000 rw-p 00000000 00:00 0
7f6a48021000-7f6a4c000000 ---p 00000000 00:00 0
7f6a4c000000-7f6a4c021000 rw-p 00000000 00:00 0
7f6a4c021000-7f6a50000000 ---p 00000000 00:00 0
7f6a50000000-7f6a50021000 rw-p 00000000 00:00 0
7f6a50021000-7f6a54000000 ---p 00000000 00:00 0
7f6a54000000-7f6a54021000 rw-p 00000000 00:00 0
7f6a54021000-7f6a58000000 ---p 00000000 00:00 0
7f6a58000000-7f6a58021000 rw-p 00000000 00:00 0
7f6a58021000-7f6a5c000000 ---p 00000000 00:00 0
7f6a5c000000-7f6a5cb31000 rw-p 00000000 00:00 0
7f6a5cb31000-7f6a60000000 ---p 00000000 00:00 0
7f6a60000000-7f6a60021000 rw-p 00000000 00:00 0
7f6a60021000-7f6a64000000 ---p 00000000 00:00 0
7f6a64000000-7f6a656e9000 rw-p 00000000 00:00 0
7f6a656e9000-7f6a68000000 ---p 00000000 00:00 0
7f6a68000000-7f6a68f16000 rw-p 00000000 00:00 0
7f6a68f16000-7f6a6c000000 ---p 00000000 00:00 0
7f6a6c000000-7f6a6c021000 rw-p 00000000 00:00 0
7f6a6c021000-7f6a70000000 ---p 00000000 00:00 0
7f6a70000000-7f6a70021000 rw-p 00000000 00:00 0
7f6a70021000-7f6a74000000 ---p 00000000 00:00 0
7f6a74000000-7f6a74021000 rw-p 00000000 00:00 0
7f6a74021000-7f6a78000000 ---p 00000000 00:00 0
7f6a78000000-7f6a78021000 rw-p 00000000 00:00 0
7f6a78021000-7f6a7c000000 ---p 00000000 00:00 0
7f6a7c000000-7f6a7c021000 rw-p 00000000 00:00 0
7f6a7c021000-7f6a80000000 ---p 00000000 00:00 0
7f6a80000000-7f6a80021000 rw-p 00000000 00:00 0
7f6a80021000-7f6a84000000 ---p 00000000 00:00 0
7f6a84000000-7f6a84021000 rw-p 00000000 00:00 0
7f6a84021000-7f6a88000000 ---p 00000000 00:00 0
7f6a88e6b000-7f6a88ed0000 r--s 00abc000 00:00 398728             /home/Vraier/.m2/repository/com/ibm/icu/icu4j/58.2/icu4j-58.2.jar
7f6a88ed0000-7f6a88ed3000 ---p 00000000 00:00 0
7f6a88ed3000-7f6a88fd1000 rw-p 00000000 00:00 0
7f6a88fe0000-7f6a88fe3000 ---p 00000000 00:00 0
7f6a88fe3000-7f6a890e1000 rw-p 00000000 00:00 0
7f6a890f0000-7f6a890f3000 ---p 00000000 00:00 0
7f6a890f3000-7f6a891f1000 rw-p 00000000 00:00 0
7f6a89200000-7f6a89203000 ---p 00000000 00:00 0
7f6a89203000-7f6a89301000 rw-p 00000000 00:00 0
7f6a89310000-7f6a894d0000 rw-p 00000000 00:00 0
7f6a894d0000-7f6a89513000 ---p 00000000 00:00 0
7f6a89513000-7f6a89611000 rw-p 00000000 00:00 0
7f6a89620000-7f6a89a20000 rw-p 00000000 00:00 0
7f6a89a20000-7f6a89a31000 r-xp 00000000 00:00 227096             /usr/lib/jvm/java-8-openjdk-amd64/jre/lib/amd64/libnio.so
7f6a89a31000-7f6a89a33000 ---p 00011000 00:00 227096             /usr/lib/jvm/java-8-openjdk-amd64/jre/lib/amd64/libnio.so
7f6a89a33000-7f6a89c31000 ---p 00000013 00:00 227096             /usr/lib/jvm/java-8-openjdk-amd64/jre/lib/amd64/libnio.so
7f6a89c31000-7f6a89c32000 r--p 00011000 00:00 227096             /usr/lib/jvm/java-8-openjdk-amd64/jre/lib/amd64/libnio.so
7f6a89c32000-7f6a89c33000 rw-p 00012000 00:00 227096             /usr/lib/jvm/java-8-openjdk-amd64/jre/lib/amd64/libnio.so
7f6a89c40000-7f6a89f41000 rw-p 00000000 00:00 0
7f6a89f50000-7f6a89f67000 r-xp 00000000 00:00 212541             /usr/lib/jvm/java-8-openjdk-amd64/jre/lib/amd64/libnet.so
7f6a89f67000-7f6a89f68000 ---p 00017000 00:00 212541             /usr/lib/jvm/java-8-openjdk-amd64/jre/lib/amd64/libnet.so
7f6a89f68000-7f6a8a166000 ---p 00000018 00:00 212541             /usr/lib/jvm/java-8-openjdk-amd64/jre/lib/amd64/libnet.so
7f6a8a166000-7f6a8a167000 r--p 00016000 00:00 212541             /usr/lib/jvm/java-8-openjdk-amd64/jre/lib/amd64/libnet.so
7f6a8a167000-7f6a8a168000 rw-p 00017000 00:00 212541             /usr/lib/jvm/java-8-openjdk-amd64/jre/lib/amd64/libnet.so
7f6a8a170000-7f6a8a770000 rw-p 00000000 00:00 0
7f6a8a778000-7f6a8a7a9000 r--s 00207000 00:00 558769             /usr/share/java/wagon-http-shaded-2.x.jar
7f6a8a7a9000-7f6a8a7d5000 r--s 00208000 00:00 550089             /usr/share/java/guava.jar
7f6a8a7d5000-7f6a8a7f0000 r--s 001d6000 00:00 179805             /usr/lib/jvm/java-8-openjdk-amd64/jre/lib/ext/nashorn.jar
7f6a8a7f0000-7f6a8a7f1000 ---p 00000000 00:00 0
7f6a8a7f1000-7f6a8a8f1000 rw-p 00000000 00:00 0
7f6a8a900000-7f6a8a903000 ---p 00000000 00:00 0
7f6a8a903000-7f6a8aa01000 rw-p 00000000 00:00 0
7f6a8aa10000-7f6a8aa13000 ---p 00000000 00:00 0
7f6a8aa13000-7f6a8ab11000 rw-p 00000000 00:00 0
7f6a8ab20000-7f6a8ab23000 ---p 00000000 00:00 0
7f6a8ab23000-7f6a8ac21000 rw-p 00000000 00:00 0
7f6a8ac30000-7f6a8ac33000 ---p 00000000 00:00 0
7f6a8ac33000-7f6a8ad31000 rw-p 00000000 00:00 0
7f6a8ad40000-7f6a8ad43000 ---p 00000000 00:00 0
7f6a8ad43000-7f6a8ae41000 rw-p 00000000 00:00 0
7f6a8ae48000-7f6a8afe0000 r--p 00000000 00:00 58986              /usr/lib/locale/locale-archive
7f6a8afe0000-7f6a8afe3000 ---p 00000000 00:00 0
7f6a8afe3000-7f6a8b0e1000 rw-p 00000000 00:00 0
7f6a8b0f0000-7f6a8b0f3000 ---p 00000000 00:00 0
7f6a8b0f3000-7f6a8b1f1000 rw-p 00000000 00:00 0
7f6a8b200000-7f6a8b201000 ---p 00000000 00:00 0
7f6a8b201000-7f6a8b301000 rw-p 00000000 00:00 0
7f6a8b310000-7f6a8b411000 rw-p 00000000 00:00 0
7f6a8b420000-7f6a8b521000 rw-p 00000000 00:00 0
7f6a8b530000-7f6a8b631000 rw-p 00000000 00:00 0
7f6a8b640000-7f6a8b741000 rw-p 00000000 00:00 0
7f6a8b750000-7f6a8b851000 rw-p 00000000 00:00 0
7f6a8b860000-7f6a8b881000 rw-p 00000000 00:00 0
7f6a8b890000-7f6a8b991000 rw-p 00000000 00:00 0
7f6a8b9a0000-7f6a8baa1000 rw-p 00000000 00:00 0
7f6a8bab0000-7f6a8bbb1000 rw-p 00000000 00:00 0
7f6a8bbc0000-7f6a8bcc1000 rw-p 00000000 00:00 0
7f6a8bcd0000-7f6a8bdd1000 rw-p 00000000 00:00 0
7f6a8bde0000-7f6a8bee1000 rw-p 00000000 00:00 0
7f6a8bef0000-7f6a8bff1000 rw-p 00000000 00:00 0
7f6a8c000000-7f6a8c021000 rw-p 00000000 00:00 0
7f6a8c021000-7f6a90000000 ---p 00000000 00:00 0
7f6a90005000-7f6a90020000 r--s 00394000 00:00 200613             /usr/lib/jvm/java-8-openjdk-amd64/jre/lib/ext/cldrdata.jar
7f6a90020000-7f6a90041000 rw-p 00000000 00:00 0
7f6a90050000-7f6a90071000 rw-p 00000000 00:00 0
7f6a90080000-7f6a900a1000 rw-p 00000000 00:00 0
7f6a900b0000-7f6a901b1000 rw-p 00000000 00:00 0
7f6a901c0000-7f6a902c1000 rw-p 00000000 00:00 0
7f6a902c3000-7f6a902d0000 r--s 00117000 00:00 393992             /home/Vraier/.m2/repository/org/antlr/antlr4/4.7/antlr4-4.7.jar
7f6a902d0000-7f6a903d1000 rw-p 00000000 00:00 0
7f6a903d4000-7f6a903dc000 r--s 00066000 00:00 421470             /mnt/c/Users/jpvdh/Documents/Bachelorarbeit/aquaplanning/target/aquaplanning-0.0.1-SNAPSHOT.jar
7f6a903dc000-7f6a903e0000 r--s 00038000 00:00 399559             /home/Vraier/.m2/repository/info/picocli/picocli/3.8.0/picocli-3.8.0.jar
7f6a903e0000-7f6a9042e000 rw-p 00000000 00:00 0
7f6a90431000-7f6a90600000 r--s 03c33000 00:00 210470             /usr/lib/jvm/java-8-openjdk-amd64/jre/lib/rt.jar
7f6a90600000-7f6a90ff7000 rw-p 00000000 00:00 0
7f6a90ffa000-7f6a91000000 r--s 0003c000 00:00 399374             /home/Vraier/.m2/repository/org/sat4j/org.sat4j.core/2.3.1/org.sat4j.core-2.3.1.jar
7f6a91000000-7f6a91b80000 rwxp 00000000 00:00 0
7f6a91b80000-7f6aa0000000 ---p 00000000 00:00 0
7f6aa0000000-7f6aa1116000 rw-p 00000000 00:00 0
7f6aa1116000-7f6aa4000000 ---p 00000000 00:00 0
7f6aa4000000-7f6aa4021000 rw-p 00000000 00:00 0
7f6aa4022000-7f6aa4026000 r--s 00037000 00:00 603419             /home/Vraier/.m2/repository/org/codehaus/plexus/plexus-utils/3.0.15/plexus-utils-3.0.15.jar
7f6aa4026000-7f6aa4029000 r--s 0000c000 00:00 603418             /home/Vraier/.m2/repository/org/codehaus/plexus/plexus-io/2.0.9/plexus-io-2.0.9.jar
7f6aa4029000-7f6aa402b000 r--s 00006000 00:00 603415             /home/Vraier/.m2/repository/com/google/code/findbugs/jsr305/2.0.1/jsr305-2.0.1.jar
7f6aa402b000-7f6aa402e000 r--s 00023000 00:00 603411             /home/Vraier/.m2/repository/org/apache/maven/shared/maven-shared-utils/0.3/maven-shared-utils-0.3.jar
7f6aa402e000-7f6aa4030000 r--s 00009000 00:00 603408             /home/Vraier/.m2/repository/org/apache/maven/shared/maven-filtering/1.2/maven-filtering-1.2.jar
7f6aa4030000-7f6aa5fa0000 rw-p 00000000 00:00 0
7f6aa5fa0000-7f6aa5fa1000 ---p 00000000 00:00 0
7f6aa5fa1000-7f6aa60a1000 rw-p 00000000 00:00 0
7f6aa60a2000-7f6aa60a4000 r--s 00008000 00:00 603404             /home/Vraier/.m2/repository/org/apache/maven/shared/maven-shared-io/1.1/maven-shared-io-1.1.jar
7f6aa60a4000-7f6aa60a6000 r--s 00006000 00:00 603403             /home/Vraier/.m2/repository/org/apache/maven/shared/file-management/1.1/file-management-1.1.jar
7f6aa60a6000-7f6aa60ab000 r--s 0003a000 00:00 603400             /home/Vraier/.m2/repository/org/apache/commons/commons-compress/1.5/commons-compress-1.5.jar
7f6aa60ab000-7f6aa60b0000 r--s 00024000 00:00 603398             /home/Vraier/.m2/repository/org/codehaus/plexus/plexus-archiver/2.4.4/plexus-archiver-2.4.4.jar
7f6aa60b0000-7f6aa60b1000 ---p 00000000 00:00 0
7f6aa60b1000-7f6aa61b1000 rw-p 00000000 00:00 0
7f6aa61b1000-7f6aa61b5000 r--s 00014000 00:00 603401             /home/Vraier/.m2/repository/org/tukaani/xz/1.2/xz-1.2.jar
7f6aa61b5000-7f6aa61b8000 r--s 0000d000 00:00 603395             /home/Vraier/.m2/repository/org/codehaus/plexus/plexus-interpolation/1.19/plexus-interpolation-1.19.jar
7f6aa61b8000-7f6aa61ba000 r--s 00006000 00:00 603386             /home/Vraier/.m2/repository/org/apache/maven/shared/maven-common-artifact-filters/1.4/maven-common-artifact-filters-1.4.jar
7f6aa61ba000-7f6aa61bc000 r--s 00009000 00:00 603388             /home/Vraier/.m2/repository/commons-cli/commons-cli/1.2/commons-cli-1.2.jar
7f6aa61bc000-7f6aa61c0000 r--s 00031000 00:00 373268             /home/Vraier/.m2/repository/org/apache/maven/plugins/maven-assembly-plugin/2.4.1/maven-assembly-plugin-2.4.1.jar
7f6aa61c0000-7f6aa61c1000 ---p 00000000 00:00 0
7f6aa61c1000-7f6aa62c1000 rw-p 00000000 00:00 0
7f6aa62c1000-7f6aa62c3000 r--s 00002000 00:00 603390             /home/Vraier/.m2/repository/org/apache/maven/doxia/doxia-sink-api/1.1/doxia-sink-api-1.1.jar
7f6aa62c3000-7f6aa62c7000 r--s 00034000 00:00 421330             /home/Vraier/.m2/repository/org/codehaus/plexus/plexus-utils/3.0/plexus-utils-3.0.jar
7f6aa62c7000-7f6aa62cb000 r--s 0002f000 00:00 421279             /home/Vraier/.m2/repository/commons-lang/commons-lang/2.1/commons-lang-2.1.jar
7f6aa62cb000-7f6aa62d0000 r--s 00029000 00:00 420465             /home/Vraier/.m2/repository/org/codehaus/plexus/plexus-archiver/2.1/plexus-archiver-2.1.jar
7f6aa62d0000-7f6aa62d1000 ---p 00000000 00:00 0
7f6aa62d1000-7f6aa63d1000 rw-p 00000000 00:00 0
7f6aa63d1000-7f6aa63d4000 r--s 0000c000 00:00 420732             /home/Vraier/.m2/repository/org/codehaus/plexus/plexus-io/2.0.2/plexus-io-2.0.2.jar
7f6aa63d4000-7f6aa63d6000 r--s 0000d000 00:00 420594             /home/Vraier/.m2/repository/org/codehaus/plexus/plexus-interpolation/1.15/plexus-interpolation-1.15.jar
7f6aa63d6000-7f6aa63d8000 r--s 00004000 00:00 420620             /home/Vraier/.m2/repository/org/apache/maven/maven-archiver/2.5/maven-archiver-2.5.jar
7f6aa63d8000-7f6aa63e0000 r--s 00049000 00:00 403573             /home/Vraier/.m2/repository/backport-util-concurrent/backport-util-concurrent/3.1/backport-util-concurrent-3.1.jar
7f6aa63e0000-7f6aa63f2000 rw-p 00000000 00:00 0
7f6aa63f2000-7f6aa6530000 ---p 00000000 00:00 0
7f6aa6530000-7f6aa6542000 rw-p 00000000 00:00 0
7f6aa6542000-7f6aa667f000 ---p 00000000 00:00 0
7f6aa667f000-7f6aa66ea000 rw-p 00000000 00:00 0
7f6aa66ea000-7f6aa6727000 ---p 00000000 00:00 0
7f6aa6727000-7f6aa6728000 rw-p 00000000 00:00 0
7f6aa6728000-7f6aa6730000 r--s 00045000 00:00 403548             /home/Vraier/.m2/repository/junit/junit/4.12/junit-4.12.jar
7f6aa6730000-7f6aa675e000 rw-p 00000000 00:00 0
7f6aa675e000-7f6aa6af0000 ---p 00000000 00:00 0
7f6aa6af0000-7f6aa6af8000 r-xp 00000000 00:00 225286             /usr/lib/jvm/java-8-openjdk-amd64/jre/lib/amd64/libzip.so
7f6aa6af8000-7f6aa6af9000 ---p 00008000 00:00 225286             /usr/lib/jvm/java-8-openjdk-amd64/jre/lib/amd64/libzip.so
7f6aa6af9000-7f6aa6cf7000 ---p 00000009 00:00 225286             /usr/lib/jvm/java-8-openjdk-amd64/jre/lib/amd64/libzip.so
7f6aa6cf7000-7f6aa6cf8000 r--p 00007000 00:00 225286             /usr/lib/jvm/java-8-openjdk-amd64/jre/lib/amd64/libzip.so
7f6aa6cf8000-7f6aa6cf9000 rw-p 00008000 00:00 225286             /usr/lib/jvm/java-8-openjdk-amd64/jre/lib/amd64/libzip.so
7f6aa6cf9000-7f6aa6d00000 r--s 00047000 00:00 404078             /home/Vraier/.m2/repository/com/thoughtworks/qdox/qdox/2.0-M8/qdox-2.0-M8.jar
7f6aa6d00000-7f6aa6d0b000 r-xp 00000000 00:00 239284             /lib/x86_64-linux-gnu/libnss_files-2.23.so
7f6aa6d0b000-7f6aa6d0c000 ---p 0000b000 00:00 239284             /lib/x86_64-linux-gnu/libnss_files-2.23.so
7f6aa6d0c000-7f6aa6f0a000 ---p 0000000c 00:00 239284             /lib/x86_64-linux-gnu/libnss_files-2.23.so
7f6aa6f0a000-7f6aa6f0b000 r--p 0000a000 00:00 239284             /lib/x86_64-linux-gnu/libnss_files-2.23.so
7f6aa6f0b000-7f6aa6f0c000 rw-p 0000b000 00:00 239284             /lib/x86_64-linux-gnu/libnss_files-2.23.so
7f6aa6f0c000-7f6aa6f12000 rw-p 00000000 00:00 0
7f6aa6f13000-7f6aa6f15000 r--s 00007000 00:00 276697             /home/Vraier/.m2/repository/org/apache/maven/plugins/maven-jar-plugin/2.4/maven-jar-plugin-2.4.jar
7f6aa6f15000-7f6aa6f17000 r--s 00003000 00:00 403872             /home/Vraier/.m2/repository/org/slf4j/jcl-over-slf4j/1.5.6/jcl-over-slf4j-1.5.6.jar
7f6aa6f17000-7f6aa6f20000 r--s 00078000 00:00 403499             /home/Vraier/.m2/repository/org/apache/maven/surefire/maven-surefire-common/2.22.1/maven-surefire-common-2.22.1.jar
7f6aa6f20000-7f6aa6f2b000 r-xp 00000000 00:00 239272             /lib/x86_64-linux-gnu/libnss_nis-2.23.so
7f6aa6f2b000-7f6aa6f2c000 ---p 0000b000 00:00 239272             /lib/x86_64-linux-gnu/libnss_nis-2.23.so
7f6aa6f2c000-7f6aa712a000 ---p 0000000c 00:00 239272             /lib/x86_64-linux-gnu/libnss_nis-2.23.so
7f6aa712a000-7f6aa712b000 r--p 0000a000 00:00 239272             /lib/x86_64-linux-gnu/libnss_nis-2.23.so
7f6aa712b000-7f6aa712c000 rw-p 0000b000 00:00 239272             /lib/x86_64-linux-gnu/libnss_nis-2.23.so
7f6aa712c000-7f6aa712e000 r--s 00001000 00:00 403604             /home/Vraier/.m2/repository/org/slf4j/slf4j-jdk14/1.5.6/slf4j-jdk14-1.5.6.jar
7f6aa712e000-7f6aa7130000 r--s 0000b000 00:00 403582             /home/Vraier/.m2/repository/org/codehaus/plexus/plexus-interpolation/1.11/plexus-interpolation-1.11.jar
7f6aa7130000-7f6aa7146000 r-xp 00000000 00:00 239280             /lib/x86_64-linux-gnu/libnsl-2.23.so
7f6aa7146000-7f6aa7147000 ---p 00016000 00:00 239280             /lib/x86_64-linux-gnu/libnsl-2.23.so
7f6aa7147000-7f6aa7345000 ---p 00000017 00:00 239280             /lib/x86_64-linux-gnu/libnsl-2.23.so
7f6aa7345000-7f6aa7346000 r--p 00015000 00:00 239280             /lib/x86_64-linux-gnu/libnsl-2.23.so
7f6aa7346000-7f6aa7347000 rw-p 00016000 00:00 239280             /lib/x86_64-linux-gnu/libnsl-2.23.so
7f6aa7347000-7f6aa7349000 rw-p 00000000 00:00 0
7f6aa7349000-7f6aa734a000 r--s 00005000 00:00 603421             /home/Vraier/.m2/repository/org/apache/maven/shared/maven-repository-builder/1.0-alpha-2/maven-repository-builder-1.0-alpha-2.jar
7f6aa734a000-7f6aa734c000 r--s 00009000 00:00 403554             /home/Vraier/.m2/repository/org/hamcrest/hamcrest-core/1.3/hamcrest-core-1.3.jar
7f6aa734c000-7f6aa7350000 r--s 00034000 00:00 403537             /home/Vraier/.m2/repository/org/codehaus/plexus/plexus-utils/1.5.15/plexus-utils-1.5.15.jar
7f6aa7350000-7f6aa7358000 r-xp 00000000 00:00 239290             /lib/x86_64-linux-gnu/libnss_compat-2.23.so
7f6aa7358000-7f6aa7359000 ---p 00008000 00:00 239290             /lib/x86_64-linux-gnu/libnss_compat-2.23.so
7f6aa7359000-7f6aa7557000 ---p 00000009 00:00 239290             /lib/x86_64-linux-gnu/libnss_compat-2.23.so
7f6aa7557000-7f6aa7558000 r--p 00007000 00:00 239290             /lib/x86_64-linux-gnu/libnss_compat-2.23.so
7f6aa7558000-7f6aa7559000 rw-p 00008000 00:00 239290             /lib/x86_64-linux-gnu/libnss_compat-2.23.so
7f6aa7559000-7f6aa755a000 r--s 00002000 00:00 603392             /home/Vraier/.m2/repository/org/apache/maven/doxia/doxia-logging-api/1.1/doxia-logging-api-1.1.jar
7f6aa755a000-7f6aa755e000 r--s 0003f000 00:00 403528             /home/Vraier/.m2/repository/org/apache/maven/surefire/surefire-booter/2.22.1/surefire-booter-2.22.1.jar
7f6aa755e000-7f6aa7560000 r--s 00002000 00:00 403516             /home/Vraier/.m2/repository/org/apache/maven/surefire/surefire-logger-api/2.22.1/surefire-logger-api-2.22.1.jar
7f6aa7560000-7f6aa758d000 r-xp 00000000 00:00 226818             /usr/lib/jvm/java-8-openjdk-amd64/jre/lib/amd64/libjava.so
7f6aa758d000-7f6aa758f000 ---p 0002d000 00:00 226818             /usr/lib/jvm/java-8-openjdk-amd64/jre/lib/amd64/libjava.so
7f6aa758f000-7f6aa778c000 ---p 0000002f 00:00 226818             /usr/lib/jvm/java-8-openjdk-amd64/jre/lib/amd64/libjava.so
7f6aa778c000-7f6aa778d000 r--p 0002c000 00:00 226818             /usr/lib/jvm/java-8-openjdk-amd64/jre/lib/amd64/libjava.so
7f6aa778d000-7f6aa778f000 rw-p 0002d000 00:00 226818             /usr/lib/jvm/java-8-openjdk-amd64/jre/lib/amd64/libjava.so
7f6aa778f000-7f6aa7790000 r--s 00002000 00:00 603385             /home/Vraier/.m2/repository/org/apache/maven/reporting/maven-reporting-api/2.2.1/maven-reporting-api-2.2.1.jar
7f6aa7790000-7f6aa779f000 r-xp 00000000 00:00 226982             /usr/lib/jvm/java-8-openjdk-amd64/jre/lib/amd64/libverify.so
7f6aa779f000-7f6aa77a1000 ---p 0000f000 00:00 226982             /usr/lib/jvm/java-8-openjdk-amd64/jre/lib/amd64/libverify.so
7f6aa77a1000-7f6aa799e000 ---p 00000011 00:00 226982             /usr/lib/jvm/java-8-openjdk-amd64/jre/lib/amd64/libverify.so
7f6aa799e000-7f6aa79a0000 r--p 0000e000 00:00 226982             /usr/lib/jvm/java-8-openjdk-amd64/jre/lib/amd64/libverify.so
7f6aa79a0000-7f6aa79a1000 rw-p 00010000 00:00 226982             /usr/lib/jvm/java-8-openjdk-amd64/jre/lib/amd64/libverify.so
7f6aa79a1000-7f6aa79a2000 r--s 00002000 00:00 404032             /home/Vraier/.m2/repository/org/apache/maven/reporting/maven-reporting-api/3.0/maven-reporting-api-3.0.jar
7f6aa79a2000-7f6aa79a7000 r--s 00029000 00:00 403524             /home/Vraier/.m2/repository/org/apache/maven/surefire/surefire-api/2.22.1/surefire-api-2.22.1.jar
7f6aa79a7000-7f6aa79a9000 r--s 00004000 00:00 403177             /home/Vraier/.m2/repository/org/codehaus/plexus/plexus-compiler-javac/2.8.4/plexus-compiler-javac-2.8.4.jar
7f6aa79a9000-7f6aa79b0000 r--s 00047000 00:00 403162             /home/Vraier/.m2/repository/com/thoughtworks/qdox/qdox/2.0-M9/qdox-2.0-M9.jar
7f6aa79b0000-7f6aa79b7000 r-xp 00000000 00:00 239259             /lib/x86_64-linux-gnu/librt-2.23.so
7f6aa79b7000-7f6aa79b8000 ---p 00007000 00:00 239259             /lib/x86_64-linux-gnu/librt-2.23.so
7f6aa79b8000-7f6aa7bb6000 ---p 00000008 00:00 239259             /lib/x86_64-linux-gnu/librt-2.23.so
7f6aa7bb6000-7f6aa7bb7000 r--p 00006000 00:00 239259             /lib/x86_64-linux-gnu/librt-2.23.so
7f6aa7bb7000-7f6aa7bb8000 rw-p 00007000 00:00 239259             /lib/x86_64-linux-gnu/librt-2.23.so
7f6aa7bb8000-7f6aa7bba000 r--s 00000000 00:00 402472             /home/Vraier/.m2/repository/org/codehaus/plexus/plexus-compiler-manager/2.8.4/plexus-compiler-manager-2.8.4.jar
7f6aa7bba000-7f6aa7bbc000 r--s 00005000 00:00 403164             /home/Vraier/.m2/repository/org/codehaus/plexus/plexus-compiler-api/2.8.4/plexus-compiler-api-2.8.4.jar
7f6aa7bbc000-7f6aa7bbe000 r--s 0001a000 00:00 403156             /home/Vraier/.m2/repository/org/ow2/asm/asm/6.2/asm-6.2.jar
7f6aa7bbe000-7f6aa7bc0000 r--s 00008000 00:00 402514             /home/Vraier/.m2/repository/org/codehaus/plexus/plexus-java/0.9.10/plexus-java-0.9.10.jar
7f6aa7bc0000-7f6aa7bd6000 r-xp 00000000 00:00 143397             /lib/x86_64-linux-gnu/libgcc_s.so.1
7f6aa7bd6000-7f6aa7dd5000 ---p 00000016 00:00 143397             /lib/x86_64-linux-gnu/libgcc_s.so.1
7f6aa7dd5000-7f6aa7dd6000 rw-p 00015000 00:00 143397             /lib/x86_64-linux-gnu/libgcc_s.so.1
7f6aa7dd6000-7f6aa7dd8000 r--s 00002000 00:00 402510             /home/Vraier/.m2/repository/org/apache/maven/shared/maven-shared-incremental/1.1/maven-shared-incremental-1.1.jar
7f6aa7dd8000-7f6aa7ddc000 r--s 0002f000 00:00 402496             /home/Vraier/.m2/repository/commons-io/commons-io/2.5/commons-io-2.5.jar
7f6aa7ddc000-7f6aa7de0000 r--s 00017000 00:00 402446             /home/Vraier/.m2/repository/org/sonatype/aether/aether-util/1.7/aether-util-1.7.jar
7f6aa7de0000-7f6aa7ee8000 r-xp 00000000 00:00 239299             /lib/x86_64-linux-gnu/libm-2.23.so
7f6aa7ee8000-7f6aa7eea000 ---p 00108000 00:00 239299             /lib/x86_64-linux-gnu/libm-2.23.so
7f6aa7eea000-7f6aa80e7000 ---p 0000010a 00:00 239299             /lib/x86_64-linux-gnu/libm-2.23.so
7f6aa80e7000-7f6aa80e8000 r--p 00107000 00:00 239299             /lib/x86_64-linux-gnu/libm-2.23.so
7f6aa80e8000-7f6aa80e9000 rw-p 00108000 00:00 239299             /lib/x86_64-linux-gnu/libm-2.23.so
7f6aa80e9000-7f6aa80ec000 r--s 00026000 00:00 402486             /home/Vraier/.m2/repository/org/apache/maven/shared/maven-shared-utils/3.2.1/maven-shared-utils-3.2.1.jar
7f6aa80ec000-7f6aa80f0000 r--s 00033000 00:00 402420             /home/Vraier/.m2/repository/org/codehaus/plexus/plexus-utils/2.0.4/plexus-utils-2.0.4.jar
7f6aa80f0000-7f6aa8262000 r-xp 00000000 00:00 137506             /usr/lib/x86_64-linux-gnu/libstdc++.so.6.0.21
7f6aa8262000-7f6aa826f000 ---p 00172000 00:00 137506             /usr/lib/x86_64-linux-gnu/libstdc++.so.6.0.21
7f6aa826f000-7f6aa8462000 ---p 0000017f 00:00 137506             /usr/lib/x86_64-linux-gnu/libstdc++.so.6.0.21
7f6aa8462000-7f6aa846c000 r--p 00172000 00:00 137506             /usr/lib/x86_64-linux-gnu/libstdc++.so.6.0.21
7f6aa846c000-7f6aa846e000 rw-p 0017c000 00:00 137506             /usr/lib/x86_64-linux-gnu/libstdc++.so.6.0.21
7f6aa846e000-7f6aa8472000 rw-p 00000000 00:00 0
7f6aa8472000-7f6aa8473000 r--s 00003000 00:00 403526             /home/Vraier/.m2/repository/org/apache/maven/plugin-tools/maven-plugin-annotations/3.5.2/maven-plugin-annotations-3.5.2.jar
7f6aa8473000-7f6aa8475000 r--s 00002000 00:00 402484             /home/Vraier/.m2/repository/org/sonatype/plexus/plexus-cipher/1.4/plexus-cipher-1.4.jar
7f6aa8475000-7f6aa8480000 r--s 00069000 00:00 402385             /home/Vraier/.m2/repository/org/sonatype/sisu/sisu-guice/2.1.7/sisu-guice-2.1.7-noaop.jar
7f6aa8480000-7f6aa90e1000 r-xp 00000000 00:00 227053             /usr/lib/jvm/java-8-openjdk-amd64/jre/lib/amd64/server/libjvm.so
7f6aa90e1000-7f6aa91ac000 ---p 00c61000 00:00 227053             /usr/lib/jvm/java-8-openjdk-amd64/jre/lib/amd64/server/libjvm.so
7f6aa91ac000-7f6aa92e1000 ---p 00000d2c 00:00 227053             /usr/lib/jvm/java-8-openjdk-amd64/jre/lib/amd64/server/libjvm.so
7f6aa92e1000-7f6aa9375000 r--p 00c61000 00:00 227053             /usr/lib/jvm/java-8-openjdk-amd64/jre/lib/amd64/server/libjvm.so
7f6aa9375000-7f6aa939e000 rw-p 00cf5000 00:00 227053             /usr/lib/jvm/java-8-openjdk-amd64/jre/lib/amd64/server/libjvm.so
7f6aa939e000-7f6aa93ce000 rw-p 00000000 00:00 0
7f6aa93ce000-7f6aa93d0000 r--s 00000000 00:00 402460             /home/Vraier/.m2/repository/org/codehaus/plexus/plexus-component-annotations/1.7.1/plexus-component-annotations-1.7.1.jar
7f6aa93d0000-7f6aa93e8000 r-xp 00000000 00:00 239267             /lib/x86_64-linux-gnu/libpthread-2.23.so
7f6aa93e8000-7f6aa93f2000 ---p 00018000 00:00 239267             /lib/x86_64-linux-gnu/libpthread-2.23.so
7f6aa93f2000-7f6aa95e7000 ---p 00000022 00:00 239267             /lib/x86_64-linux-gnu/libpthread-2.23.so
7f6aa95e7000-7f6aa95e8000 r--p 00017000 00:00 239267             /lib/x86_64-linux-gnu/libpthread-2.23.so
7f6aa95e8000-7f6aa95e9000 rw-p 00018000 00:00 239267             /lib/x86_64-linux-gnu/libpthread-2.23.so
7f6aa95e9000-7f6aa95ed000 rw-p 00000000 00:00 0
7f6aa95ed000-7f6aa95ee000 r--s 00009000 00:00 265021             /home/Vraier/.m2/repository/org/apache/maven/plugins/maven-surefire-plugin/2.22.1/maven-surefire-plugin-2.22.1.jar
7f6aa95ee000-7f6aa95f0000 r--s 0000d000 00:00 402453             /home/Vraier/.m2/repository/org/codehaus/plexus/plexus-interpolation/1.14/plexus-interpolation-1.14.jar
7f6aa95f0000-7f6aa95f3000 r-xp 00000000 00:00 239263             /lib/x86_64-linux-gnu/libdl-2.23.so
7f6aa95f3000-7f6aa95f4000 ---p 00003000 00:00 239263             /lib/x86_64-linux-gnu/libdl-2.23.so
7f6aa95f4000-7f6aa97f2000 ---p 00000004 00:00 239263             /lib/x86_64-linux-gnu/libdl-2.23.so
7f6aa97f2000-7f6aa97f3000 r--p 00002000 00:00 239263             /lib/x86_64-linux-gnu/libdl-2.23.so
7f6aa97f3000-7f6aa97f4000 rw-p 00003000 00:00 239263             /lib/x86_64-linux-gnu/libdl-2.23.so
7f6aa97f4000-7f6aa97f5000 r--s 00006000 00:00 402477             /home/Vraier/.m2/repository/org/sonatype/plexus/plexus-sec-dispatcher/1.3/plexus-sec-dispatcher-1.3.jar
7f6aa97f5000-7f6aa97fa000 r--s 00021000 00:00 402398             /home/Vraier/.m2/repository/org/sonatype/sisu/sisu-inject-bean/1.4.2/sisu-inject-bean-1.4.2.jar
7f6aa97fa000-7f6aa97fc000 r--s 0000e000 00:00 262336             /home/Vraier/.m2/repository/org/apache/maven/plugins/maven-compiler-plugin/3.8.0/maven-compiler-plugin-3.8.0.jar
7f6aa97fc000-7f6aa9800000 r--s 00033000 00:00 401378             /home/Vraier/.m2/repository/org/codehaus/plexus/plexus-utils/2.0.5/plexus-utils-2.0.5.jar
7f6aa9800000-7f6aa9819000 r-xp 00000000 00:00 212958             /lib/x86_64-linux-gnu/libz.so.1.2.8
7f6aa9819000-7f6aa981a000 ---p 00019000 00:00 212958             /lib/x86_64-linux-gnu/libz.so.1.2.8
7f6aa981a000-7f6aa9a18000 ---p 0000001a 00:00 212958             /lib/x86_64-linux-gnu/libz.so.1.2.8
7f6aa9a18000-7f6aa9a19000 r--p 00018000 00:00 212958             /lib/x86_64-linux-gnu/libz.so.1.2.8
7f6aa9a19000-7f6aa9a1a000 rw-p 00019000 00:00 212958             /lib/x86_64-linux-gnu/libz.so.1.2.8
7f6aa9a1a000-7f6aa9a1c000 r--s 0000d000 00:00 401392             /home/Vraier/.m2/repository/org/codehaus/plexus/plexus-interpolation/1.13/plexus-interpolation-1.13.jar
7f6aa9a1c000-7f6aa9a1d000 r--s 00001000 00:00 401390             /home/Vraier/.m2/repository/org/sonatype/plexus/plexus-build-api/0.0.4/plexus-build-api-0.0.4.jar
7f6aa9a1d000-7f6aa9a20000 r--s 0001b000 00:00 390920             /home/Vraier/.m2/repository/junit/junit/3.8.1/junit-3.8.1.jar
7f6aa9a20000-7f6aa9be0000 r-xp 00000000 00:00 239288             /lib/x86_64-linux-gnu/libc-2.23.so
7f6aa9be0000-7f6aa9be9000 ---p 001c0000 00:00 239288             /lib/x86_64-linux-gnu/libc-2.23.so
7f6aa9be9000-7f6aa9de0000 ---p 000001c9 00:00 239288             /lib/x86_64-linux-gnu/libc-2.23.so
7f6aa9de0000-7f6aa9de4000 r--p 001c0000 00:00 239288             /lib/x86_64-linux-gnu/libc-2.23.so
7f6aa9de4000-7f6aa9de6000 rw-p 001c4000 00:00 239288             /lib/x86_64-linux-gnu/libc-2.23.so
7f6aa9de6000-7f6aa9dea000 rw-p 00000000 00:00 0
7f6aa9dea000-7f6aa9dec000 r--s 00009000 00:00 400917             /home/Vraier/.m2/repository/org/apache/maven/shared/maven-filtering/1.1/maven-filtering-1.1.jar
7f6aa9dec000-7f6aa9dee000 r--s 00002000 00:00 401346             /home/Vraier/.m2/repository/org/codehaus/plexus/plexus-interactivity-api/1.0-alpha-4/plexus-interactivity-api-1.0-alpha-4.jar
7f6aa9dee000-7f6aa9df0000 r--s 00006000 00:00 401317             /home/Vraier/.m2/repository/commons-cli/commons-cli/1.0/commons-cli-1.0.jar
7f6aa9df0000-7f6aa9dfd000 r-xp 00000000 00:00 226819             /usr/lib/jvm/java-8-openjdk-amd64/jre/lib/amd64/jli/libjli.so
7f6aa9dfd000-7f6aa9dff000 ---p 0000d000 00:00 226819             /usr/lib/jvm/java-8-openjdk-amd64/jre/lib/amd64/jli/libjli.so
7f6aa9dff000-7f6aa9ffd000 ---p 0000000f 00:00 226819             /usr/lib/jvm/java-8-openjdk-amd64/jre/lib/amd64/jli/libjli.so
7f6aa9ffd000-7f6aa9ffe000 r--p 0000d000 00:00 226819             /usr/lib/jvm/java-8-openjdk-amd64/jre/lib/amd64/jli/libjli.so
7f6aa9ffe000-7f6aa9fff000 rw-p 0000e000 00:00 226819             /usr/lib/jvm/java-8-openjdk-amd64/jre/lib/amd64/jli/libjli.so
7f6aa9fff000-7f6aaa000000 r--s 00001000 00:00 401001             /home/Vraier/.m2/repository/org/apache/maven/doxia/doxia-sink-api/1.0-alpha-7/doxia-sink-api-1.0-alpha-7.jar
7f6aaa000000-7f6aaa025000 r-xp 00000000 00:00 239265             /lib/x86_64-linux-gnu/ld-2.23.so
7f6aaa025000-7f6aaa026000 r-xp 00025000 00:00 239265             /lib/x86_64-linux-gnu/ld-2.23.so
7f6aaa026000-7f6aaa027000 r--s 00002000 00:00 400989             /home/Vraier/.m2/repository/org/apache/maven/reporting/maven-reporting-api/2.0.6/maven-reporting-api-2.0.6.jar
7f6aaa027000-7f6aaa029000 r--s 00006000 00:00 258601             /home/Vraier/.m2/repository/org/apache/maven/plugins/maven-resources-plugin/2.6/maven-resources-plugin-2.6.jar
7f6aaa029000-7f6aaa02e000 r--s 000a0000 00:00 227225             /usr/lib/jvm/java-8-openjdk-amd64/jre/lib/jsse.jar
7f6aaa02e000-7f6aaa030000 r--s 0000a000 00:00 558762             /usr/share/java/wagon-provider-api-2.x.jar
7f6aaa030000-7f6aaa031000 r--s 00001000 00:00 558775             /usr/share/java/wagon-http-shared-2.x.jar
7f6aaa031000-7f6aaa038000 r--s 0002c000 00:00 558733             /usr/share/java/sisu-plexus.jar
7f6aaa038000-7f6aaa040000 r--s 00054000 00:00 558612             /usr/share/java/sisu-inject.jar
7f6aaa040000-7f6aaa0b6000 rw-p 00000000 00:00 0
7f6aaa0b6000-7f6aaa0b7000 r--s 00001000 00:00 558761             /usr/share/java/wagon-file-2.x.jar
7f6aaa0b7000-7f6aaa0b8000 r--s 00002000 00:00 549714             /usr/share/java/slf4j-simple.jar
7f6aaa0b8000-7f6aaa0ba000 r--s 00007000 00:00 549723             /usr/share/java/slf4j-api.jar
7f6aaa0ba000-7f6aaa0be000 r--s 00038000 00:00 558222             /usr/share/java/plexus-utils2.jar
7f6aaa0be000-7f6aaa0c0000 r--s 0000e000 00:00 540299             /usr/share/java/plexus-interpolation.jar
7f6aaa0c0000-7f6aaa11b000 rw-p 00000000 00:00 0
7f6aaa11b000-7f6aaa120000 r--s 00025000 00:00 558950             /usr/share/java/maven3-model-builder-3.3.9.jar
7f6aaa120000-7f6aaa123000 ---p 00000000 00:00 0
7f6aaa123000-7f6aaa221000 rw-p 00000000 00:00 0
7f6aaa221000-7f6aaa223000 r--s 00000000 00:00 558251             /usr/share/java/plexus-component-annotations-1.5.jar
7f6aaa223000-7f6aaa225000 r--s 00002000 00:00 557788             /usr/share/java/plexus-cipher.jar
7f6aaa225000-7f6aaa226000 r--p 00025000 00:00 239265             /lib/x86_64-linux-gnu/ld-2.23.so
7f6aaa226000-7f6aaa227000 rw-p 00026000 00:00 239265             /lib/x86_64-linux-gnu/ld-2.23.so
7f6aaa227000-7f6aaa228000 rw-p 00000000 00:00 0
7f6aaa228000-7f6aaa229000 r--s 00006000 00:00 557852             /usr/share/java/plexus-sec-dispatcher.jar
7f6aaa229000-7f6aaa22c000 r--s 00007000 00:00 558945             /usr/share/java/maven3-settings-builder-3.3.9.jar
7f6aaa22c000-7f6aaa239000 r--s 0008d000 00:00 558938             /usr/share/java/maven3-core-3.3.9.jar
7f6aaa239000-7f6aaa240000 r--s 00041000 00:00 558936             /usr/share/java/maven3-compat-3.3.9.jar
7f6aaa240000-7f6aaa268000 rw-p 00000000 00:00 0
7f6aaa268000-7f6aaa26a000 r--s 0000a000 00:00 558934             /usr/share/java/maven3-plugin-api-3.3.9.jar
7f6aaa26a000-7f6aaa26c000 r--s 00027000 00:00 558764             /usr/share/java/maven3-model-3.3.9.jar
7f6aaa26c000-7f6aaa26e000 r--s 00013000 00:00 558763             /usr/share/java/maven3-embedder-3.3.9.jar
7f6aaa26e000-7f6aaa270000 r--s 00001000 00:00 558946             /usr/share/java/maven3-builder-support-3.3.9.jar
7f6aaa270000-7f6aaa284000 rw-p 00000000 00:00 0
7f6aaa284000-7f6aaa285000 r--s 0000a000 00:00 558932             /usr/share/java/maven3-settings-3.3.9.jar
7f6aaa285000-7f6aaa288000 r--s 0000a000 00:00 558948             /usr/share/java/maven3-artifact-3.3.9.jar
7f6aaa288000-7f6aaa28a000 r--s 0000d000 00:00 558942             /usr/share/java/maven3-aether-provider-3.3.9.jar
7f6aaa28a000-7f6aaa290000 r--s 00048000 00:00 550040             /usr/share/java/jsoup.jar
7f6aaa290000-7f6aaa291000 rw-p 00000000 00:00 0
7f6aaa291000-7f6aaa292000 r--s 00006000 00:00 558940             /usr/share/java/maven3-repository-metadata-3.3.9.jar
7f6aaa292000-7f6aaa2a0000 r--s 00095000 00:00 550534             /usr/share/java/guice.jar
7f6aaa2a0000-7f6aaa2a1000 r--p 00000000 00:00 0
7f6aaa2a1000-7f6aaa2a5000 r--s 00020000 00:00 550411             /usr/share/java/eclipse-aether-util.jar
7f6aaa2a5000-7f6aaa2a7000 r--s 00005000 00:00 550409             /usr/share/java/eclipse-aether-transport-wagon.jar
7f6aaa2a7000-7f6aaa2ab000 r--s 00027000 00:00 550403             /usr/share/java/eclipse-aether-impl.jar
7f6aaa2ab000-7f6aaa2b0000 r--s 0001d000 00:00 550410             /usr/share/java/eclipse-aether-api.jar
7f6aaa2b0000-7f6aaa2b1000 rw-p 00000000 00:00 0
7f6aaa2b1000-7f6aaa2b2000 r--s 00004000 00:00 490055             /usr/share/java/atinject-jsr330-tck-1.0.jar
7f6aaa2b2000-7f6aaa2b4000 r--s 00006000 00:00 550408             /usr/share/java/eclipse-aether-spi.jar
7f6aaa2b4000-7f6aaa2bb000 r--s 0005d000 00:00 494935             /usr/share/java/commons-lang3.jar
7f6aaa2bb000-7f6aaa2c0000 r--s 00040000 00:00 494237             /usr/share/java/commons-lang-2.6.jar
7f6aaa2c0000-7f6aaa2c1000 rw-p 00000000 00:00 0
7f6aaa2c1000-7f6aaa2c2000 r--s 00008000 00:00 550406             /usr/share/java/eclipse-aether-connector-basic.jar
7f6aaa2c2000-7f6aaa2c6000 r--s 00027000 00:00 493617             /usr/share/java/commons-io-2.4.jar
7f6aaa2c6000-7f6aaa2c8000 r--s 0000a000 00:00 490238             /usr/share/java/commons-cli-1.3.1.jar
7f6aaa2c8000-7f6aaa2c9000 r--s 00000000 00:00 490101             /usr/share/java/geronimo-interceptor-3.0-spec-1.0.1.jar
7f6aaa2c9000-7f6aaa2cb000 r--s 00012000 00:00 490147             /usr/share/java/el-api-3.0.jar
7f6aaa2cb000-7f6aaa2ce000 r--s 00008000 00:00 490158             /usr/share/java/cdi-api-1.0.jar
7f6aaa2ce000-7f6aaa2d0000 r--s 00001000 00:00 550522             /usr/share/java/aopalliance-1.0.jar
7f6aaa2d0000-7f6aaa2d1000 rw-p 00000000 00:00 0
7f6aaa2d1000-7f6aaa2d2000 r--s 00000000 00:00 490056             /usr/share/java/atinject-jsr330-api-1.0.jar
7f6aaa2d2000-7f6aaa2d4000 r--s 0000a000 00:00 558203             /usr/share/java/plexus-classworlds2-2.5.2.jar
7f6aaa2d4000-7f6aaa2d5000 r--s 00010000 00:00 179808             /usr/lib/jvm/java-8-openjdk-amd64/jre/lib/ext/zipfs.jar
7f6aaa2d5000-7f6aaa2d8000 r--s 00038000 00:00 179806             /usr/lib/jvm/java-8-openjdk-amd64/jre/lib/ext/sunpkcs11.jar
7f6aaa2d8000-7f6aaa2de000 r--s 0003b000 00:00 204768             /usr/lib/jvm/java-8-openjdk-amd64/jre/lib/ext/sunjce_provider.jar
7f6aaa2de000-7f6aaa2e0000 r--s 00008000 00:00 179807             /usr/lib/jvm/java-8-openjdk-amd64/jre/lib/ext/sunec.jar
7f6aaa2e0000-7f6aaa2e1000 rw-p 00000000 00:00 0
7f6aaa2e1000-7f6aaa2eb000 r--s 00116000 00:00 205140             /usr/lib/jvm/java-8-openjdk-amd64/jre/lib/ext/localedata.jar
7f6aaa2eb000-7f6aaa2ee000 r--s 0000f000 00:00 205131             /usr/lib/jvm/java-8-openjdk-amd64/jre/lib/ext/icedtea-sound.jar
7f6aaa2ee000-7f6aaa2f0000 r--s 00001000 00:00 179810             /usr/lib/jvm/java-8-openjdk-amd64/jre/lib/ext/dnsns.jar
7f6aaa2f0000-7f6aaa2f1000 rw-p 00000000 00:00 0
7f6aaa2f1000-7f6aaa2f2000 r--s 0000a000 00:00 200565             /usr/lib/jvm/java-8-openjdk-amd64/jre/lib/ext/jaccess.jar
7f6aaa2f2000-7f6aaa2fa000 rw-s 00000000 00:00 3886               /tmp/hsperfdata_Vraier/112
7ffff7809000-7ffff8009000 rw-p 00000000 00:00 0                  [stack]
7ffff87c1000-7ffff87c2000 r-xp 00000000 00:00 0                  [vdso]

VM Arguments:
jvm_args: -Dclassworlds.conf=/usr/share/maven/bin/m2.conf -Dmaven.home=/usr/share/maven -Dmaven.multiModuleProjectDirectory=/mnt/c/Users/jpvdh/Documents/Bachelorarbeit/aquaplanning 
java_command: org.codehaus.plexus.classworlds.launcher.Launcher package
java_class_path (initial): /usr/share/maven/boot/plexus-classworlds-2.x.jar
Launcher Type: SUN_STANDARD

Environment Variables:
JAVA_HOME=/usr/lib/jvm/java-8-openjdk-amd64
PATH=/home/Vraier/bin:/home/Vraier/.local/bin:/usr/local/sbin:/usr/local/bin:/usr/sbin:/usr/bin:/sbin:/bin:/usr/games:/usr/local/games:/mnt/c/Program Files/Haskell Platform/8.4.3/lib/extralibs/bin:/mnt/c/Program Files/Haskell Platform/8.4.3/bin:/mnt/c/Program Files/Python36/Scripts:/mnt/c/Program Files/Python36:/mnt/c/ProgramData/Oracle/Java/javapath_target_15263531:/mnt/c/Windows/System32:/mnt/c/Windows:/mnt/c/Windows/System32/wbem:/mnt/c/Windows/System32/WindowsPowerShell/v1.0:/mnt/c/Program Files/Java/jdk1.8.0_121/bin:/mnt/c/Program Files/MiKTeX 2.9/miktex/bin/x64:/mnt/c/Program Files/Chrome Driver:/mnt/c/Windows/System32/OpenSSH:/mnt/c/Program Files/Microsoft VS Code/bin:/mnt/c/Program Files/Haskell Platform/8.4.3/mingw/bin:/mnt/c/Users/jpvdh/AppData/Roaming/local/bin:/mnt/c/Users/jpvdh/AppData/Local/Microsoft/WindowsApps:/mnt/c/Users/jpvdh/AppData/Local/atom/bin:/mnt/c/Users/jpvdh/AppData/Local/Microsoft/WindowsApps:/mnt/c/Program Files/Microsoft VS Code/bin:/snap/bin
SHELL=/bin/bash
HOSTTYPE=x86_64

Signal Handlers:
SIGSEGV: [libjvm.so+0xa74ca0], sa_mask[0]=11111111111111111111111111111110, sa_flags=SA_RESTART|SA_SIGINFO
SIGBUS: [libjvm.so+0xa74ca0], sa_mask[0]=11111111111111111111111111111110, sa_flags=SA_RESTART|SA_SIGINFO
SIGFPE: [libjvm.so+0x8bbcf0], sa_mask[0]=11111111111111111111111111111110, sa_flags=SA_RESTART|SA_SIGINFO
SIGPIPE: [libjvm.so+0x8bbcf0], sa_mask[0]=11111111111111111111111111111110, sa_flags=SA_RESTART|SA_SIGINFO
SIGXFSZ: [libjvm.so+0x8bbcf0], sa_mask[0]=11111111111111111111111111111110, sa_flags=SA_RESTART|SA_SIGINFO
SIGILL: [libjvm.so+0x8bbcf0], sa_mask[0]=11111111111111111111111111111110, sa_flags=SA_RESTART|SA_SIGINFO
SIGUSR1: SIG_DFL, sa_mask[0]=00000000000000000000000000000000, sa_flags=none
SIGUSR2: [libjvm.so+0x8bbba0], sa_mask[0]=00000000000000000000000000000000, sa_flags=SA_RESTART|SA_SIGINFO
SIGHUP: [libjvm.so+0x8bc230], sa_mask[0]=11111111111111111111111111111110, sa_flags=SA_RESTART|SA_SIGINFO
SIGINT: [libjvm.so+0x8bc230], sa_mask[0]=11111111111111111111111111111110, sa_flags=SA_RESTART|SA_SIGINFO
SIGTERM: [libjvm.so+0x8bc230], sa_mask[0]=11111111111111111111111111111110, sa_flags=SA_RESTART|SA_SIGINFO
SIGQUIT: [libjvm.so+0x8bc230], sa_mask[0]=11111111111111111111111111111110, sa_flags=SA_RESTART|SA_SIGINFO


---------------  S Y S T E M  ---------------

OS:DISTRIB_ID=Ubuntu
DISTRIB_RELEASE=16.04
DISTRIB_CODENAME=xenial
DISTRIB_DESCRIPTION="Ubuntu 16.04.6 LTS"

uname:Linux 4.4.0-17134-Microsoft #706-Microsoft Mon Apr 01 18:13:00 PST 2019 x86_64
libc:glibc 2.23 NPTL 2.23 
rlimit: STACK 8192k, CORE 0k, NPROC 7823, NOFILE 65536, AS infinity
load average:0.52 0.58 0.59

/proc/meminfo:
MemTotal:        4117772 kB
MemFree:          391628 kB
Buffers:           34032 kB
Cached:           188576 kB
SwapCached:            0 kB
Active:           167556 kB
Inactive:         157876 kB
Active(anon):     103104 kB
Inactive(anon):    17440 kB
Active(file):      64452 kB
Inactive(file):   140436 kB
Unevictable:           0 kB
Mlocked:               0 kB
SwapTotal:       1431552 kB
SwapFree:        1304220 kB
Dirty:                 0 kB
Writeback:             0 kB
AnonPages:        102824 kB
Mapped:            71404 kB
Shmem:             17720 kB
Slab:              13868 kB
SReclaimable:       6744 kB
SUnreclaim:         7124 kB
KernelStack:        2848 kB
PageTables:         2524 kB
NFS_Unstable:          0 kB
Bounce:                0 kB
WritebackTmp:          0 kB
CommitLimit:      515524 kB
Committed_AS:    3450064 kB
VmallocTotal:     122880 kB
VmallocUsed:       21296 kB
VmallocChunk:      66044 kB
HardwareCorrupted:     0 kB
AnonHugePages:      2048 kB
HugePages_Total:       0
HugePages_Free:        0
HugePages_Rsvd:        0
HugePages_Surp:        0
Hugepagesize:       2048 kB
DirectMap4k:       12280 kB
DirectMap4M:      897024 kB


CPU:total 4 (initial active 4) (2 cores per cpu, 2 threads per core) family 6 model 78 stepping 3, cmov, cx8, fxsr, mmx, sse, sse2, sse3, ssse3, sse4.1, sse4.2, popcnt, avx, avx2, aes, clmul, erms, 3dnowpref, lzcnt, ht, tsc, tscinvbit, bmi1, bmi2, adx

/proc/cpuinfo:
processor	: 0
vendor_id	: GenuineIntel
cpu family	: 6
model		: 78
model name	: Intel(R) Core(TM) m3-6Y30 CPU @ 0.90GHz
stepping	: 3
microcode	: 0xffffffff
cpu MHz		: 1512.000
cache size	: 256 KB
physical id	: 0
siblings	: 4
core id		: 0
cpu cores	: 2
apicid		: 0
initial apicid	: 0
fpu		: yes
fpu_exception	: yes
cpuid level	: 6
wp		: yes
flags		: fpu vme de pse tsc msr pae mce cx8 apic sep mtrr pge mca cmov pat pse36 clflush dts acpi mmx fxsr sse sse2 ss ht tm pbe syscall nx pdpe1gb rdtscp lm pni pclmulqdq dtes64 monitor ds_cpl vmx est tm2 ssse3 fma cx16 xtpr pdcm pcid sse4_1 sse4_2 x2apic movbe popcnt tsc_deadline_timer aes xsave osxsave avx f16c rdrand
bogomips	: 3024.00
clflush size	: 64
cache_alignment	: 64
address sizes	: 36 bits physical, 48 bits virtual
power management:

processor	: 1
vendor_id	: GenuineIntel
cpu family	: 6
model		: 78
model name	: Intel(R) Core(TM) m3-6Y30 CPU @ 0.90GHz
stepping	: 3
microcode	: 0xffffffff
cpu MHz		: 1512.000
cache size	: 256 KB
physical id	: 0
siblings	: 4
core id		: 0
cpu cores	: 2
apicid		: 0
initial apicid	: 0
fpu		: yes
fpu_exception	: yes
cpuid level	: 6
wp		: yes
flags		: fpu vme de pse tsc msr pae mce cx8 apic sep mtrr pge mca cmov pat pse36 clflush dts acpi mmx fxsr sse sse2 ss ht tm pbe syscall nx pdpe1gb rdtscp lm pni pclmulqdq dtes64 monitor ds_cpl vmx est tm2 ssse3 fma cx16 xtpr pdcm pcid sse4_1 sse4_2 x2apic movbe popcnt tsc_deadline_timer aes xsave osxsave avx f16c rdrand
bogomips	: 3024.00
clflush size	: 64
cache_alignment	: 64
address sizes	: 36 bits physical, 48 bits virtual
power management:

processor	: 2
vendor_id	: GenuineIntel
cpu family	: 6
model		: 78
model name	: Intel(R) Core(TM) m3-6Y30 CPU @ 0.90GHz
stepping	: 3
microcode	: 0xffffffff
cpu MHz		: 1512.000
cache size	: 256 KB
physical id	: 0
siblings	: 4
core id		: 1
cpu cores	: 2
apicid		: 0
initial apicid	: 0
fpu		: yes
fpu_exception	: yes
cpuid level	: 6
wp		: yes
flags		: fpu vme de pse tsc msr pae mce cx8 apic sep mtrr pge mca cmov pat pse36 clflush dts acpi mmx fxsr sse sse2 ss ht tm pbe syscall nx pdpe1gb rdtscp lm pni pclmulqdq dtes64 monitor ds_cpl vmx est tm2 ssse3 fma cx16 xtpr pdcm pcid sse4_1 sse4_2 x2apic movbe popcnt tsc_deadline_timer aes xsave osxsave avx f16c rdrand
bogomips	: 3024.00
clflush size	: 64
cache_alignment	: 64
address sizes	: 36 bits physical, 48 bits virtual
power management:

processor	: 3
vendor_id	: GenuineIntel
cpu family	: 6
model		: 78
model name	: Intel(R) Core(TM) m3-6Y30 CPU @ 0.90GHz
stepping	: 3
microcode	: 0xffffffff
cpu MHz		: 1512.000
cache size	: 256 KB
physical id	: 0
siblings	: 4
core id		: 1
cpu cores	: 2
apicid		: 0
initial apicid	: 0
fpu		: yes
fpu_exception	: yes
cpuid level	: 6
wp		: yes
flags		: fpu vme de pse tsc msr pae mce cx8 apic sep mtrr pge mca cmov pat pse36 clflush dts acpi mmx fxsr sse sse2 ss ht tm pbe syscall nx pdpe1gb rdtscp lm pni pclmulqdq dtes64 monitor ds_cpl vmx est tm2 ssse3 fma cx16 xtpr pdcm pcid sse4_1 sse4_2 x2apic movbe popcnt tsc_deadline_timer aes xsave osxsave avx f16c rdrand
bogomips	: 3024.00
clflush size	: 64
cache_alignment	: 64
address sizes	: 36 bits physical, 48 bits virtual
power management:



Memory: 4k page, physical 4117772k(391636k free), swap 1431552k(1304220k free)

vm_info: OpenJDK 64-Bit Server VM (25.191-b12) for linux-amd64 JRE (1.8.0_191-8u191-b12-2ubuntu0.16.04.1-b12), built on Jan 14 2019 21:59:52 by "buildd" with gcc 5.4.0 20160609

time: Mon Jun  3 18:50:35 2019
elapsed time: 11 seconds (0d 0h 0m 11s)

